Log file open, 11/19/19 13:37:06
LogWindows: Failed to load 'aqProf.dll' (GetLastError=126)
LogWindows: File 'aqProf.dll' does not exist
LogWindows: Failed to load 'VtuneApi.dll' (GetLastError=126)
LogWindows: File 'VtuneApi.dll' does not exist
LogWindows: Failed to load 'VtuneApi32e.dll' (GetLastError=126)
LogWindows: File 'VtuneApi32e.dll' does not exist
LogConsoleResponse: Display: Failed to find resolution value strings in scalability ini. Falling back to default.
LogInit: Display: Running engine for game: sidescrolling_action
LogPakFile: Registered encryption key '00000000000000000000000000000000': 0 pak files mounted, 0 remain pending
LogPlatformFile: Not using cached read wrapper
LogTaskGraph: Started task graph with 5 named threads and 11 total threads with 3 sets of task threads.
LogStats: Stats thread started at 0.630409
LogD3D11RHI: Loaded GFSDK_Aftermath_Lib.x64.dll
LogICUInternationalization: ICU TimeZone Detection - Raw Offset: -6:00, Platform Override: ''
LogPluginManager: Mounting plugin Paper2D
LogPluginManager: Mounting plugin AISupport
LogPluginManager: Mounting plugin LightPropagationVolume
LogPluginManager: Mounting plugin ActorLayerUtilities
LogPluginManager: Mounting plugin AnimationSharing
LogPluginManager: Mounting plugin CLionSourceCodeAccess
LogPluginManager: Mounting plugin CodeLiteSourceCodeAccess
LogPluginManager: Mounting plugin GitSourceControl
LogPluginManager: Mounting plugin KDevelopSourceCodeAccess
LogPluginManager: Mounting plugin NullSourceCodeAccess
LogPluginManager: Mounting plugin PerforceSourceControl
LogPluginManager: Mounting plugin SubversionSourceControl
LogPluginManager: Mounting plugin UObjectPlugin
LogPluginManager: Mounting plugin VisualStudioCodeSourceCodeAccess
LogPluginManager: Mounting plugin VisualStudioSourceCodeAccess
LogPluginManager: Mounting plugin XCodeSourceCodeAccess
LogPluginManager: Mounting plugin AssetManagerEditor
LogPluginManager: Mounting plugin CryptoKeys
LogPluginManager: Mounting plugin DataValidation
LogPluginManager: Mounting plugin FacialAnimation
LogPluginManager: Mounting plugin GameplayTagsEditor
LogPluginManager: Mounting plugin MacGraphicsSwitching
LogPluginManager: Mounting plugin MaterialAnalyzer
LogPluginManager: Mounting plugin MobileLauncherProfileWizard
LogPluginManager: Mounting plugin PluginBrowser
LogPluginManager: Mounting plugin SpeedTreeImporter
LogPluginManager: Mounting plugin DatasmithContent
LogPluginManager: Mounting plugin VariantManagerContent
LogPluginManager: Mounting plugin AlembicImporter
LogPluginManager: Mounting plugin AppleImageUtils
LogPluginManager: Mounting plugin AppleVision
LogPluginManager: Mounting plugin BackChannel
LogPluginManager: Mounting plugin CharacterAI
LogPluginManager: Mounting plugin GeometryCache
LogPluginManager: Mounting plugin HTML5Networking
LogPluginManager: Mounting plugin ProxyLODPlugin
LogPluginManager: Mounting plugin SkeletalReduction
LogPluginManager: Mounting plugin MagicLeap
LogPluginManager: Mounting plugin MagicLeapMedia
LogPluginManager: Mounting plugin AndroidMedia
LogPluginManager: Mounting plugin AvfMedia
LogPluginManager: Mounting plugin ImgMedia
LogPluginManager: Mounting plugin LinearTimecode
LogPluginManager: Mounting plugin MediaCompositing
LogPluginManager: Mounting plugin MediaPlayerEditor
LogPluginManager: Mounting plugin WebMMedia
LogPluginManager: Mounting plugin WmfMedia
LogPluginManager: Mounting plugin TcpMessaging
LogPluginManager: Mounting plugin UdpMessaging
LogPluginManager: Mounting plugin ActorSequence
LogPluginManager: Mounting plugin LevelSequenceEditor
LogPluginManager: Mounting plugin MatineeToLevelSequence
LogPluginManager: Mounting plugin NetcodeUnitTest
LogPluginManager: Mounting plugin NUTUnrealEngine4
LogPluginManager: Mounting plugin OnlineSubsystemGooglePlay
LogPluginManager: Mounting plugin OnlineSubsystemIOS
LogPluginManager: Mounting plugin OnlineSubsystem
LogPluginManager: Mounting plugin OnlineSubsystemNull
LogPluginManager: Mounting plugin OnlineSubsystemUtils
LogPluginManager: Mounting plugin LauncherChunkInstaller
LogPluginManager: Mounting plugin AndroidDeviceProfileSelector
LogPluginManager: Mounting plugin AndroidMoviePlayer
LogPluginManager: Mounting plugin AndroidPermission
LogPluginManager: Mounting plugin AppleMoviePlayer
LogPluginManager: Mounting plugin ArchVisCharacter
LogPluginManager: Mounting plugin AudioCapture
LogPluginManager: Mounting plugin CableComponent
LogPluginManager: Mounting plugin CustomMeshComponent
LogPluginManager: Mounting plugin EditableMesh
LogPluginManager: Mounting plugin ExampleDeviceProfileSelector
LogPluginManager: Mounting plugin Firebase
LogPluginManager: Mounting plugin GoogleCloudMessaging
LogPluginManager: Mounting plugin IOSDeviceProfileSelector
LogPluginManager: Mounting plugin LinuxDeviceProfileSelector
LogPluginManager: Mounting plugin LocationServicesBPLibrary
LogPluginManager: Mounting plugin MobilePatchingUtils
LogPluginManager: Mounting plugin OculusVR
LogPluginManager: Mounting plugin PhysXVehicles
LogPluginManager: Mounting plugin ProceduralMeshComponent
LogPluginManager: Mounting plugin RuntimePhysXCooking
LogPluginManager: Mounting plugin SignificanceManager
LogPluginManager: Mounting plugin SteamVR
LogPluginManager: Mounting plugin WebMMoviePlayer
LogPluginManager: Mounting plugin WindowsMoviePlayer
LogInit: Using libcurl 7.55.1-DEV
LogInit:  - built for x86_64-pc-win32
LogInit:  - supports SSL with OpenSSL/1.1.1
LogInit:  - supports HTTP deflate (compression) using libz 1.2.8
LogInit:  - other features:
LogInit:      CURL_VERSION_SSL
LogInit:      CURL_VERSION_LIBZ
LogInit:      CURL_VERSION_IPV6
LogInit:      CURL_VERSION_ASYNCHDNS
LogInit:      CURL_VERSION_LARGEFILE
LogInit:      CURL_VERSION_IDN
LogInit:  CurlRequestOptions (configurable via config and command line):
LogInit:  - bVerifyPeer = true  - Libcurl will verify peer certificate
LogInit:  - bUseHttpProxy = false  - Libcurl will NOT use HTTP proxy
LogInit:  - bDontReuseConnections = false  - Libcurl will reuse connections
LogInit:  - MaxHostConnections = 16  - Libcurl will limit the number of connections to a host
LogInit:  - LocalHostAddr = Default
LogInit:  - BufferSize = 65536
LogInit: WinSock: version 1.1 (2.2), MaxSocks=32767, MaxUdp=65467
LogInit: Build: ++UE4+Release-4.22-CL-7053642
LogInit: Engine Version: 4.22.3-7053642+++UE4+Release-4.22
LogInit: Compatible Engine Version: 4.22.0-5660361+++UE4+Release-4.22
LogInit: Net CL: 5660361
LogInit: OS: Windows 10 (Release 1903) (), CPU: Intel(R) Core(TM) i5-7200U CPU @ 2.50GHz, GPU: Intel(R) HD Graphics 620
LogInit: Compiled (64-bit): Jun 18 2019 03:09:11
LogInit: Compiled with Visual C++: 19.16.27025.01
LogInit: Build Configuration: Development
LogInit: Branch Name: ++UE4+Release-4.22
LogInit: Command Line:  -skipcompile
LogInit: Base Directory: C:/Program Files/Epic Games/UE_4.22/Engine/Binaries/Win64/
LogInit: Installed Engine Build: 1
LogDevObjectVersion: Number of dev versions registered: 23
LogDevObjectVersion:   Dev-Blueprints (B0D832E4-1F89-4F0D-ACCF-7EB736FD4AA2): 10
LogDevObjectVersion:   Dev-Build (E1C64328-A22C-4D53-A36C-8E866417BD8C): 0
LogDevObjectVersion:   Dev-Core (375EC13C-06E4-48FB-B500-84F0262A717E): 3
LogDevObjectVersion:   Dev-Editor (E4B068ED-F494-42E9-A231-DA0B2E46BB41): 30
LogDevObjectVersion:   Dev-Framework (CFFC743F-43B0-4480-9391-14DF171D2073): 35
LogDevObjectVersion:   Dev-Mobile (B02B49B5-BB20-44E9-A304-32B752E40360): 2
LogDevObjectVersion:   Dev-Networking (A4E4105C-59A1-49B5-A7C5-40C4547EDFEE): 0
LogDevObjectVersion:   Dev-Online (39C831C9-5AE6-47DC-9A44-9C173E1C8E7C): 0
LogDevObjectVersion:   Dev-Physics (78F01B33-EBEA-4F98-B9B4-84EACCB95AA2): 0
LogDevObjectVersion:   Dev-Platform (6631380F-2D4D-43E0-8009-CF276956A95A): 0
LogDevObjectVersion:   Dev-Rendering (12F88B9F-8875-4AFC-A67C-D90C383ABD29): 28
LogDevObjectVersion:   Dev-Sequencer (7B5AE74C-D270-4C10-A958-57980B212A5A): 11
LogDevObjectVersion:   Dev-VR (D7296918-1DD6-4BDD-9DE2-64A83CC13884): 2
LogDevObjectVersion:   Dev-LoadTimes (C2A15278-BFE7-4AFE-6C17-90FF531DF755): 1
LogDevObjectVersion:   Private-Geometry (6EACA3D4-40EC-4CC1-B786-8BED09428FC5): 3
LogDevObjectVersion:   Dev-AnimPhys (29E575DD-E0A3-4627-9D10-D276232CDCEA): 17
LogDevObjectVersion:   Dev-Anim (AF43A65D-7FD3-4947-9873-3E8ED9C1BB05): 2
LogDevObjectVersion:   Dev-ReflectionCapture (6B266CEC-1EC7-4B8F-A30B-E4D90942FC07): 1
LogDevObjectVersion:   Dev-Automation (0DF73D61-A23F-47EA-B727-89E90C41499A): 1
LogDevObjectVersion:   FortniteMain (601D1886-AC64-4F84-AA16-D3DE0DEAC7D6): 25
LogDevObjectVersion:   Dev-Enterprise (9DFFBCD6-494F-0158-E221-12823C92A888): 6
LogDevObjectVersion:   Dev-Niagara (F2AED0AC-9AFE-416F-8664-AA7FFA26D6FC): 1
LogDevObjectVersion:   Dev-Destruction (174F1F0B-B4C6-45A5-B13F-2EE8D0FB917D): 2
LogInit: Presizing for max 16777216 objects, including 0 objects not considered by GC, pre-allocating 0 bytes for permanent pool.
LogInit: Object subsystem initialized
LogConfig: Setting CVar [[con.DebugEarlyDefault:1]]
LogConfig: Setting CVar [[r.setres:1280x720]]
[2019.11.19-19.37.07:449][  0]LogConfig: Setting CVar [[r.VSync:0]]
[2019.11.19-19.37.07:449][  0]LogConfig: Setting CVar [[r.RHICmdBypass:0]]
[2019.11.19-19.37.07:450][  0]LogConfig: Applying CVar settings from Section [/Script/Engine.RendererSettings] File [C:/Users/Angel/Documents/Unreal Projects/AD_samplegame_UE4/sidescrolling_action/Saved/Config/Windows/Engine.ini]
[2019.11.19-19.37.07:450][  0]LogConfig: Setting CVar [[r.GPUCrashDebugging:0]]
[2019.11.19-19.37.07:450][  0]LogConfig: Applying CVar settings from Section [/Script/Engine.RendererOverrideSettings] File [C:/Users/Angel/Documents/Unreal Projects/AD_samplegame_UE4/sidescrolling_action/Saved/Config/Windows/Engine.ini]
[2019.11.19-19.37.07:450][  0]LogConfig: Applying CVar settings from Section [/Script/Engine.StreamingSettings] File [C:/Users/Angel/Documents/Unreal Projects/AD_samplegame_UE4/sidescrolling_action/Saved/Config/Windows/Engine.ini]
[2019.11.19-19.37.07:450][  0]LogConfig: Setting CVar [[s.MinBulkDataSizeForAsyncLoading:131072]]
[2019.11.19-19.37.07:450][  0]LogConfig: Setting CVar [[s.AsyncLoadingThreadEnabled:0]]
[2019.11.19-19.37.07:450][  0]LogConfig: Setting CVar [[s.EventDrivenLoaderEnabled:1]]
[2019.11.19-19.37.07:450][  0]LogConfig: Setting CVar [[s.WarnIfTimeLimitExceeded:0]]
[2019.11.19-19.37.07:450][  0]LogConfig: Setting CVar [[s.TimeLimitExceededMultiplier:1.5]]
[2019.11.19-19.37.07:450][  0]LogConfig: Setting CVar [[s.TimeLimitExceededMinTime:0.005]]
[2019.11.19-19.37.07:450][  0]LogConfig: Setting CVar [[s.UseBackgroundLevelStreaming:1]]
[2019.11.19-19.37.07:451][  0]LogConfig: Setting CVar [[s.PriorityAsyncLoadingExtraTime:15.0]]
[2019.11.19-19.37.07:451][  0]LogConfig: Setting CVar [[s.LevelStreamingActorsUpdateTimeLimit:5.0]]
[2019.11.19-19.37.07:451][  0]LogConfig: Setting CVar [[s.PriorityLevelStreamingActorsUpdateExtraTime:5.0]]
[2019.11.19-19.37.07:451][  0]LogConfig: Setting CVar [[s.LevelStreamingComponentsRegistrationGranularity:10]]
[2019.11.19-19.37.07:451][  0]LogConfig: Setting CVar [[s.UnregisterComponentsTimeLimit:1.0]]
[2019.11.19-19.37.07:451][  0]LogConfig: Setting CVar [[s.LevelStreamingComponentsUnregistrationGranularity:5]]
[2019.11.19-19.37.07:451][  0]LogConfig: Applying CVar settings from Section [/Script/Engine.GarbageCollectionSettings] File [C:/Users/Angel/Documents/Unreal Projects/AD_samplegame_UE4/sidescrolling_action/Saved/Config/Windows/Engine.ini]
[2019.11.19-19.37.07:451][  0]LogConfig: Setting CVar [[gc.MaxObjectsNotConsideredByGC:1]]
[2019.11.19-19.37.07:451][  0]LogConfig: Setting CVar [[gc.SizeOfPermanentObjectPool:0]]
[2019.11.19-19.37.07:451][  0]LogConfig: Setting CVar [[gc.FlushStreamingOnGC:0]]
[2019.11.19-19.37.07:451][  0]LogConfig: Setting CVar [[gc.NumRetriesBeforeForcingGC:10]]
[2019.11.19-19.37.07:451][  0]LogConfig: Setting CVar [[gc.AllowParallelGC:1]]
[2019.11.19-19.37.07:451][  0]LogConfig: Setting CVar [[gc.TimeBetweenPurgingPendingKillObjects:61.1]]
[2019.11.19-19.37.07:451][  0]LogConfig: Setting CVar [[gc.MaxObjectsInEditor:16777216]]
[2019.11.19-19.37.07:451][  0]LogConfig: Setting CVar [[gc.IncrementalBeginDestroyEnabled:1]]
[2019.11.19-19.37.07:451][  0]LogConfig: Setting CVar [[gc.CreateGCClusters:1]]
[2019.11.19-19.37.07:451][  0]LogConfig: Setting CVar [[gc.MinGCClusterSize:5]]
[2019.11.19-19.37.07:451][  0]LogConfig: Setting CVar [[gc.ActorClusteringEnabled:0]]
[2019.11.19-19.37.07:451][  0]LogConfig: Setting CVar [[gc.BlueprintClusteringEnabled:0]]
[2019.11.19-19.37.07:451][  0]LogConfig: Setting CVar [[gc.UseDisregardForGCOnDedicatedServers:0]]
[2019.11.19-19.37.07:451][  0]LogConfig: Applying CVar settings from Section [/Script/Engine.NetworkSettings] File [C:/Users/Angel/Documents/Unreal Projects/AD_samplegame_UE4/sidescrolling_action/Saved/Config/Windows/Engine.ini]
[2019.11.19-19.37.07:452][  0]LogConfig: Applying CVar settings from Section [/Script/UnrealEd.CookerSettings] File [C:/Users/Angel/Documents/Unreal Projects/AD_samplegame_UE4/sidescrolling_action/Saved/Config/Windows/Engine.ini]
[2019.11.19-19.37.07:476][  0]LogConfig: Applying CVar settings from Section [ViewDistanceQuality@3] File [C:/Users/Angel/Documents/Unreal Projects/AD_samplegame_UE4/sidescrolling_action/Saved/Config/Windows/Scalability.ini]
[2019.11.19-19.37.07:478][  0]LogConfig: Setting CVar [[r.SkeletalMeshLODBias:0]]
[2019.11.19-19.37.07:478][  0]LogConfig: Setting CVar [[r.ViewDistanceScale:1.0]]
[2019.11.19-19.37.07:478][  0]LogConfig: Applying CVar settings from Section [AntiAliasingQuality@3] File [C:/Users/Angel/Documents/Unreal Projects/AD_samplegame_UE4/sidescrolling_action/Saved/Config/Windows/Scalability.ini]
[2019.11.19-19.37.07:478][  0]LogConfig: Setting CVar [[r.PostProcessAAQuality:4]]
[2019.11.19-19.37.07:479][  0]LogConfig: Applying CVar settings from Section [ShadowQuality@3] File [C:/Users/Angel/Documents/Unreal Projects/AD_samplegame_UE4/sidescrolling_action/Saved/Config/Windows/Scalability.ini]
[2019.11.19-19.37.07:479][  0]LogConfig: Setting CVar [[r.LightFunctionQuality:1]]
[2019.11.19-19.37.07:479][  0]LogConfig: Setting CVar [[r.ShadowQuality:5]]
[2019.11.19-19.37.07:479][  0]LogConfig: Setting CVar [[r.Shadow.CSM.MaxCascades:10]]
[2019.11.19-19.37.07:479][  0]LogConfig: Setting CVar [[r.Shadow.MaxResolution:2048]]
[2019.11.19-19.37.07:479][  0]LogConfig: Setting CVar [[r.Shadow.MaxCSMResolution:2048]]
[2019.11.19-19.37.07:479][  0]LogConfig: Setting CVar [[r.Shadow.RadiusThreshold:0.01]]
[2019.11.19-19.37.07:479][  0]LogConfig: Setting CVar [[r.Shadow.DistanceScale:1.0]]
[2019.11.19-19.37.07:479][  0]LogConfig: Setting CVar [[r.Shadow.CSM.TransitionScale:1.0]]
[2019.11.19-19.37.07:479][  0]LogConfig: Setting CVar [[r.Shadow.PreShadowResolutionFactor:1.0]]
[2019.11.19-19.37.07:479][  0]LogConfig: Setting CVar [[r.DistanceFieldShadowing:1]]
[2019.11.19-19.37.07:480][  0]LogConfig: Setting CVar [[r.DistanceFieldAO:1]]
[2019.11.19-19.37.07:481][  0]LogConfig: Setting CVar [[r.AOQuality:2]]
[2019.11.19-19.37.07:481][  0]LogConfig: Setting CVar [[r.VolumetricFog:1]]
[2019.11.19-19.37.07:481][  0]LogConfig: Setting CVar [[r.VolumetricFog.GridPixelSize:8]]
[2019.11.19-19.37.07:481][  0]LogConfig: Setting CVar [[r.VolumetricFog.GridSizeZ:128]]
[2019.11.19-19.37.07:481][  0]LogConfig: Setting CVar [[r.VolumetricFog.HistoryMissSupersampleCount:4]]
[2019.11.19-19.37.07:481][  0]LogConfig: Setting CVar [[r.LightMaxDrawDistanceScale:1]]
[2019.11.19-19.37.07:481][  0]LogConfig: Setting CVar [[r.CapsuleShadows:1]]
[2019.11.19-19.37.07:481][  0]LogConfig: Applying CVar settings from Section [PostProcessQuality@3] File [C:/Users/Angel/Documents/Unreal Projects/AD_samplegame_UE4/sidescrolling_action/Saved/Config/Windows/Scalability.ini]
[2019.11.19-19.37.07:481][  0]LogConfig: Setting CVar [[r.MotionBlurQuality:4]]
[2019.11.19-19.37.07:481][  0]LogConfig: Setting CVar [[r.AmbientOcclusionMipLevelFactor:0.4]]
[2019.11.19-19.37.07:481][  0]LogConfig: Setting CVar [[r.AmbientOcclusionMaxQuality:100]]
[2019.11.19-19.37.07:481][  0]LogConfig: Setting CVar [[r.AmbientOcclusionLevels:-1]]
[2019.11.19-19.37.07:481][  0]LogConfig: Setting CVar [[r.AmbientOcclusionRadiusScale:1.0]]
[2019.11.19-19.37.07:481][  0]LogConfig: Setting CVar [[r.DepthOfFieldQuality:2]]
[2019.11.19-19.37.07:481][  0]LogConfig: Setting CVar [[r.RenderTargetPoolMin:400]]
[2019.11.19-19.37.07:482][  0]LogConfig: Setting CVar [[r.LensFlareQuality:2]]
[2019.11.19-19.37.07:482][  0]LogConfig: Setting CVar [[r.SceneColorFringeQuality:1]]
[2019.11.19-19.37.07:482][  0]LogConfig: Setting CVar [[r.EyeAdaptationQuality:2]]
[2019.11.19-19.37.07:482][  0]LogConfig: Setting CVar [[r.BloomQuality:5]]
[2019.11.19-19.37.07:482][  0]LogConfig: Setting CVar [[r.FastBlurThreshold:100]]
[2019.11.19-19.37.07:482][  0]LogConfig: Setting CVar [[r.Upscale.Quality:3]]
[2019.11.19-19.37.07:482][  0]LogConfig: Setting CVar [[r.Tonemapper.GrainQuantization:1]]
[2019.11.19-19.37.07:483][  0]LogConfig: Setting CVar [[r.LightShaftQuality:1]]
[2019.11.19-19.37.07:483][  0]LogConfig: Setting CVar [[r.Filter.SizeScale:1]]
[2019.11.19-19.37.07:483][  0]LogConfig: Setting CVar [[r.Tonemapper.Quality:5]]
[2019.11.19-19.37.07:483][  0]LogConfig: Setting CVar [[r.DOF.Gather.AccumulatorQuality:1        ; higher gathering accumulator quality]]
[2019.11.19-19.37.07:483][  0]LogConfig: Setting CVar [[r.DOF.Gather.PostfilterMethod:1          ; Median3x3 postfilering method]]
[2019.11.19-19.37.07:483][  0]LogConfig: Setting CVar [[r.DOF.Gather.EnableBokehSettings:0       ; no bokeh simulation when gathering]]
[2019.11.19-19.37.07:483][  0]LogConfig: Setting CVar [[r.DOF.Gather.RingCount:4                 ; medium number of samples when gathering]]
[2019.11.19-19.37.07:483][  0]LogConfig: Setting CVar [[r.DOF.Scatter.ForegroundCompositing:1    ; additive foreground scattering]]
[2019.11.19-19.37.07:483][  0]LogConfig: Setting CVar [[r.DOF.Scatter.BackgroundCompositing:2    ; additive background scattering]]
[2019.11.19-19.37.07:483][  0]LogConfig: Setting CVar [[r.DOF.Scatter.EnableBokehSettings:1      ; bokeh simulation when scattering]]
[2019.11.19-19.37.07:483][  0]LogConfig: Setting CVar [[r.DOF.Scatter.MaxSpriteRatio:0.1         ; only a maximum of 10% of scattered bokeh]]
[2019.11.19-19.37.07:483][  0]LogConfig: Setting CVar [[r.DOF.Recombine.Quality:1                ; cheap slight out of focus]]
[2019.11.19-19.37.07:483][  0]LogConfig: Setting CVar [[r.DOF.Recombine.EnableBokehSettings:0    ; no bokeh simulation on slight out of focus]]
[2019.11.19-19.37.07:483][  0]LogConfig: Setting CVar [[r.DOF.TemporalAAQuality:1                ; more stable temporal accumulation]]
[2019.11.19-19.37.07:483][  0]LogConfig: Setting CVar [[r.DOF.Kernel.MaxForegroundRadius:0.025]]
[2019.11.19-19.37.07:483][  0]LogConfig: Setting CVar [[r.DOF.Kernel.MaxBackgroundRadius:0.025]]
[2019.11.19-19.37.07:483][  0]LogConfig: Applying CVar settings from Section [TextureQuality@3] File [C:/Users/Angel/Documents/Unreal Projects/AD_samplegame_UE4/sidescrolling_action/Saved/Config/Windows/Scalability.ini]
[2019.11.19-19.37.07:483][  0]LogConfig: Setting CVar [[r.Streaming.MipBias:0]]
[2019.11.19-19.37.07:483][  0]LogConfig: Setting CVar [[r.Streaming.AmortizeCPUToGPUCopy:0]]
[2019.11.19-19.37.07:484][  0]LogConfig: Setting CVar [[r.Streaming.MaxNumTexturesToStreamPerFrame:0]]
[2019.11.19-19.37.07:484][  0]LogConfig: Setting CVar [[r.Streaming.Boost:1]]
[2019.11.19-19.37.07:484][  0]LogConfig: Setting CVar [[r.MaxAnisotropy:8]]
[2019.11.19-19.37.07:484][  0]LogConfig: Setting CVar [[r.Streaming.LimitPoolSizeToVRAM:0]]
[2019.11.19-19.37.07:484][  0]LogConfig: Setting CVar [[r.Streaming.PoolSize:1000]]
[2019.11.19-19.37.07:484][  0]LogConfig: Setting CVar [[r.Streaming.MaxEffectiveScreenSize:0]]
[2019.11.19-19.37.07:484][  0]LogConfig: Applying CVar settings from Section [EffectsQuality@3] File [C:/Users/Angel/Documents/Unreal Projects/AD_samplegame_UE4/sidescrolling_action/Saved/Config/Windows/Scalability.ini]
[2019.11.19-19.37.07:484][  0]LogConfig: Setting CVar [[r.TranslucencyLightingVolumeDim:64]]
[2019.11.19-19.37.07:484][  0]LogConfig: Setting CVar [[r.RefractionQuality:2]]
[2019.11.19-19.37.07:484][  0]LogConfig: Setting CVar [[r.SSR.Quality:3]]
[2019.11.19-19.37.07:484][  0]LogConfig: Setting CVar [[r.SceneColorFormat:4]]
[2019.11.19-19.37.07:484][  0]LogConfig: Setting CVar [[r.DetailMode:2]]
[2019.11.19-19.37.07:484][  0]LogConfig: Setting CVar [[r.TranslucencyVolumeBlur:1]]
[2019.11.19-19.37.07:484][  0]LogConfig: Setting CVar [[r.MaterialQualityLevel:1 ; High quality]]
[2019.11.19-19.37.07:484][  0]LogConfig: Setting CVar [[r.SSS.Scale:1]]
[2019.11.19-19.37.07:484][  0]LogConfig: Setting CVar [[r.SSS.SampleSet:2]]
[2019.11.19-19.37.07:484][  0]LogConfig: Setting CVar [[r.SSS.Quality:1]]
[2019.11.19-19.37.07:484][  0]LogConfig: Setting CVar [[r.SSS.HalfRes:1]]
[2019.11.19-19.37.07:484][  0]LogConfig: Setting CVar [[r.EmitterSpawnRateScale:1.0]]
[2019.11.19-19.37.07:484][  0]LogConfig: Setting CVar [[r.ParticleLightQuality:2]]
[2019.11.19-19.37.07:485][  0]LogConfig: Applying CVar settings from Section [FoliageQuality@3] File [C:/Users/Angel/Documents/Unreal Projects/AD_samplegame_UE4/sidescrolling_action/Saved/Config/Windows/Scalability.ini]
[2019.11.19-19.37.07:485][  0]LogConfig: Setting CVar [[foliage.DensityScale:1.0]]
[2019.11.19-19.37.07:485][  0]LogConfig: Setting CVar [[grass.DensityScale:1.0]]
[2019.11.19-19.37.07:485][  0]LogInit: Selected Device Profile: [Windows]
[2019.11.19-19.37.07:485][  0]LogInit: Applying CVar settings loaded from the selected device profile: [Windows]
[2019.11.19-19.37.07:533][  0]LogHAL: Display: Platform has ~ 12 GB [12762415104 / 17179869184 / 12], which maps to Larger [LargestMinGB=32, LargerMinGB=12, DefaultMinGB=8, SmallerMinGB=6, SmallestMinGB=0)
[2019.11.19-19.37.07:533][  0]LogConfig: Setting CVar [[r.Vulkan.UseRealUBs:0		; Required until we fix HLR fall-out]]
[2019.11.19-19.37.07:533][  0]LogInit: Going up to parent DeviceProfile []
[2019.11.19-19.37.07:533][  0]LogConfig: Applying CVar settings from Section [ViewDistanceQuality@3] File [C:/Users/Angel/Documents/Unreal Projects/AD_samplegame_UE4/sidescrolling_action/Saved/Config/Windows/Scalability.ini]
[2019.11.19-19.37.07:533][  0]LogConfig: Setting CVar [[r.SkeletalMeshLODBias:0]]
[2019.11.19-19.37.07:533][  0]LogConfig: Setting CVar [[r.ViewDistanceScale:1.0]]
[2019.11.19-19.37.07:533][  0]LogConfig: Applying CVar settings from Section [AntiAliasingQuality@3] File [C:/Users/Angel/Documents/Unreal Projects/AD_samplegame_UE4/sidescrolling_action/Saved/Config/Windows/Scalability.ini]
[2019.11.19-19.37.07:533][  0]LogConfig: Setting CVar [[r.PostProcessAAQuality:4]]
[2019.11.19-19.37.07:534][  0]LogConfig: Applying CVar settings from Section [ShadowQuality@3] File [C:/Users/Angel/Documents/Unreal Projects/AD_samplegame_UE4/sidescrolling_action/Saved/Config/Windows/Scalability.ini]
[2019.11.19-19.37.07:534][  0]LogConfig: Setting CVar [[r.LightFunctionQuality:1]]
[2019.11.19-19.37.07:534][  0]LogConfig: Setting CVar [[r.ShadowQuality:5]]
[2019.11.19-19.37.07:534][  0]LogConfig: Setting CVar [[r.Shadow.CSM.MaxCascades:10]]
[2019.11.19-19.37.07:534][  0]LogConfig: Setting CVar [[r.Shadow.MaxResolution:2048]]
[2019.11.19-19.37.07:534][  0]LogConfig: Setting CVar [[r.Shadow.MaxCSMResolution:2048]]
[2019.11.19-19.37.07:534][  0]LogConfig: Setting CVar [[r.Shadow.RadiusThreshold:0.01]]
[2019.11.19-19.37.07:534][  0]LogConfig: Setting CVar [[r.Shadow.DistanceScale:1.0]]
[2019.11.19-19.37.07:534][  0]LogConfig: Setting CVar [[r.Shadow.CSM.TransitionScale:1.0]]
[2019.11.19-19.37.07:534][  0]LogConfig: Setting CVar [[r.Shadow.PreShadowResolutionFactor:1.0]]
[2019.11.19-19.37.07:534][  0]LogConfig: Setting CVar [[r.DistanceFieldShadowing:1]]
[2019.11.19-19.37.07:534][  0]LogConfig: Setting CVar [[r.DistanceFieldAO:1]]
[2019.11.19-19.37.07:534][  0]LogConfig: Setting CVar [[r.AOQuality:2]]
[2019.11.19-19.37.07:534][  0]LogConfig: Setting CVar [[r.VolumetricFog:1]]
[2019.11.19-19.37.07:535][  0]LogConfig: Setting CVar [[r.VolumetricFog.GridPixelSize:8]]
[2019.11.19-19.37.07:535][  0]LogConfig: Setting CVar [[r.VolumetricFog.GridSizeZ:128]]
[2019.11.19-19.37.07:535][  0]LogConfig: Setting CVar [[r.VolumetricFog.HistoryMissSupersampleCount:4]]
[2019.11.19-19.37.07:535][  0]LogConfig: Setting CVar [[r.LightMaxDrawDistanceScale:1]]
[2019.11.19-19.37.07:535][  0]LogConfig: Setting CVar [[r.CapsuleShadows:1]]
[2019.11.19-19.37.07:535][  0]LogConfig: Applying CVar settings from Section [PostProcessQuality@3] File [C:/Users/Angel/Documents/Unreal Projects/AD_samplegame_UE4/sidescrolling_action/Saved/Config/Windows/Scalability.ini]
[2019.11.19-19.37.07:535][  0]LogConfig: Setting CVar [[r.MotionBlurQuality:4]]
[2019.11.19-19.37.07:535][  0]LogConfig: Setting CVar [[r.AmbientOcclusionMipLevelFactor:0.4]]
[2019.11.19-19.37.07:535][  0]LogConfig: Setting CVar [[r.AmbientOcclusionMaxQuality:100]]
[2019.11.19-19.37.07:535][  0]LogConfig: Setting CVar [[r.AmbientOcclusionLevels:-1]]
[2019.11.19-19.37.07:535][  0]LogConfig: Setting CVar [[r.AmbientOcclusionRadiusScale:1.0]]
[2019.11.19-19.37.07:535][  0]LogConfig: Setting CVar [[r.DepthOfFieldQuality:2]]
[2019.11.19-19.37.07:535][  0]LogConfig: Setting CVar [[r.RenderTargetPoolMin:400]]
[2019.11.19-19.37.07:535][  0]LogConfig: Setting CVar [[r.LensFlareQuality:2]]
[2019.11.19-19.37.07:536][  0]LogConfig: Setting CVar [[r.SceneColorFringeQuality:1]]
[2019.11.19-19.37.07:536][  0]LogConfig: Setting CVar [[r.EyeAdaptationQuality:2]]
[2019.11.19-19.37.07:536][  0]LogConfig: Setting CVar [[r.BloomQuality:5]]
[2019.11.19-19.37.07:536][  0]LogConfig: Setting CVar [[r.FastBlurThreshold:100]]
[2019.11.19-19.37.07:536][  0]LogConfig: Setting CVar [[r.Upscale.Quality:3]]
[2019.11.19-19.37.07:536][  0]LogConfig: Setting CVar [[r.Tonemapper.GrainQuantization:1]]
[2019.11.19-19.37.07:536][  0]LogConfig: Setting CVar [[r.LightShaftQuality:1]]
[2019.11.19-19.37.07:536][  0]LogConfig: Setting CVar [[r.Filter.SizeScale:1]]
[2019.11.19-19.37.07:536][  0]LogConfig: Setting CVar [[r.Tonemapper.Quality:5]]
[2019.11.19-19.37.07:536][  0]LogConfig: Setting CVar [[r.DOF.Gather.AccumulatorQuality:1        ; higher gathering accumulator quality]]
[2019.11.19-19.37.07:536][  0]LogConfig: Setting CVar [[r.DOF.Gather.PostfilterMethod:1          ; Median3x3 postfilering method]]
[2019.11.19-19.37.07:536][  0]LogConfig: Setting CVar [[r.DOF.Gather.EnableBokehSettings:0       ; no bokeh simulation when gathering]]
[2019.11.19-19.37.07:536][  0]LogConfig: Setting CVar [[r.DOF.Gather.RingCount:4                 ; medium number of samples when gathering]]
[2019.11.19-19.37.07:536][  0]LogConfig: Setting CVar [[r.DOF.Scatter.ForegroundCompositing:1    ; additive foreground scattering]]
[2019.11.19-19.37.07:537][  0]LogConfig: Setting CVar [[r.DOF.Scatter.BackgroundCompositing:2    ; additive background scattering]]
[2019.11.19-19.37.07:537][  0]LogConfig: Setting CVar [[r.DOF.Scatter.EnableBokehSettings:1      ; bokeh simulation when scattering]]
[2019.11.19-19.37.07:537][  0]LogConfig: Setting CVar [[r.DOF.Scatter.MaxSpriteRatio:0.1         ; only a maximum of 10% of scattered bokeh]]
[2019.11.19-19.37.07:537][  0]LogConfig: Setting CVar [[r.DOF.Recombine.Quality:1                ; cheap slight out of focus]]
[2019.11.19-19.37.07:537][  0]LogConfig: Setting CVar [[r.DOF.Recombine.EnableBokehSettings:0    ; no bokeh simulation on slight out of focus]]
[2019.11.19-19.37.07:537][  0]LogConfig: Setting CVar [[r.DOF.TemporalAAQuality:1                ; more stable temporal accumulation]]
[2019.11.19-19.37.07:537][  0]LogConfig: Setting CVar [[r.DOF.Kernel.MaxForegroundRadius:0.025]]
[2019.11.19-19.37.07:537][  0]LogConfig: Setting CVar [[r.DOF.Kernel.MaxBackgroundRadius:0.025]]
[2019.11.19-19.37.07:537][  0]LogConfig: Applying CVar settings from Section [TextureQuality@3] File [C:/Users/Angel/Documents/Unreal Projects/AD_samplegame_UE4/sidescrolling_action/Saved/Config/Windows/Scalability.ini]
[2019.11.19-19.37.07:537][  0]LogConfig: Setting CVar [[r.Streaming.MipBias:0]]
[2019.11.19-19.37.07:537][  0]LogConfig: Setting CVar [[r.Streaming.AmortizeCPUToGPUCopy:0]]
[2019.11.19-19.37.07:537][  0]LogConfig: Setting CVar [[r.Streaming.MaxNumTexturesToStreamPerFrame:0]]
[2019.11.19-19.37.07:537][  0]LogConfig: Setting CVar [[r.Streaming.Boost:1]]
[2019.11.19-19.37.07:538][  0]LogConfig: Setting CVar [[r.MaxAnisotropy:8]]
[2019.11.19-19.37.07:538][  0]LogConfig: Setting CVar [[r.Streaming.LimitPoolSizeToVRAM:0]]
[2019.11.19-19.37.07:538][  0]LogConfig: Setting CVar [[r.Streaming.PoolSize:1000]]
[2019.11.19-19.37.07:538][  0]LogConfig: Setting CVar [[r.Streaming.MaxEffectiveScreenSize:0]]
[2019.11.19-19.37.07:538][  0]LogConfig: Applying CVar settings from Section [EffectsQuality@3] File [C:/Users/Angel/Documents/Unreal Projects/AD_samplegame_UE4/sidescrolling_action/Saved/Config/Windows/Scalability.ini]
[2019.11.19-19.37.07:538][  0]LogConfig: Setting CVar [[r.TranslucencyLightingVolumeDim:64]]
[2019.11.19-19.37.07:538][  0]LogConfig: Setting CVar [[r.RefractionQuality:2]]
[2019.11.19-19.37.07:538][  0]LogConfig: Setting CVar [[r.SSR.Quality:3]]
[2019.11.19-19.37.07:538][  0]LogConfig: Setting CVar [[r.SceneColorFormat:4]]
[2019.11.19-19.37.07:538][  0]LogConfig: Setting CVar [[r.DetailMode:2]]
[2019.11.19-19.37.07:538][  0]LogConfig: Setting CVar [[r.TranslucencyVolumeBlur:1]]
[2019.11.19-19.37.07:538][  0]LogConfig: Setting CVar [[r.MaterialQualityLevel:1 ; High quality]]
[2019.11.19-19.37.07:538][  0]LogConfig: Setting CVar [[r.SSS.Scale:1]]
[2019.11.19-19.37.07:538][  0]LogConfig: Setting CVar [[r.SSS.SampleSet:2]]
[2019.11.19-19.37.07:539][  0]LogConfig: Setting CVar [[r.SSS.Quality:1]]
[2019.11.19-19.37.07:539][  0]LogConfig: Setting CVar [[r.SSS.HalfRes:1]]
[2019.11.19-19.37.07:539][  0]LogConfig: Setting CVar [[r.EmitterSpawnRateScale:1.0]]
[2019.11.19-19.37.07:539][  0]LogConfig: Setting CVar [[r.ParticleLightQuality:2]]
[2019.11.19-19.37.07:539][  0]LogConfig: Applying CVar settings from Section [FoliageQuality@3] File [C:/Users/Angel/Documents/Unreal Projects/AD_samplegame_UE4/sidescrolling_action/Saved/Config/Windows/Scalability.ini]
[2019.11.19-19.37.07:539][  0]LogConfig: Setting CVar [[foliage.DensityScale:1.0]]
[2019.11.19-19.37.07:539][  0]LogConfig: Setting CVar [[grass.DensityScale:1.0]]
[2019.11.19-19.37.07:539][  0]LogConfig: Applying CVar settings from Section [Startup] File [../../../Engine/Config/ConsoleVariables.ini]
[2019.11.19-19.37.07:540][  0]LogConfig: Setting CVar [[net.UseAdaptiveNetUpdateFrequency:0]]
[2019.11.19-19.37.07:545][  0]LogConfig: Setting CVar [[p.chaos.AllowCreatePhysxBodies:1]]
[2019.11.19-19.37.07:545][  0]LogConfig: Applying CVar settings from Section [ConsoleVariables] File [C:/Users/Angel/Documents/Unreal Projects/AD_samplegame_UE4/sidescrolling_action/Saved/Config/Windows/Engine.ini]
[2019.11.19-19.37.07:545][  0]LogInit: Computer: DESKTOP-HMNVS88
[2019.11.19-19.37.07:545][  0]LogInit: User: Angel
[2019.11.19-19.37.07:545][  0]LogInit: CPU Page size=4096, Cores=2
[2019.11.19-19.37.07:546][  0]LogInit: High frequency timer resolution =10.000000 MHz
[2019.11.19-19.37.07:546][  0]LogMemory: Memory total: Physical=11.9GB (12GB approx)
[2019.11.19-19.37.07:546][  0]LogMemory: Platform Memory Stats for Windows
[2019.11.19-19.37.07:546][  0]LogMemory: Process Physical Memory: 96.53 MB used, 96.53 MB peak
[2019.11.19-19.37.07:547][  0]LogMemory: Process Virtual Memory: 83.64 MB used, 83.64 MB peak
[2019.11.19-19.37.07:547][  0]LogMemory: Physical Memory: 9284.55 MB used,  2886.64 MB free, 12171.19 MB total
[2019.11.19-19.37.07:547][  0]LogMemory: Virtual Memory: 4620.96 MB used,  134213104.00 MB free, 134217728.00 MB total
[2019.11.19-19.37.07:842][  0]LogInit: Using OS detected language (en-US).
[2019.11.19-19.37.07:842][  0]LogInit: Using OS detected locale (en-US).
[2019.11.19-19.37.07:846][  0]LogTextLocalizationManager: No specific localization for 'en-US' exists, so the 'en' localization will be used.
[2019.11.19-19.37.08:253][  0]LogInit: Setting process to per monitor DPI aware
[2019.11.19-19.37.08:470][  0]LogSlate: New Slate User Created.  User Index 0, Is Virtual User: 0
[2019.11.19-19.37.08:470][  0]LogSlate: Slate User Registered.  User Index 0, Is Virtual User: 0
[2019.11.19-19.37.11:717][  0]LogHMD: Failed to initialize OpenVR with code 110
[2019.11.19-19.37.11:717][  0]LogD3D11RHI: D3D11 adapters:
[2019.11.19-19.37.11:743][  0]LogD3D11RHI:    0. 'Intel(R) HD Graphics 620' (Feature Level 11_0)
[2019.11.19-19.37.11:743][  0]LogD3D11RHI:       128/0/6085 MB DedicatedVideo/DedicatedSystem/SharedSystem, Outputs:1, VendorId:0x8086
[2019.11.19-19.37.11:755][  0]LogD3D11RHI:    1. 'Microsoft Basic Render Driver' (Feature Level 11_0)
[2019.11.19-19.37.11:755][  0]LogD3D11RHI:       0/0/6085 MB DedicatedVideo/DedicatedSystem/SharedSystem, Outputs:0, VendorId:0x1414
[2019.11.19-19.37.11:755][  0]LogD3D11RHI: Chosen D3D11 Adapter: 0
[2019.11.19-19.37.11:764][  0]LogD3D11RHI: Creating new Direct3DDevice
[2019.11.19-19.37.11:764][  0]LogD3D11RHI:     GPU DeviceId: 0x5916 (for the marketing name, search the web for "GPU Device Id")
[2019.11.19-19.37.11:764][  0]LogWindows: EnumDisplayDevices:
[2019.11.19-19.37.11:765][  0]LogWindows:    0. 'Intel(R) HD Graphics 620' (P:1 D:1)
[2019.11.19-19.37.11:765][  0]LogWindows:    1. 'Intel(R) HD Graphics 620' (P:0 D:0)
[2019.11.19-19.37.11:766][  0]LogWindows:    2. 'Intel(R) HD Graphics 620' (P:0 D:0)
[2019.11.19-19.37.11:766][  0]LogWindows: DebugString: FoundDriverCount:3 
[2019.11.19-19.37.11:766][  0]LogD3D11RHI:     Adapter Name: Intel(R) HD Graphics 620
[2019.11.19-19.37.11:766][  0]LogD3D11RHI:   Driver Version: 21.20.16.4550 (internal:21.20.16.4550, unified:21.20.16.4550)
[2019.11.19-19.37.11:766][  0]LogD3D11RHI:      Driver Date: 11-11-2016
[2019.11.19-19.37.11:767][  0]LogRHI: Texture pool is 1523 MB (70% of 2176 MB)
[2019.11.19-19.37.11:781][  0]LogD3D11RHI: Async texture creation enabled
[2019.11.19-19.37.11:784][  0]LogRendererCore: FGlobalReadBuffer::InitRHI
[2019.11.19-19.37.11:785][  0]LogRendererCore: FGlobalReadBuffer::InitRHI
[2019.11.19-19.37.11:785][  0]LogRendererCore: FGlobalReadBuffer::InitRHI
[2019.11.19-19.37.11:789][  0]LogD3D11RHI: GPU Timing Frequency: 12.000000 (Debug: 2 0)
[2019.11.19-19.37.12:261][  0]LogTemp: Display: Module 'AllDesktopTargetPlatform' loaded TargetPlatform 'AllDesktop'
[2019.11.19-19.37.12:282][  0]LogTemp: Display: Module 'MacClientTargetPlatform' loaded TargetPlatform 'MacClient'
[2019.11.19-19.37.12:305][  0]LogTemp: Display: Module 'MacNoEditorTargetPlatform' loaded TargetPlatform 'MacNoEditor'
[2019.11.19-19.37.12:334][  0]LogTemp: Display: Module 'MacServerTargetPlatform' loaded TargetPlatform 'MacServer'
[2019.11.19-19.37.12:363][  0]LogTemp: Display: Module 'MacTargetPlatform' loaded TargetPlatform 'Mac'
[2019.11.19-19.37.12:384][  0]LogTemp: Display: Module 'WindowsClientTargetPlatform' loaded TargetPlatform 'WindowsClient'
[2019.11.19-19.37.12:406][  0]LogTemp: Display: Module 'WindowsNoEditorTargetPlatform' loaded TargetPlatform 'WindowsNoEditor'
[2019.11.19-19.37.12:431][  0]LogTemp: Display: Module 'WindowsServerTargetPlatform' loaded TargetPlatform 'WindowsServer'
[2019.11.19-19.37.12:442][  0]LogTemp: Display: Module 'WindowsTargetPlatform' loaded TargetPlatform 'Windows'
[2019.11.19-19.37.12:583][  0]LogTemp: Display: Module 'AndroidTargetPlatform' loaded TargetPlatform 'Android'
[2019.11.19-19.37.12:583][  0]LogTemp: Display: Module 'AndroidTargetPlatform' loaded TargetPlatform 'Android_ASTC'
[2019.11.19-19.37.12:583][  0]LogTemp: Display: Module 'AndroidTargetPlatform' loaded TargetPlatform 'Android_ATC'
[2019.11.19-19.37.12:583][  0]LogTemp: Display: Module 'AndroidTargetPlatform' loaded TargetPlatform 'Android_DXT'
[2019.11.19-19.37.12:583][  0]LogTemp: Display: Module 'AndroidTargetPlatform' loaded TargetPlatform 'Android_ETC1'
[2019.11.19-19.37.12:584][  0]LogTemp: Display: Module 'AndroidTargetPlatform' loaded TargetPlatform 'Android_ETC1a'
[2019.11.19-19.37.12:584][  0]LogTemp: Display: Module 'AndroidTargetPlatform' loaded TargetPlatform 'Android_ETC2'
[2019.11.19-19.37.12:584][  0]LogTemp: Display: Module 'AndroidTargetPlatform' loaded TargetPlatform 'Android_PVRTC'
[2019.11.19-19.37.12:584][  0]LogTemp: Display: Module 'AndroidTargetPlatform' loaded TargetPlatform 'AndroidClient'
[2019.11.19-19.37.12:584][  0]LogTemp: Display: Module 'AndroidTargetPlatform' loaded TargetPlatform 'Android_ASTCClient'
[2019.11.19-19.37.12:584][  0]LogTemp: Display: Module 'AndroidTargetPlatform' loaded TargetPlatform 'Android_ATCClient'
[2019.11.19-19.37.12:584][  0]LogTemp: Display: Module 'AndroidTargetPlatform' loaded TargetPlatform 'Android_DXTClient'
[2019.11.19-19.37.12:584][  0]LogTemp: Display: Module 'AndroidTargetPlatform' loaded TargetPlatform 'Android_ETC1Client'
[2019.11.19-19.37.12:584][  0]LogTemp: Display: Module 'AndroidTargetPlatform' loaded TargetPlatform 'Android_ETC1aClient'
[2019.11.19-19.37.12:584][  0]LogTemp: Display: Module 'AndroidTargetPlatform' loaded TargetPlatform 'Android_ETC2Client'
[2019.11.19-19.37.12:584][  0]LogTemp: Display: Module 'AndroidTargetPlatform' loaded TargetPlatform 'Android_PVRTCClient'
[2019.11.19-19.37.12:584][  0]LogTemp: Display: Module 'AndroidTargetPlatform' loaded TargetPlatform 'Android_Multi'
[2019.11.19-19.37.12:585][  0]LogTemp: Display: Module 'AndroidTargetPlatform' loaded TargetPlatform 'Android_MultiClient'
[2019.11.19-19.37.12:590][  0]LogTemp: Display: Module 'HTML5TargetPlatform' loaded TargetPlatform 'HTML5'
[2019.11.19-19.37.12:701][  0]LogTemp: Display: Module 'IOSTargetPlatform' loaded TargetPlatform 'IOSClient'
[2019.11.19-19.37.12:701][  0]LogTemp: Display: Module 'IOSTargetPlatform' loaded TargetPlatform 'IOS'
[2019.11.19-19.37.12:740][  0]LogTemp: Display: Module 'TVOSTargetPlatform' loaded TargetPlatform 'TVOSClient'
[2019.11.19-19.37.12:740][  0]LogTemp: Display: Module 'TVOSTargetPlatform' loaded TargetPlatform 'TVOS'
[2019.11.19-19.37.12:763][  0]LogTemp: Display: Module 'LinuxClientTargetPlatform' loaded TargetPlatform 'LinuxClient'
[2019.11.19-19.37.12:781][  0]LogTemp: Display: Module 'LinuxNoEditorTargetPlatform' loaded TargetPlatform 'LinuxNoEditor'
[2019.11.19-19.37.12:800][  0]LogTemp: Display: Module 'LinuxServerTargetPlatform' loaded TargetPlatform 'LinuxServer'
[2019.11.19-19.37.12:823][  0]LogTemp: Display: Module 'LinuxTargetPlatform' loaded TargetPlatform 'Linux'
[2019.11.19-19.37.12:887][  0]LogTemp: Display: Module 'LuminTargetPlatform' loaded TargetPlatform 'Lumin'
[2019.11.19-19.37.12:887][  0]LogTemp: Display: Module 'LuminTargetPlatform' loaded TargetPlatform 'LuminClient'
[2019.11.19-19.37.12:887][  0]LogTargetPlatformManager: Display: Building Assets For Windows
[2019.11.19-19.37.12:916][  0]LogAudioDebug: Display: Lib vorbis DLL was dynamically loaded.
[2019.11.19-19.37.13:079][  0]LogShaderCompilers: Guid format shader working directory is -48 characters bigger than the processId version (../../../../../../Users/Angel/Documents/Unreal Projects/AD_samplegame_UE4/sidescrolling_action/Intermediate/Shaders/WorkingDirectory/7740/).
[2019.11.19-19.37.13:079][  0]LogShaderCompilers: Cleaned the shader compiler working directory 'C:/Users/Angel/AppData/Local/Temp/UnrealShaderWorkingDir/7256D7A44B4A250BC42EFF8DDE7C9741/'.
[2019.11.19-19.37.13:083][  0]LogXGEController: Cleaning working directory: C:/Users/Angel/AppData/Local/Temp/UnrealXGEWorkingDir/
[2019.11.19-19.37.13:084][  0]LogXGEController: Cannot use XGE Controller as Incredibuild is not installed on this machine.
[2019.11.19-19.37.13:084][  0]LogShaderCompilers: Cannot use XGE Shader Compiler as Incredibuild is not installed on this machine.
[2019.11.19-19.37.13:084][  0]LogShaderCompilers: Display: Using Local Shader Compiler.
[2019.11.19-19.37.17:117][  0]LogDerivedDataCache: Display: Max Cache Size: 512 MB
[2019.11.19-19.37.17:690][  0]LogDerivedDataCache: Loaded boot cache 0.57s 75MB C:/Users/Angel/AppData/Local/UnrealEngine/4.22/DerivedDataCache/Boot.ddc.
[2019.11.19-19.37.17:699][  0]LogDerivedDataCache: Display: Loaded Boot cache: C:/Users/Angel/AppData/Local/UnrealEngine/4.22/DerivedDataCache/Boot.ddc
[2019.11.19-19.37.17:699][  0]LogDerivedDataCache: FDerivedDataBackendGraph:  Pak pak cache file ../../../../../../Users/Angel/Documents/Unreal Projects/AD_samplegame_UE4/sidescrolling_action/DerivedDataCache/DDC.ddp not found, will not use a pak cache.
[2019.11.19-19.37.17:699][  0]LogDerivedDataCache: Unable to find inner node Pak for hierarchical cache Hierarchy.
[2019.11.19-19.37.17:699][  0]LogDerivedDataCache: FDerivedDataBackendGraph:  CompressedPak pak cache file ../../../../../../Users/Angel/Documents/Unreal Projects/AD_samplegame_UE4/sidescrolling_action/DerivedDataCache/Compressed.ddp not found, will not use a pak cache.
[2019.11.19-19.37.17:700][  0]LogDerivedDataCache: Unable to find inner node CompressedPak for hierarchical cache Hierarchy.
[2019.11.19-19.37.17:724][  0]LogDerivedDataCache: Display: Pak cache opened for reading ../../../Engine/DerivedDataCache/Compressed.ddp.
[2019.11.19-19.37.17:746][  0]LogDerivedDataCache: FDerivedDataBackendGraph:  EnterprisePak pak cache file ../../../Enterprise/DerivedDataCache/Compressed.ddp not found, will not use a pak cache.
[2019.11.19-19.37.17:765][  0]LogDerivedDataCache: Unable to find inner node EnterprisePak for hierarchical cache Hierarchy.
[2019.11.19-19.37.17:805][  0]LogDerivedDataCache: Using Local data cache path C:/Users/Angel/AppData/Local/UnrealEngine/Common/DerivedDataCache: Writable
[2019.11.19-19.37.17:805][  0]LogDerivedDataCache: Shared data cache path not found in *engine.ini, will not use an Shared cache.
[2019.11.19-19.37.17:805][  0]LogDerivedDataCache: Unable to find inner node Shared for hierarchical cache Hierarchy.
[2019.11.19-19.37.17:859][  0]LogMaterial: Verifying Global Shaders for PCD3D_SM5
[2019.11.19-19.37.17:868][  0]LogSlate: Using FreeType 2.6.0
[2019.11.19-19.37.17:916][  0]LogSlate: SlateFontServices - WITH_FREETYPE: 1, WITH_HARFBUZZ: 1
[2019.11.19-19.37.18:562][  0]LogAssetRegistry: FAssetRegistry took 0.0595 seconds to start up
[2019.11.19-19.37.19:455][  0]LogInit: Selected Device Profile: [Windows]
[2019.11.19-19.37.19:938][  0]LogMeshReduction: Using QuadricMeshReduction for automatic static mesh reduction
[2019.11.19-19.37.19:953][  0]LogMeshReduction: Using SimplygonMeshReduction for automatic skeletal mesh reduction
[2019.11.19-19.37.19:967][  0]LogMeshReduction: Using ProxyLODMeshReduction for automatic mesh merging
[2019.11.19-19.37.19:984][  0]LogMeshReduction: No distributed automatic mesh merging module available
[2019.11.19-19.37.19:984][  0]LogMeshMerging: No distributed automatic mesh merging module available
[2019.11.19-19.37.20:055][  0]LogNetVersion: sidescrolling_action 1.0.0, NetCL: 5660361, EngineNetVer: 10, GameNetVer: 0 (Checksum: 171901508)
[2019.11.19-19.37.21:387][  0]LogPackageLocalizationCache: Processed 10 localized package path(s) for 1 prioritized culture(s) in 0.134830 seconds
[2019.11.19-19.37.21:408][  0]LogUObjectArray: 42205 objects as part of root set at end of initial load.
[2019.11.19-19.37.21:416][  0]LogUObjectAllocator: 7325032 out of 0 bytes used by permanent object pool.
[2019.11.19-19.37.21:416][  0]LogUObjectArray: CloseDisregardForGC: 0/0 objects in disregard for GC pool
[2019.11.19-19.37.28:721][  0]LogTcpMessaging: Initializing TcpMessaging bridge
[2019.11.19-19.37.28:752][  0]LogUdpMessaging: Initializing bridge on interface 0.0.0.0:0 to multicast group 230.0.0.1:6666.
[2019.11.19-19.37.29:362][  0]SourceControl: Source control is disabled
[2019.11.19-19.37.29:363][  0]SourceControl: Source control is disabled
[2019.11.19-19.37.29:378][  0]SourceControl: Source control is disabled
[2019.11.19-19.37.29:384][  0]SourceControl: Source control is disabled
[2019.11.19-19.37.29:830][  0]LogAndroidPermission: UAndroidPermissionCallbackProxy::GetInstance
[2019.11.19-19.37.30:698][  0]LogOcInput: OculusInput pre-init called
[2019.11.19-19.37.32:396][  0]LogEngine: Initializing Engine...
[2019.11.19-19.37.32:399][  0]LogHMD: Failed to initialize OpenVR with code 110
[2019.11.19-19.37.32:402][  0]LogStats: UGameplayTagsManager::InitializeManager -  0.000 s
[2019.11.19-19.37.33:118][  0]LogInit: Initializing FReadOnlyCVARCache
[2019.11.19-19.37.33:174][  0]LogAIModule: Creating AISystem for world Untitled
[2019.11.19-19.37.33:318][  0]LogInit: XAudio2 using 'Headset Earphone (Plantronics BT600)' : 2 channels at 48 kHz using 16 bits per sample (channel mask 0x3)
[2019.11.19-19.37.33:437][  0]LogInit: FAudioDevice initialized.
[2019.11.19-19.37.33:438][  0]LogNetVersion: Set ProjectVersion to 1.0.0.0. Version Checksum will be recalculated on next use.
[2019.11.19-19.37.33:816][  0]LogDerivedDataCache: Saved boot cache 0.38s 75MB C:/Users/Angel/AppData/Local/UnrealEngine/4.22/DerivedDataCache/Boot.ddc.
[2019.11.19-19.37.33:852][  0]LogInit: Texture streaming: Enabled
[2019.11.19-19.37.33:932][  0]LogEngineSessionManager: EngineSessionManager initialized
[2019.11.19-19.37.33:933][  0]LogEngineSessionManager: EngineSessionManager sent abnormal shutdown report. Type=Debugger, SessionId={B7E136B1-45B0-1B57-C859-43ABF637BDFD}
[2019.11.19-19.37.34:012][  0]LogInit: Transaction tracking system initialized
[2019.11.19-19.37.34:120][  0]BlueprintLog: New page: Editor Load
[2019.11.19-19.37.34:652][  0]LocalizationService: Localization service is disabled
[2019.11.19-19.37.35:672][  0]LogFileCache: Scanning file cache for directory 'C:/Users/Angel/Documents/Unreal Projects/AD_samplegame_UE4/sidescrolling_action/Content/' took 0.05s
[2019.11.19-19.37.35:673][  0]LogCook: Display: Max memory allowance for cook 16384mb min free memory 0mb
[2019.11.19-19.37.35:673][  0]LogCook: Display: Mobile HDR setting 1
[2019.11.19-19.37.38:656][  0]SourceControl: Source control is disabled
[2019.11.19-19.37.38:658][  0]LightingResults: New page: Lighting Build
[2019.11.19-19.37.38:670][  0]MapCheck: New page: Map Check
[2019.11.19-19.37.38:670][  0]LightingResults: New page: Lighting Build
[2019.11.19-19.37.38:897][  0]LogUObjectHash: Compacting FUObjectHashTables data took   7.11ms
[2019.11.19-19.37.39:233][  0]LogAIModule: Creating AISystem for world SideScrollerExampleMap
[2019.11.19-19.37.39:254][  0]LogEditorServer: Finished looking for orphan Actors (0.000 secs)
[2019.11.19-19.37.39:780][  0]LogUObjectHash: Compacting FUObjectHashTables data took   7.16ms
[2019.11.19-19.37.39:782][  0]Cmd: MAP CHECKDEP NOCLEARLOG
[2019.11.19-19.37.39:786][  0]MapCheck: Map check complete: 0 Error(s), 0 Warning(s), took 0.217ms to complete.
[2019.11.19-19.37.39:788][  0]LogFileHelpers: Loading map 'SideScrollerExampleMap' took 1.132
[2019.11.19-19.37.40:104][  0]LogSlate: Updating window title bar state: overlay mode, drag disabled, window buttons hidden, title bar hidden
[2019.11.19-19.37.40:136][  0]LogSlate: Updating window title bar state: overlay mode, drag disabled, window buttons hidden, title bar hidden
[2019.11.19-19.37.40:169][  0]LogSlate: Updating window title bar state: overlay mode, drag disabled, window buttons hidden, title bar hidden
[2019.11.19-19.37.40:189][  0]LogSlate: Updating window title bar state: overlay mode, drag disabled, window buttons hidden, title bar hidden
[2019.11.19-19.37.40:229][  0]LogCollectionManager: Loaded 0 collections in 0.006059 seconds
[2019.11.19-19.37.40:257][  0]LogFileCache: Scanning file cache for directory 'C:/Users/Angel/Documents/Unreal Projects/AD_samplegame_UE4/sidescrolling_action/Saved/Collections/' took 0.02s
[2019.11.19-19.37.40:262][  0]LogFileCache: Scanning file cache for directory 'C:/Users/Angel/Documents/Unreal Projects/AD_samplegame_UE4/sidescrolling_action/Content/Developers/Angel/Collections/' took 0.00s
[2019.11.19-19.37.40:265][  0]LogFileCache: Scanning file cache for directory 'C:/Users/Angel/Documents/Unreal Projects/AD_samplegame_UE4/sidescrolling_action/Content/Collections/' took 0.00s
[2019.11.19-19.37.40:265][  0]LogCollectionManager: Rebuilt the GUID cache for 0 collections in 0.000001 seconds
[2019.11.19-19.37.40:286][  0]LogContentBrowser: Native class hierarchy populated in 0.0209 seconds. Added 2734 classes and 661 folders.
[2019.11.19-19.37.40:304][  0]LogContentBrowser: Native class hierarchy updated for 'WidgetCarousel' in 0.0005 seconds. Added 0 classes and 0 folders.
[2019.11.19-19.37.40:326][  0]LogPakFile: Registered encryption key '00000000000000000000000000000000': 0 pak files mounted, 0 remain pending
[2019.11.19-19.37.40:348][  0]LogPakFile: Registered encryption key '00000000000000000000000000000000': 0 pak files mounted, 0 remain pending
[2019.11.19-19.37.40:399][  0]LogPakFile: Registered encryption key '00000000000000000000000000000000': 0 pak files mounted, 0 remain pending
[2019.11.19-19.37.40:416][  0]LogPakFile: Registered encryption key '00000000000000000000000000000000': 0 pak files mounted, 0 remain pending
[2019.11.19-19.37.40:431][  0]LogPakFile: Registered encryption key '00000000000000000000000000000000': 0 pak files mounted, 0 remain pending
[2019.11.19-19.37.40:447][  0]LogPakFile: Registered encryption key '00000000000000000000000000000000': 0 pak files mounted, 0 remain pending
[2019.11.19-19.37.40:464][  0]LogPakFile: Registered encryption key '00000000000000000000000000000000': 0 pak files mounted, 0 remain pending
[2019.11.19-19.37.40:480][  0]LogPakFile: Registered encryption key '00000000000000000000000000000000': 0 pak files mounted, 0 remain pending
[2019.11.19-19.37.40:497][  0]LogPakFile: Registered encryption key '00000000000000000000000000000000': 0 pak files mounted, 0 remain pending
[2019.11.19-19.37.40:520][  0]LogPakFile: Registered encryption key '00000000000000000000000000000000': 0 pak files mounted, 0 remain pending
[2019.11.19-19.37.40:535][  0]LogPakFile: Registered encryption key '00000000000000000000000000000000': 0 pak files mounted, 0 remain pending
[2019.11.19-19.37.40:550][  0]LogPakFile: Registered encryption key '00000000000000000000000000000000': 0 pak files mounted, 0 remain pending
[2019.11.19-19.37.40:566][  0]LogPakFile: Registered encryption key '00000000000000000000000000000000': 0 pak files mounted, 0 remain pending
[2019.11.19-19.37.40:590][  0]LogPakFile: Registered encryption key '00000000000000000000000000000000': 0 pak files mounted, 0 remain pending
[2019.11.19-19.37.40:614][  0]LogPakFile: Registered encryption key '00000000000000000000000000000000': 0 pak files mounted, 0 remain pending
[2019.11.19-19.37.40:634][  0]LogPakFile: Registered encryption key '00000000000000000000000000000000': 0 pak files mounted, 0 remain pending
[2019.11.19-19.37.40:738][  0]LogPakFile: Registered encryption key '00000000000000000000000000000000': 0 pak files mounted, 0 remain pending
[2019.11.19-19.37.40:780][  0]LogPakFile: Registered encryption key '00000000000000000000000000000000': 0 pak files mounted, 0 remain pending
[2019.11.19-19.37.40:848][  0]LogPakFile: Registered encryption key '00000000000000000000000000000000': 0 pak files mounted, 0 remain pending
[2019.11.19-19.37.40:869][  0]LogPakFile: Registered encryption key '00000000000000000000000000000000': 0 pak files mounted, 0 remain pending
[2019.11.19-19.37.40:895][  0]LogPakFile: Registered encryption key '00000000000000000000000000000000': 0 pak files mounted, 0 remain pending
[2019.11.19-19.37.40:921][  0]LogPakFile: Registered encryption key '00000000000000000000000000000000': 0 pak files mounted, 0 remain pending
[2019.11.19-19.37.40:939][  0]LogPakFile: Registered encryption key '00000000000000000000000000000000': 0 pak files mounted, 0 remain pending
[2019.11.19-19.37.40:971][  0]LogPakFile: Registered encryption key '00000000000000000000000000000000': 0 pak files mounted, 0 remain pending
[2019.11.19-19.37.40:998][  0]LogPakFile: Registered encryption key '00000000000000000000000000000000': 0 pak files mounted, 0 remain pending
[2019.11.19-19.37.41:018][  0]LogPakFile: Registered encryption key '00000000000000000000000000000000': 0 pak files mounted, 0 remain pending
[2019.11.19-19.37.41:465][  0]LogContentBrowser: Native class hierarchy updated for 'AddContentDialog' in 0.0005 seconds. Added 0 classes and 0 folders.
[2019.11.19-19.37.41:483][  0]LogContentBrowser: Native class hierarchy updated for 'SceneOutliner' in 0.0006 seconds. Added 1 classes and 2 folders.
[2019.11.19-19.37.41:529][  0]LogSlate: Took 0.014853 seconds to synchronously load lazily loaded font '../../../Engine/Content/Slate/Fonts/Roboto-Regular.ttf' (155K)
[2019.11.19-19.37.41:548][  0]LogSlate: Took 0.012310 seconds to synchronously load lazily loaded font '../../../Engine/Content/Slate/Fonts/Roboto-Bold.ttf' (160K)
[2019.11.19-19.37.41:578][  0]LogSlate: Took 0.012174 seconds to synchronously load lazily loaded font '../../../Engine/Content/Editor/Slate/Fonts/FontAwesome.ttf' (139K)
[2019.11.19-19.37.41:789][  0]LogRenderer: Reallocating scene render targets to support 764x368 Format 10 NumSamples 1 (Frame:1).
[2019.11.19-19.37.42:966][  0]LogContentBrowser: Native class hierarchy updated for 'HierarchicalLODOutliner' in 0.0005 seconds. Added 0 classes and 0 folders.
[2019.11.19-19.37.42:966][  0]LogLoad: (Engine Initialization) Total time: 38.95 seconds
[2019.11.19-19.37.42:967][  0]LogLoad: (Engine Initialization) Total Blueprint compile time: 0.00 seconds
[2019.11.19-19.37.43:031][  0]LogAssetRegistry: Asset discovery search completed in 24.5018 seconds
[2019.11.19-19.37.43:035][  0]LogCollectionManager: Rebuilt the object cache for 0 collections in 0.000000 seconds (found 0 objects)
[2019.11.19-19.37.43:036][  0]LogCollectionManager: Fixed up redirectors for 0 collections in 0.000226 seconds (updated 0 objects)
[2019.11.19-19.37.43:037][  0]LogContentStreaming: Texture pool size now 1000 MB
[2019.11.19-19.37.43:079][  0]LogSlate: Took 0.001182 seconds to synchronously load lazily loaded font '../../../Engine/Content/Slate/Fonts/Roboto-Light.ttf' (167K)
[2019.11.19-19.37.45:478][ 62]LogSlate: FSceneViewport::OnFocusLost() reason 2
[2019.11.19-19.37.46:857][143]LogTemp: Repeating last play command: New Editor Window (PIE)
[2019.11.19-19.37.47:406][143]LogBlueprintUserMessages: Early PlayInEditor Detection: Level '/Game/SideScrollerCPP/Maps/SideScrollerExampleMap.SideScrollerExampleMap:PersistentLevel' has LevelScriptBlueprint '/Game/SideScrollerCPP/Maps/SideScrollerExampleMap.SideScrollerExampleMap:PersistentLevel.SideScrollerExampleMap' with GeneratedClass '/Game/SideScrollerCPP/Maps/SideScrollerExampleMap.SideScrollerExampleMap_C' with ClassGeneratedBy '/Game/SideScrollerCPP/Maps/SideScrollerExampleMap.SideScrollerExampleMap:PersistentLevel.SideScrollerExampleMap'
[2019.11.19-19.37.47:407][143]LogPlayLevel: PlayLevel: No blueprints needed recompiling
[2019.11.19-19.37.47:407][143]PIE: New page: PIE session: SideScrollerExampleMap (Nov 19, 2019, 7:37:47 AM)
[2019.11.19-19.37.47:425][143]LogPlayLevel: Creating play world package: /Game/SideScrollerCPP/Maps/UEDPIE_0_SideScrollerExampleMap
[2019.11.19-19.37.47:444][143]LogPlayLevel: PIE: StaticDuplicateObject took: (0.018763s)
[2019.11.19-19.37.47:445][143]LogAIModule: Creating AISystem for world SideScrollerExampleMap
[2019.11.19-19.37.47:446][143]LogPlayLevel: PIE: World Init took: (0.001195s)
[2019.11.19-19.37.47:446][143]LogPlayLevel: PIE: Created PIE world by copying editor world from /Game/SideScrollerCPP/Maps/SideScrollerExampleMap.SideScrollerExampleMap to /Game/SideScrollerCPP/Maps/UEDPIE_0_SideScrollerExampleMap.SideScrollerExampleMap (0.021069s)
[2019.11.19-19.37.47:469][143]LogUObjectHash: Compacting FUObjectHashTables data took   1.08ms
[2019.11.19-19.37.47:486][143]LogInit: XAudio2 using 'Headset Earphone (Plantronics BT600)' : 2 channels at 48 kHz using 16 bits per sample (channel mask 0x3)
[2019.11.19-19.37.47:499][143]LogInit: FAudioDevice initialized.
[2019.11.19-19.37.47:502][143]LogSlate: FSceneViewport::OnFocusLost() reason 2
[2019.11.19-19.37.47:509][143]LogSlate: Updating window title bar state: overlay mode, drag disabled, window buttons hidden, title bar hidden
[2019.11.19-19.37.47:577][143]LogLoad: Game class is 'sidescrolling_actionGameMode'
[2019.11.19-19.37.47:580][143]LogWorld: Bringing World /Game/SideScrollerCPP/Maps/UEDPIE_0_SideScrollerExampleMap.SideScrollerExampleMap up for play (max tick rate 60) at 2019.11.19-13.37.47
[2019.11.19-19.37.47:581][143]LogWorld: Bringing up level for play took: 0.003114
[2019.11.19-19.37.48:133][143]LogContentBrowser: Native class hierarchy updated for 'MovieSceneCapture' in 0.0014 seconds. Added 20 classes and 0 folders.
[2019.11.19-19.37.48:139][143]PIE: Play in editor start time for /Game/SideScrollerCPP/Maps/UEDPIE_0_SideScrollerExampleMap 0.87
[2019.11.19-19.37.48:141][143]LogBlueprintUserMessages: Late PlayInEditor Detection: Level '/Game/SideScrollerCPP/Maps/SideScrollerExampleMap.SideScrollerExampleMap:PersistentLevel' has LevelScriptBlueprint '/Game/SideScrollerCPP/Maps/SideScrollerExampleMap.SideScrollerExampleMap:PersistentLevel.SideScrollerExampleMap' with GeneratedClass '/Game/SideScrollerCPP/Maps/SideScrollerExampleMap.SideScrollerExampleMap_C' with ClassGeneratedBy '/Game/SideScrollerCPP/Maps/SideScrollerExampleMap.SideScrollerExampleMap:PersistentLevel.SideScrollerExampleMap'
[2019.11.19-19.37.48:257][144]LogRenderer: Reallocating scene render targets to support 844x448 Format 10 NumSamples 1 (Frame:1).
[2019.11.19-19.37.53:210][290]LogSlate: FSceneViewport::OnFocusLost() reason 2
[2019.11.19-19.38.08:428][749]LogBlueprintUserMessages: Early EndPlayMap Detection: Level '/Game/SideScrollerCPP/Maps/SideScrollerExampleMap.SideScrollerExampleMap:PersistentLevel' has LevelScriptBlueprint '/Game/SideScrollerCPP/Maps/SideScrollerExampleMap.SideScrollerExampleMap:PersistentLevel.SideScrollerExampleMap' with GeneratedClass '/Game/SideScrollerCPP/Maps/SideScrollerExampleMap.SideScrollerExampleMap_C' with ClassGeneratedBy '/Game/SideScrollerCPP/Maps/SideScrollerExampleMap.SideScrollerExampleMap:PersistentLevel.SideScrollerExampleMap'
[2019.11.19-19.38.08:439][749]LogSlate: Updating window title bar state: overlay mode, drag disabled, window buttons hidden, title bar hidden
[2019.11.19-19.38.08:505][749]LogSlate: Window 'sidescrolling_action Game Preview Standalone (64-bit/PCD3D_SM5)' being destroyed
[2019.11.19-19.38.08:613][749]LogPlayLevel: Display: Shutting down PIE online subsystems
[2019.11.19-19.38.08:614][749]LogBlueprintUserMessages: Late EndPlayMap Detection: Level '/Game/SideScrollerCPP/Maps/SideScrollerExampleMap.SideScrollerExampleMap:PersistentLevel' has LevelScriptBlueprint '/Game/SideScrollerCPP/Maps/SideScrollerExampleMap.SideScrollerExampleMap:PersistentLevel.SideScrollerExampleMap' with GeneratedClass '/Game/SideScrollerCPP/Maps/SideScrollerExampleMap.SideScrollerExampleMap_C' with ClassGeneratedBy '/Game/SideScrollerCPP/Maps/SideScrollerExampleMap.SideScrollerExampleMap:PersistentLevel.SideScrollerExampleMap'
[2019.11.19-19.38.08:688][749]LogUObjectHash: Compacting FUObjectHashTables data took   3.61ms
[2019.11.19-19.38.08:707][750]LogPlayLevel: Display: Destroying online subsystem :Context_1
