Log file open, 11/19/19 12:36:49
LogWindows: Failed to load 'aqProf.dll' (GetLastError=126)
LogWindows: File 'aqProf.dll' does not exist
LogWindows: Failed to load 'VtuneApi.dll' (GetLastError=126)
LogWindows: File 'VtuneApi.dll' does not exist
LogWindows: Failed to load 'VtuneApi32e.dll' (GetLastError=126)
LogWindows: File 'VtuneApi32e.dll' does not exist
LogConsoleResponse: Display: Failed to find resolution value strings in scalability ini. Falling back to default.
LogInit: Display: Running engine for game: sidescrolling_action
LogPakFile: Registered encryption key '00000000000000000000000000000000': 0 pak files mounted, 0 remain pending
LogPlatformFile: Not using cached read wrapper
LogTaskGraph: Started task graph with 5 named threads and 11 total threads with 3 sets of task threads.
LogStats: Stats thread started at 0.432830
LogD3D11RHI: Loaded GFSDK_Aftermath_Lib.x64.dll
LogICUInternationalization: ICU TimeZone Detection - Raw Offset: -6:00, Platform Override: ''
LogPluginManager: Mounting plugin Paper2D
LogPluginManager: Mounting plugin AISupport
LogPluginManager: Mounting plugin LightPropagationVolume
LogPluginManager: Mounting plugin ActorLayerUtilities
LogPluginManager: Mounting plugin AnimationSharing
LogPluginManager: Mounting plugin CLionSourceCodeAccess
LogPluginManager: Mounting plugin CodeLiteSourceCodeAccess
LogPluginManager: Mounting plugin GitSourceControl
LogPluginManager: Mounting plugin KDevelopSourceCodeAccess
LogPluginManager: Mounting plugin NullSourceCodeAccess
LogPluginManager: Mounting plugin PerforceSourceControl
LogPluginManager: Mounting plugin SubversionSourceControl
LogPluginManager: Mounting plugin UObjectPlugin
LogPluginManager: Mounting plugin VisualStudioCodeSourceCodeAccess
LogPluginManager: Mounting plugin VisualStudioSourceCodeAccess
LogPluginManager: Mounting plugin XCodeSourceCodeAccess
LogPluginManager: Mounting plugin AssetManagerEditor
LogPluginManager: Mounting plugin CryptoKeys
LogPluginManager: Mounting plugin DataValidation
LogPluginManager: Mounting plugin FacialAnimation
LogPluginManager: Mounting plugin GameplayTagsEditor
LogPluginManager: Mounting plugin MacGraphicsSwitching
LogPluginManager: Mounting plugin MaterialAnalyzer
LogPluginManager: Mounting plugin MobileLauncherProfileWizard
LogPluginManager: Mounting plugin PluginBrowser
LogPluginManager: Mounting plugin SpeedTreeImporter
LogPluginManager: Mounting plugin DatasmithContent
LogPluginManager: Mounting plugin VariantManagerContent
LogPluginManager: Mounting plugin AlembicImporter
LogPluginManager: Mounting plugin AppleImageUtils
LogPluginManager: Mounting plugin AppleVision
LogPluginManager: Mounting plugin BackChannel
LogPluginManager: Mounting plugin CharacterAI
LogPluginManager: Mounting plugin GeometryCache
LogPluginManager: Mounting plugin HTML5Networking
LogPluginManager: Mounting plugin ProxyLODPlugin
LogPluginManager: Mounting plugin SkeletalReduction
LogPluginManager: Mounting plugin MagicLeap
LogPluginManager: Mounting plugin MagicLeapMedia
LogPluginManager: Mounting plugin AndroidMedia
LogPluginManager: Mounting plugin AvfMedia
LogPluginManager: Mounting plugin ImgMedia
LogPluginManager: Mounting plugin LinearTimecode
LogPluginManager: Mounting plugin MediaCompositing
LogPluginManager: Mounting plugin MediaPlayerEditor
LogPluginManager: Mounting plugin WebMMedia
LogPluginManager: Mounting plugin WmfMedia
LogPluginManager: Mounting plugin TcpMessaging
LogPluginManager: Mounting plugin UdpMessaging
LogPluginManager: Mounting plugin ActorSequence
LogPluginManager: Mounting plugin LevelSequenceEditor
LogPluginManager: Mounting plugin MatineeToLevelSequence
LogPluginManager: Mounting plugin NetcodeUnitTest
LogPluginManager: Mounting plugin NUTUnrealEngine4
LogPluginManager: Mounting plugin OnlineSubsystemGooglePlay
LogPluginManager: Mounting plugin OnlineSubsystemIOS
LogPluginManager: Mounting plugin OnlineSubsystem
LogPluginManager: Mounting plugin OnlineSubsystemNull
LogPluginManager: Mounting plugin OnlineSubsystemUtils
LogPluginManager: Mounting plugin LauncherChunkInstaller
LogPluginManager: Mounting plugin AndroidDeviceProfileSelector
LogPluginManager: Mounting plugin AndroidMoviePlayer
LogPluginManager: Mounting plugin AndroidPermission
LogPluginManager: Mounting plugin AppleMoviePlayer
LogPluginManager: Mounting plugin ArchVisCharacter
LogPluginManager: Mounting plugin AudioCapture
LogPluginManager: Mounting plugin CableComponent
LogPluginManager: Mounting plugin CustomMeshComponent
LogPluginManager: Mounting plugin EditableMesh
LogPluginManager: Mounting plugin ExampleDeviceProfileSelector
LogPluginManager: Mounting plugin Firebase
LogPluginManager: Mounting plugin GoogleCloudMessaging
LogPluginManager: Mounting plugin IOSDeviceProfileSelector
LogPluginManager: Mounting plugin LinuxDeviceProfileSelector
LogPluginManager: Mounting plugin LocationServicesBPLibrary
LogPluginManager: Mounting plugin MobilePatchingUtils
LogPluginManager: Mounting plugin OculusVR
LogPluginManager: Mounting plugin PhysXVehicles
LogPluginManager: Mounting plugin ProceduralMeshComponent
LogPluginManager: Mounting plugin RuntimePhysXCooking
LogPluginManager: Mounting plugin SignificanceManager
LogPluginManager: Mounting plugin SteamVR
LogPluginManager: Mounting plugin WebMMoviePlayer
LogPluginManager: Mounting plugin WindowsMoviePlayer
LogInit: Using libcurl 7.55.1-DEV
LogInit:  - built for x86_64-pc-win32
LogInit:  - supports SSL with OpenSSL/1.1.1
LogInit:  - supports HTTP deflate (compression) using libz 1.2.8
LogInit:  - other features:
LogInit:      CURL_VERSION_SSL
LogInit:      CURL_VERSION_LIBZ
LogInit:      CURL_VERSION_IPV6
LogInit:      CURL_VERSION_ASYNCHDNS
LogInit:      CURL_VERSION_LARGEFILE
LogInit:      CURL_VERSION_IDN
LogInit:  CurlRequestOptions (configurable via config and command line):
LogInit:  - bVerifyPeer = true  - Libcurl will verify peer certificate
LogInit:  - bUseHttpProxy = false  - Libcurl will NOT use HTTP proxy
LogInit:  - bDontReuseConnections = false  - Libcurl will reuse connections
LogInit:  - MaxHostConnections = 16  - Libcurl will limit the number of connections to a host
LogInit:  - LocalHostAddr = Default
LogInit:  - BufferSize = 65536
LogInit: WinSock: version 1.1 (2.2), MaxSocks=32767, MaxUdp=65467
LogInit: Build: ++UE4+Release-4.22-CL-7053642
LogInit: Engine Version: 4.22.3-7053642+++UE4+Release-4.22
LogInit: Compatible Engine Version: 4.22.0-5660361+++UE4+Release-4.22
LogInit: Net CL: 5660361
LogInit: OS: Windows 10 (Release 1903) (), CPU: Intel(R) Core(TM) i5-7200U CPU @ 2.50GHz, GPU: Intel(R) HD Graphics 620
LogInit: Compiled (64-bit): Jun 18 2019 03:09:11
LogInit: Compiled with Visual C++: 19.16.27025.01
LogInit: Build Configuration: Development
LogInit: Branch Name: ++UE4+Release-4.22
LogInit: Command Line:  -skipcompile
LogInit: Base Directory: C:/Program Files/Epic Games/UE_4.22/Engine/Binaries/Win64/
LogInit: Installed Engine Build: 1
LogDevObjectVersion: Number of dev versions registered: 23
LogDevObjectVersion:   Dev-Blueprints (B0D832E4-1F89-4F0D-ACCF-7EB736FD4AA2): 10
LogDevObjectVersion:   Dev-Build (E1C64328-A22C-4D53-A36C-8E866417BD8C): 0
LogDevObjectVersion:   Dev-Core (375EC13C-06E4-48FB-B500-84F0262A717E): 3
LogDevObjectVersion:   Dev-Editor (E4B068ED-F494-42E9-A231-DA0B2E46BB41): 30
LogDevObjectVersion:   Dev-Framework (CFFC743F-43B0-4480-9391-14DF171D2073): 35
LogDevObjectVersion:   Dev-Mobile (B02B49B5-BB20-44E9-A304-32B752E40360): 2
LogDevObjectVersion:   Dev-Networking (A4E4105C-59A1-49B5-A7C5-40C4547EDFEE): 0
LogDevObjectVersion:   Dev-Online (39C831C9-5AE6-47DC-9A44-9C173E1C8E7C): 0
LogDevObjectVersion:   Dev-Physics (78F01B33-EBEA-4F98-B9B4-84EACCB95AA2): 0
LogDevObjectVersion:   Dev-Platform (6631380F-2D4D-43E0-8009-CF276956A95A): 0
LogDevObjectVersion:   Dev-Rendering (12F88B9F-8875-4AFC-A67C-D90C383ABD29): 28
LogDevObjectVersion:   Dev-Sequencer (7B5AE74C-D270-4C10-A958-57980B212A5A): 11
LogDevObjectVersion:   Dev-VR (D7296918-1DD6-4BDD-9DE2-64A83CC13884): 2
LogDevObjectVersion:   Dev-LoadTimes (C2A15278-BFE7-4AFE-6C17-90FF531DF755): 1
LogDevObjectVersion:   Private-Geometry (6EACA3D4-40EC-4CC1-B786-8BED09428FC5): 3
LogDevObjectVersion:   Dev-AnimPhys (29E575DD-E0A3-4627-9D10-D276232CDCEA): 17
LogDevObjectVersion:   Dev-Anim (AF43A65D-7FD3-4947-9873-3E8ED9C1BB05): 2
LogDevObjectVersion:   Dev-ReflectionCapture (6B266CEC-1EC7-4B8F-A30B-E4D90942FC07): 1
LogDevObjectVersion:   Dev-Automation (0DF73D61-A23F-47EA-B727-89E90C41499A): 1
LogDevObjectVersion:   FortniteMain (601D1886-AC64-4F84-AA16-D3DE0DEAC7D6): 25
LogDevObjectVersion:   Dev-Enterprise (9DFFBCD6-494F-0158-E221-12823C92A888): 6
LogDevObjectVersion:   Dev-Niagara (F2AED0AC-9AFE-416F-8664-AA7FFA26D6FC): 1
LogDevObjectVersion:   Dev-Destruction (174F1F0B-B4C6-45A5-B13F-2EE8D0FB917D): 2
LogInit: Presizing for max 16777216 objects, including 0 objects not considered by GC, pre-allocating 0 bytes for permanent pool.
LogInit: Object subsystem initialized
LogConfig: Setting CVar [[con.DebugEarlyDefault:1]]
LogConfig: Setting CVar [[r.setres:1280x720]]
[2019.11.19-18.36.50:553][  0]LogConfig: Setting CVar [[r.VSync:0]]
[2019.11.19-18.36.50:553][  0]LogConfig: Setting CVar [[r.RHICmdBypass:0]]
[2019.11.19-18.36.50:554][  0]LogConfig: Applying CVar settings from Section [/Script/Engine.RendererSettings] File [C:/Users/Angel/Documents/Unreal Projects/AD_samplegame_UE4/sidescrolling_action/Saved/Config/Windows/Engine.ini]
[2019.11.19-18.36.50:554][  0]LogConfig: Setting CVar [[r.GPUCrashDebugging:0]]
[2019.11.19-18.36.50:554][  0]LogConfig: Applying CVar settings from Section [/Script/Engine.RendererOverrideSettings] File [C:/Users/Angel/Documents/Unreal Projects/AD_samplegame_UE4/sidescrolling_action/Saved/Config/Windows/Engine.ini]
[2019.11.19-18.36.50:554][  0]LogConfig: Applying CVar settings from Section [/Script/Engine.StreamingSettings] File [C:/Users/Angel/Documents/Unreal Projects/AD_samplegame_UE4/sidescrolling_action/Saved/Config/Windows/Engine.ini]
[2019.11.19-18.36.50:554][  0]LogConfig: Setting CVar [[s.MinBulkDataSizeForAsyncLoading:131072]]
[2019.11.19-18.36.50:554][  0]LogConfig: Setting CVar [[s.AsyncLoadingThreadEnabled:0]]
[2019.11.19-18.36.50:554][  0]LogConfig: Setting CVar [[s.EventDrivenLoaderEnabled:1]]
[2019.11.19-18.36.50:554][  0]LogConfig: Setting CVar [[s.WarnIfTimeLimitExceeded:0]]
[2019.11.19-18.36.50:554][  0]LogConfig: Setting CVar [[s.TimeLimitExceededMultiplier:1.5]]
[2019.11.19-18.36.50:554][  0]LogConfig: Setting CVar [[s.TimeLimitExceededMinTime:0.005]]
[2019.11.19-18.36.50:554][  0]LogConfig: Setting CVar [[s.UseBackgroundLevelStreaming:1]]
[2019.11.19-18.36.50:555][  0]LogConfig: Setting CVar [[s.PriorityAsyncLoadingExtraTime:15.0]]
[2019.11.19-18.36.50:555][  0]LogConfig: Setting CVar [[s.LevelStreamingActorsUpdateTimeLimit:5.0]]
[2019.11.19-18.36.50:555][  0]LogConfig: Setting CVar [[s.PriorityLevelStreamingActorsUpdateExtraTime:5.0]]
[2019.11.19-18.36.50:555][  0]LogConfig: Setting CVar [[s.LevelStreamingComponentsRegistrationGranularity:10]]
[2019.11.19-18.36.50:555][  0]LogConfig: Setting CVar [[s.UnregisterComponentsTimeLimit:1.0]]
[2019.11.19-18.36.50:556][  0]LogConfig: Setting CVar [[s.LevelStreamingComponentsUnregistrationGranularity:5]]
[2019.11.19-18.36.50:556][  0]LogConfig: Applying CVar settings from Section [/Script/Engine.GarbageCollectionSettings] File [C:/Users/Angel/Documents/Unreal Projects/AD_samplegame_UE4/sidescrolling_action/Saved/Config/Windows/Engine.ini]
[2019.11.19-18.36.50:556][  0]LogConfig: Setting CVar [[gc.MaxObjectsNotConsideredByGC:1]]
[2019.11.19-18.36.50:556][  0]LogConfig: Setting CVar [[gc.SizeOfPermanentObjectPool:0]]
[2019.11.19-18.36.50:556][  0]LogConfig: Setting CVar [[gc.FlushStreamingOnGC:0]]
[2019.11.19-18.36.50:556][  0]LogConfig: Setting CVar [[gc.NumRetriesBeforeForcingGC:10]]
[2019.11.19-18.36.50:556][  0]LogConfig: Setting CVar [[gc.AllowParallelGC:1]]
[2019.11.19-18.36.50:556][  0]LogConfig: Setting CVar [[gc.TimeBetweenPurgingPendingKillObjects:61.1]]
[2019.11.19-18.36.50:556][  0]LogConfig: Setting CVar [[gc.MaxObjectsInEditor:16777216]]
[2019.11.19-18.36.50:556][  0]LogConfig: Setting CVar [[gc.IncrementalBeginDestroyEnabled:1]]
[2019.11.19-18.36.50:556][  0]LogConfig: Setting CVar [[gc.CreateGCClusters:1]]
[2019.11.19-18.36.50:556][  0]LogConfig: Setting CVar [[gc.MinGCClusterSize:5]]
[2019.11.19-18.36.50:556][  0]LogConfig: Setting CVar [[gc.ActorClusteringEnabled:0]]
[2019.11.19-18.36.50:556][  0]LogConfig: Setting CVar [[gc.BlueprintClusteringEnabled:0]]
[2019.11.19-18.36.50:556][  0]LogConfig: Setting CVar [[gc.UseDisregardForGCOnDedicatedServers:0]]
[2019.11.19-18.36.50:556][  0]LogConfig: Applying CVar settings from Section [/Script/Engine.NetworkSettings] File [C:/Users/Angel/Documents/Unreal Projects/AD_samplegame_UE4/sidescrolling_action/Saved/Config/Windows/Engine.ini]
[2019.11.19-18.36.50:556][  0]LogConfig: Applying CVar settings from Section [/Script/UnrealEd.CookerSettings] File [C:/Users/Angel/Documents/Unreal Projects/AD_samplegame_UE4/sidescrolling_action/Saved/Config/Windows/Engine.ini]
[2019.11.19-18.36.50:569][  0]LogConfig: Applying CVar settings from Section [ViewDistanceQuality@3] File [C:/Users/Angel/Documents/Unreal Projects/AD_samplegame_UE4/sidescrolling_action/Saved/Config/Windows/Scalability.ini]
[2019.11.19-18.36.50:569][  0]LogConfig: Setting CVar [[r.SkeletalMeshLODBias:0]]
[2019.11.19-18.36.50:570][  0]LogConfig: Setting CVar [[r.ViewDistanceScale:1.0]]
[2019.11.19-18.36.50:570][  0]LogConfig: Applying CVar settings from Section [AntiAliasingQuality@3] File [C:/Users/Angel/Documents/Unreal Projects/AD_samplegame_UE4/sidescrolling_action/Saved/Config/Windows/Scalability.ini]
[2019.11.19-18.36.50:570][  0]LogConfig: Setting CVar [[r.PostProcessAAQuality:4]]
[2019.11.19-18.36.50:570][  0]LogConfig: Applying CVar settings from Section [ShadowQuality@3] File [C:/Users/Angel/Documents/Unreal Projects/AD_samplegame_UE4/sidescrolling_action/Saved/Config/Windows/Scalability.ini]
[2019.11.19-18.36.50:571][  0]LogConfig: Setting CVar [[r.LightFunctionQuality:1]]
[2019.11.19-18.36.50:571][  0]LogConfig: Setting CVar [[r.ShadowQuality:5]]
[2019.11.19-18.36.50:571][  0]LogConfig: Setting CVar [[r.Shadow.CSM.MaxCascades:10]]
[2019.11.19-18.36.50:571][  0]LogConfig: Setting CVar [[r.Shadow.MaxResolution:2048]]
[2019.11.19-18.36.50:572][  0]LogConfig: Setting CVar [[r.Shadow.MaxCSMResolution:2048]]
[2019.11.19-18.36.50:572][  0]LogConfig: Setting CVar [[r.Shadow.RadiusThreshold:0.01]]
[2019.11.19-18.36.50:572][  0]LogConfig: Setting CVar [[r.Shadow.DistanceScale:1.0]]
[2019.11.19-18.36.50:572][  0]LogConfig: Setting CVar [[r.Shadow.CSM.TransitionScale:1.0]]
[2019.11.19-18.36.50:572][  0]LogConfig: Setting CVar [[r.Shadow.PreShadowResolutionFactor:1.0]]
[2019.11.19-18.36.50:572][  0]LogConfig: Setting CVar [[r.DistanceFieldShadowing:1]]
[2019.11.19-18.36.50:573][  0]LogConfig: Setting CVar [[r.DistanceFieldAO:1]]
[2019.11.19-18.36.50:573][  0]LogConfig: Setting CVar [[r.AOQuality:2]]
[2019.11.19-18.36.50:573][  0]LogConfig: Setting CVar [[r.VolumetricFog:1]]
[2019.11.19-18.36.50:574][  0]LogConfig: Setting CVar [[r.VolumetricFog.GridPixelSize:8]]
[2019.11.19-18.36.50:574][  0]LogConfig: Setting CVar [[r.VolumetricFog.GridSizeZ:128]]
[2019.11.19-18.36.50:574][  0]LogConfig: Setting CVar [[r.VolumetricFog.HistoryMissSupersampleCount:4]]
[2019.11.19-18.36.50:574][  0]LogConfig: Setting CVar [[r.LightMaxDrawDistanceScale:1]]
[2019.11.19-18.36.50:575][  0]LogConfig: Setting CVar [[r.CapsuleShadows:1]]
[2019.11.19-18.36.50:575][  0]LogConfig: Applying CVar settings from Section [PostProcessQuality@3] File [C:/Users/Angel/Documents/Unreal Projects/AD_samplegame_UE4/sidescrolling_action/Saved/Config/Windows/Scalability.ini]
[2019.11.19-18.36.50:575][  0]LogConfig: Setting CVar [[r.MotionBlurQuality:4]]
[2019.11.19-18.36.50:575][  0]LogConfig: Setting CVar [[r.AmbientOcclusionMipLevelFactor:0.4]]
[2019.11.19-18.36.50:575][  0]LogConfig: Setting CVar [[r.AmbientOcclusionMaxQuality:100]]
[2019.11.19-18.36.50:575][  0]LogConfig: Setting CVar [[r.AmbientOcclusionLevels:-1]]
[2019.11.19-18.36.50:575][  0]LogConfig: Setting CVar [[r.AmbientOcclusionRadiusScale:1.0]]
[2019.11.19-18.36.50:575][  0]LogConfig: Setting CVar [[r.DepthOfFieldQuality:2]]
[2019.11.19-18.36.50:575][  0]LogConfig: Setting CVar [[r.RenderTargetPoolMin:400]]
[2019.11.19-18.36.50:575][  0]LogConfig: Setting CVar [[r.LensFlareQuality:2]]
[2019.11.19-18.36.50:575][  0]LogConfig: Setting CVar [[r.SceneColorFringeQuality:1]]
[2019.11.19-18.36.50:575][  0]LogConfig: Setting CVar [[r.EyeAdaptationQuality:2]]
[2019.11.19-18.36.50:575][  0]LogConfig: Setting CVar [[r.BloomQuality:5]]
[2019.11.19-18.36.50:576][  0]LogConfig: Setting CVar [[r.FastBlurThreshold:100]]
[2019.11.19-18.36.50:576][  0]LogConfig: Setting CVar [[r.Upscale.Quality:3]]
[2019.11.19-18.36.50:576][  0]LogConfig: Setting CVar [[r.Tonemapper.GrainQuantization:1]]
[2019.11.19-18.36.50:576][  0]LogConfig: Setting CVar [[r.LightShaftQuality:1]]
[2019.11.19-18.36.50:576][  0]LogConfig: Setting CVar [[r.Filter.SizeScale:1]]
[2019.11.19-18.36.50:576][  0]LogConfig: Setting CVar [[r.Tonemapper.Quality:5]]
[2019.11.19-18.36.50:576][  0]LogConfig: Setting CVar [[r.DOF.Gather.AccumulatorQuality:1        ; higher gathering accumulator quality]]
[2019.11.19-18.36.50:576][  0]LogConfig: Setting CVar [[r.DOF.Gather.PostfilterMethod:1          ; Median3x3 postfilering method]]
[2019.11.19-18.36.50:576][  0]LogConfig: Setting CVar [[r.DOF.Gather.EnableBokehSettings:0       ; no bokeh simulation when gathering]]
[2019.11.19-18.36.50:576][  0]LogConfig: Setting CVar [[r.DOF.Gather.RingCount:4                 ; medium number of samples when gathering]]
[2019.11.19-18.36.50:576][  0]LogConfig: Setting CVar [[r.DOF.Scatter.ForegroundCompositing:1    ; additive foreground scattering]]
[2019.11.19-18.36.50:576][  0]LogConfig: Setting CVar [[r.DOF.Scatter.BackgroundCompositing:2    ; additive background scattering]]
[2019.11.19-18.36.50:576][  0]LogConfig: Setting CVar [[r.DOF.Scatter.EnableBokehSettings:1      ; bokeh simulation when scattering]]
[2019.11.19-18.36.50:576][  0]LogConfig: Setting CVar [[r.DOF.Scatter.MaxSpriteRatio:0.1         ; only a maximum of 10% of scattered bokeh]]
[2019.11.19-18.36.50:576][  0]LogConfig: Setting CVar [[r.DOF.Recombine.Quality:1                ; cheap slight out of focus]]
[2019.11.19-18.36.50:577][  0]LogConfig: Setting CVar [[r.DOF.Recombine.EnableBokehSettings:0    ; no bokeh simulation on slight out of focus]]
[2019.11.19-18.36.50:577][  0]LogConfig: Setting CVar [[r.DOF.TemporalAAQuality:1                ; more stable temporal accumulation]]
[2019.11.19-18.36.50:577][  0]LogConfig: Setting CVar [[r.DOF.Kernel.MaxForegroundRadius:0.025]]
[2019.11.19-18.36.50:577][  0]LogConfig: Setting CVar [[r.DOF.Kernel.MaxBackgroundRadius:0.025]]
[2019.11.19-18.36.50:577][  0]LogConfig: Applying CVar settings from Section [TextureQuality@3] File [C:/Users/Angel/Documents/Unreal Projects/AD_samplegame_UE4/sidescrolling_action/Saved/Config/Windows/Scalability.ini]
[2019.11.19-18.36.50:577][  0]LogConfig: Setting CVar [[r.Streaming.MipBias:0]]
[2019.11.19-18.36.50:577][  0]LogConfig: Setting CVar [[r.Streaming.AmortizeCPUToGPUCopy:0]]
[2019.11.19-18.36.50:577][  0]LogConfig: Setting CVar [[r.Streaming.MaxNumTexturesToStreamPerFrame:0]]
[2019.11.19-18.36.50:577][  0]LogConfig: Setting CVar [[r.Streaming.Boost:1]]
[2019.11.19-18.36.50:577][  0]LogConfig: Setting CVar [[r.MaxAnisotropy:8]]
[2019.11.19-18.36.50:577][  0]LogConfig: Setting CVar [[r.Streaming.LimitPoolSizeToVRAM:0]]
[2019.11.19-18.36.50:577][  0]LogConfig: Setting CVar [[r.Streaming.PoolSize:1000]]
[2019.11.19-18.36.50:577][  0]LogConfig: Setting CVar [[r.Streaming.MaxEffectiveScreenSize:0]]
[2019.11.19-18.36.50:577][  0]LogConfig: Applying CVar settings from Section [EffectsQuality@3] File [C:/Users/Angel/Documents/Unreal Projects/AD_samplegame_UE4/sidescrolling_action/Saved/Config/Windows/Scalability.ini]
[2019.11.19-18.36.50:578][  0]LogConfig: Setting CVar [[r.TranslucencyLightingVolumeDim:64]]
[2019.11.19-18.36.50:578][  0]LogConfig: Setting CVar [[r.RefractionQuality:2]]
[2019.11.19-18.36.50:578][  0]LogConfig: Setting CVar [[r.SSR.Quality:3]]
[2019.11.19-18.36.50:578][  0]LogConfig: Setting CVar [[r.SceneColorFormat:4]]
[2019.11.19-18.36.50:578][  0]LogConfig: Setting CVar [[r.DetailMode:2]]
[2019.11.19-18.36.50:578][  0]LogConfig: Setting CVar [[r.TranslucencyVolumeBlur:1]]
[2019.11.19-18.36.50:578][  0]LogConfig: Setting CVar [[r.MaterialQualityLevel:1 ; High quality]]
[2019.11.19-18.36.50:578][  0]LogConfig: Setting CVar [[r.SSS.Scale:1]]
[2019.11.19-18.36.50:578][  0]LogConfig: Setting CVar [[r.SSS.SampleSet:2]]
[2019.11.19-18.36.50:578][  0]LogConfig: Setting CVar [[r.SSS.Quality:1]]
[2019.11.19-18.36.50:578][  0]LogConfig: Setting CVar [[r.SSS.HalfRes:1]]
[2019.11.19-18.36.50:578][  0]LogConfig: Setting CVar [[r.EmitterSpawnRateScale:1.0]]
[2019.11.19-18.36.50:578][  0]LogConfig: Setting CVar [[r.ParticleLightQuality:2]]
[2019.11.19-18.36.50:578][  0]LogConfig: Applying CVar settings from Section [FoliageQuality@3] File [C:/Users/Angel/Documents/Unreal Projects/AD_samplegame_UE4/sidescrolling_action/Saved/Config/Windows/Scalability.ini]
[2019.11.19-18.36.50:578][  0]LogConfig: Setting CVar [[foliage.DensityScale:1.0]]
[2019.11.19-18.36.50:579][  0]LogConfig: Setting CVar [[grass.DensityScale:1.0]]
[2019.11.19-18.36.50:579][  0]LogInit: Selected Device Profile: [Windows]
[2019.11.19-18.36.50:579][  0]LogInit: Applying CVar settings loaded from the selected device profile: [Windows]
[2019.11.19-18.36.50:622][  0]LogHAL: Display: Platform has ~ 12 GB [12762415104 / 17179869184 / 12], which maps to Larger [LargestMinGB=32, LargerMinGB=12, DefaultMinGB=8, SmallerMinGB=6, SmallestMinGB=0)
[2019.11.19-18.36.50:623][  0]LogConfig: Setting CVar [[r.Vulkan.UseRealUBs:0		; Required until we fix HLR fall-out]]
[2019.11.19-18.36.50:624][  0]LogInit: Going up to parent DeviceProfile []
[2019.11.19-18.36.50:624][  0]LogConfig: Applying CVar settings from Section [ViewDistanceQuality@3] File [C:/Users/Angel/Documents/Unreal Projects/AD_samplegame_UE4/sidescrolling_action/Saved/Config/Windows/Scalability.ini]
[2019.11.19-18.36.50:625][  0]LogConfig: Setting CVar [[r.SkeletalMeshLODBias:0]]
[2019.11.19-18.36.50:626][  0]LogConfig: Setting CVar [[r.ViewDistanceScale:1.0]]
[2019.11.19-18.36.50:626][  0]LogConfig: Applying CVar settings from Section [AntiAliasingQuality@3] File [C:/Users/Angel/Documents/Unreal Projects/AD_samplegame_UE4/sidescrolling_action/Saved/Config/Windows/Scalability.ini]
[2019.11.19-18.36.50:626][  0]LogConfig: Setting CVar [[r.PostProcessAAQuality:4]]
[2019.11.19-18.36.50:626][  0]LogConfig: Applying CVar settings from Section [ShadowQuality@3] File [C:/Users/Angel/Documents/Unreal Projects/AD_samplegame_UE4/sidescrolling_action/Saved/Config/Windows/Scalability.ini]
[2019.11.19-18.36.50:627][  0]LogConfig: Setting CVar [[r.LightFunctionQuality:1]]
[2019.11.19-18.36.50:628][  0]LogConfig: Setting CVar [[r.ShadowQuality:5]]
[2019.11.19-18.36.50:628][  0]LogConfig: Setting CVar [[r.Shadow.CSM.MaxCascades:10]]
[2019.11.19-18.36.50:628][  0]LogConfig: Setting CVar [[r.Shadow.MaxResolution:2048]]
[2019.11.19-18.36.50:628][  0]LogConfig: Setting CVar [[r.Shadow.MaxCSMResolution:2048]]
[2019.11.19-18.36.50:629][  0]LogConfig: Setting CVar [[r.Shadow.RadiusThreshold:0.01]]
[2019.11.19-18.36.50:629][  0]LogConfig: Setting CVar [[r.Shadow.DistanceScale:1.0]]
[2019.11.19-18.36.50:629][  0]LogConfig: Setting CVar [[r.Shadow.CSM.TransitionScale:1.0]]
[2019.11.19-18.36.50:630][  0]LogConfig: Setting CVar [[r.Shadow.PreShadowResolutionFactor:1.0]]
[2019.11.19-18.36.50:630][  0]LogConfig: Setting CVar [[r.DistanceFieldShadowing:1]]
[2019.11.19-18.36.50:630][  0]LogConfig: Setting CVar [[r.DistanceFieldAO:1]]
[2019.11.19-18.36.50:630][  0]LogConfig: Setting CVar [[r.AOQuality:2]]
[2019.11.19-18.36.50:630][  0]LogConfig: Setting CVar [[r.VolumetricFog:1]]
[2019.11.19-18.36.50:631][  0]LogConfig: Setting CVar [[r.VolumetricFog.GridPixelSize:8]]
[2019.11.19-18.36.50:631][  0]LogConfig: Setting CVar [[r.VolumetricFog.GridSizeZ:128]]
[2019.11.19-18.36.50:631][  0]LogConfig: Setting CVar [[r.VolumetricFog.HistoryMissSupersampleCount:4]]
[2019.11.19-18.36.50:631][  0]LogConfig: Setting CVar [[r.LightMaxDrawDistanceScale:1]]
[2019.11.19-18.36.50:631][  0]LogConfig: Setting CVar [[r.CapsuleShadows:1]]
[2019.11.19-18.36.50:632][  0]LogConfig: Applying CVar settings from Section [PostProcessQuality@3] File [C:/Users/Angel/Documents/Unreal Projects/AD_samplegame_UE4/sidescrolling_action/Saved/Config/Windows/Scalability.ini]
[2019.11.19-18.36.50:632][  0]LogConfig: Setting CVar [[r.MotionBlurQuality:4]]
[2019.11.19-18.36.50:632][  0]LogConfig: Setting CVar [[r.AmbientOcclusionMipLevelFactor:0.4]]
[2019.11.19-18.36.50:632][  0]LogConfig: Setting CVar [[r.AmbientOcclusionMaxQuality:100]]
[2019.11.19-18.36.50:632][  0]LogConfig: Setting CVar [[r.AmbientOcclusionLevels:-1]]
[2019.11.19-18.36.50:632][  0]LogConfig: Setting CVar [[r.AmbientOcclusionRadiusScale:1.0]]
[2019.11.19-18.36.50:633][  0]LogConfig: Setting CVar [[r.DepthOfFieldQuality:2]]
[2019.11.19-18.36.50:634][  0]LogConfig: Setting CVar [[r.RenderTargetPoolMin:400]]
[2019.11.19-18.36.50:635][  0]LogConfig: Setting CVar [[r.LensFlareQuality:2]]
[2019.11.19-18.36.50:638][  0]LogConfig: Setting CVar [[r.SceneColorFringeQuality:1]]
[2019.11.19-18.36.50:638][  0]LogConfig: Setting CVar [[r.EyeAdaptationQuality:2]]
[2019.11.19-18.36.50:639][  0]LogConfig: Setting CVar [[r.BloomQuality:5]]
[2019.11.19-18.36.50:639][  0]LogConfig: Setting CVar [[r.FastBlurThreshold:100]]
[2019.11.19-18.36.50:640][  0]LogConfig: Setting CVar [[r.Upscale.Quality:3]]
[2019.11.19-18.36.50:640][  0]LogConfig: Setting CVar [[r.Tonemapper.GrainQuantization:1]]
[2019.11.19-18.36.50:641][  0]LogConfig: Setting CVar [[r.LightShaftQuality:1]]
[2019.11.19-18.36.50:642][  0]LogConfig: Setting CVar [[r.Filter.SizeScale:1]]
[2019.11.19-18.36.50:642][  0]LogConfig: Setting CVar [[r.Tonemapper.Quality:5]]
[2019.11.19-18.36.50:642][  0]LogConfig: Setting CVar [[r.DOF.Gather.AccumulatorQuality:1        ; higher gathering accumulator quality]]
[2019.11.19-18.36.50:643][  0]LogConfig: Setting CVar [[r.DOF.Gather.PostfilterMethod:1          ; Median3x3 postfilering method]]
[2019.11.19-18.36.50:643][  0]LogConfig: Setting CVar [[r.DOF.Gather.EnableBokehSettings:0       ; no bokeh simulation when gathering]]
[2019.11.19-18.36.50:643][  0]LogConfig: Setting CVar [[r.DOF.Gather.RingCount:4                 ; medium number of samples when gathering]]
[2019.11.19-18.36.50:643][  0]LogConfig: Setting CVar [[r.DOF.Scatter.ForegroundCompositing:1    ; additive foreground scattering]]
[2019.11.19-18.36.50:643][  0]LogConfig: Setting CVar [[r.DOF.Scatter.BackgroundCompositing:2    ; additive background scattering]]
[2019.11.19-18.36.50:643][  0]LogConfig: Setting CVar [[r.DOF.Scatter.EnableBokehSettings:1      ; bokeh simulation when scattering]]
[2019.11.19-18.36.50:644][  0]LogConfig: Setting CVar [[r.DOF.Scatter.MaxSpriteRatio:0.1         ; only a maximum of 10% of scattered bokeh]]
[2019.11.19-18.36.50:644][  0]LogConfig: Setting CVar [[r.DOF.Recombine.Quality:1                ; cheap slight out of focus]]
[2019.11.19-18.36.50:644][  0]LogConfig: Setting CVar [[r.DOF.Recombine.EnableBokehSettings:0    ; no bokeh simulation on slight out of focus]]
[2019.11.19-18.36.50:645][  0]LogConfig: Setting CVar [[r.DOF.TemporalAAQuality:1                ; more stable temporal accumulation]]
[2019.11.19-18.36.50:645][  0]LogConfig: Setting CVar [[r.DOF.Kernel.MaxForegroundRadius:0.025]]
[2019.11.19-18.36.50:645][  0]LogConfig: Setting CVar [[r.DOF.Kernel.MaxBackgroundRadius:0.025]]
[2019.11.19-18.36.50:645][  0]LogConfig: Applying CVar settings from Section [TextureQuality@3] File [C:/Users/Angel/Documents/Unreal Projects/AD_samplegame_UE4/sidescrolling_action/Saved/Config/Windows/Scalability.ini]
[2019.11.19-18.36.50:646][  0]LogConfig: Setting CVar [[r.Streaming.MipBias:0]]
[2019.11.19-18.36.50:647][  0]LogConfig: Setting CVar [[r.Streaming.AmortizeCPUToGPUCopy:0]]
[2019.11.19-18.36.50:647][  0]LogConfig: Setting CVar [[r.Streaming.MaxNumTexturesToStreamPerFrame:0]]
[2019.11.19-18.36.50:647][  0]LogConfig: Setting CVar [[r.Streaming.Boost:1]]
[2019.11.19-18.36.50:647][  0]LogConfig: Setting CVar [[r.MaxAnisotropy:8]]
[2019.11.19-18.36.50:647][  0]LogConfig: Setting CVar [[r.Streaming.LimitPoolSizeToVRAM:0]]
[2019.11.19-18.36.50:647][  0]LogConfig: Setting CVar [[r.Streaming.PoolSize:1000]]
[2019.11.19-18.36.50:647][  0]LogConfig: Setting CVar [[r.Streaming.MaxEffectiveScreenSize:0]]
[2019.11.19-18.36.50:647][  0]LogConfig: Applying CVar settings from Section [EffectsQuality@3] File [C:/Users/Angel/Documents/Unreal Projects/AD_samplegame_UE4/sidescrolling_action/Saved/Config/Windows/Scalability.ini]
[2019.11.19-18.36.50:647][  0]LogConfig: Setting CVar [[r.TranslucencyLightingVolumeDim:64]]
[2019.11.19-18.36.50:647][  0]LogConfig: Setting CVar [[r.RefractionQuality:2]]
[2019.11.19-18.36.50:648][  0]LogConfig: Setting CVar [[r.SSR.Quality:3]]
[2019.11.19-18.36.50:648][  0]LogConfig: Setting CVar [[r.SceneColorFormat:4]]
[2019.11.19-18.36.50:648][  0]LogConfig: Setting CVar [[r.DetailMode:2]]
[2019.11.19-18.36.50:648][  0]LogConfig: Setting CVar [[r.TranslucencyVolumeBlur:1]]
[2019.11.19-18.36.50:648][  0]LogConfig: Setting CVar [[r.MaterialQualityLevel:1 ; High quality]]
[2019.11.19-18.36.50:648][  0]LogConfig: Setting CVar [[r.SSS.Scale:1]]
[2019.11.19-18.36.50:648][  0]LogConfig: Setting CVar [[r.SSS.SampleSet:2]]
[2019.11.19-18.36.50:648][  0]LogConfig: Setting CVar [[r.SSS.Quality:1]]
[2019.11.19-18.36.50:648][  0]LogConfig: Setting CVar [[r.SSS.HalfRes:1]]
[2019.11.19-18.36.50:648][  0]LogConfig: Setting CVar [[r.EmitterSpawnRateScale:1.0]]
[2019.11.19-18.36.50:648][  0]LogConfig: Setting CVar [[r.ParticleLightQuality:2]]
[2019.11.19-18.36.50:649][  0]LogConfig: Applying CVar settings from Section [FoliageQuality@3] File [C:/Users/Angel/Documents/Unreal Projects/AD_samplegame_UE4/sidescrolling_action/Saved/Config/Windows/Scalability.ini]
[2019.11.19-18.36.50:649][  0]LogConfig: Setting CVar [[foliage.DensityScale:1.0]]
[2019.11.19-18.36.50:649][  0]LogConfig: Setting CVar [[grass.DensityScale:1.0]]
[2019.11.19-18.36.50:649][  0]LogConfig: Applying CVar settings from Section [Startup] File [../../../Engine/Config/ConsoleVariables.ini]
[2019.11.19-18.36.50:649][  0]LogConfig: Setting CVar [[net.UseAdaptiveNetUpdateFrequency:0]]
[2019.11.19-18.36.50:650][  0]LogConfig: Setting CVar [[p.chaos.AllowCreatePhysxBodies:1]]
[2019.11.19-18.36.50:650][  0]LogConfig: Applying CVar settings from Section [ConsoleVariables] File [C:/Users/Angel/Documents/Unreal Projects/AD_samplegame_UE4/sidescrolling_action/Saved/Config/Windows/Engine.ini]
[2019.11.19-18.36.50:650][  0]LogInit: Computer: DESKTOP-HMNVS88
[2019.11.19-18.36.50:651][  0]LogInit: User: Angel
[2019.11.19-18.36.50:651][  0]LogInit: CPU Page size=4096, Cores=2
[2019.11.19-18.36.50:651][  0]LogInit: High frequency timer resolution =10.000000 MHz
[2019.11.19-18.36.50:651][  0]LogMemory: Memory total: Physical=11.9GB (12GB approx)
[2019.11.19-18.36.50:652][  0]LogMemory: Platform Memory Stats for Windows
[2019.11.19-18.36.50:652][  0]LogMemory: Process Physical Memory: 96.71 MB used, 96.72 MB peak
[2019.11.19-18.36.50:652][  0]LogMemory: Process Virtual Memory: 83.90 MB used, 83.90 MB peak
[2019.11.19-18.36.50:652][  0]LogMemory: Physical Memory: 10500.94 MB used,  1670.25 MB free, 12171.19 MB total
[2019.11.19-18.36.50:652][  0]LogMemory: Virtual Memory: 4620.96 MB used,  134213104.00 MB free, 134217728.00 MB total
[2019.11.19-18.36.50:967][  0]LogInit: Using OS detected language (en-US).
[2019.11.19-18.36.50:967][  0]LogInit: Using OS detected locale (en-US).
[2019.11.19-18.36.50:971][  0]LogTextLocalizationManager: No specific localization for 'en-US' exists, so the 'en' localization will be used.
[2019.11.19-18.36.51:437][  0]LogInit: Setting process to per monitor DPI aware
[2019.11.19-18.36.51:601][  0]LogSlate: New Slate User Created.  User Index 0, Is Virtual User: 0
[2019.11.19-18.36.51:610][  0]LogSlate: Slate User Registered.  User Index 0, Is Virtual User: 0
[2019.11.19-18.36.54:787][  0]LogHMD: Failed to initialize OpenVR with code 110
[2019.11.19-18.36.54:787][  0]LogD3D11RHI: D3D11 adapters:
[2019.11.19-18.36.54:814][  0]LogD3D11RHI:    0. 'Intel(R) HD Graphics 620' (Feature Level 11_0)
[2019.11.19-18.36.54:814][  0]LogD3D11RHI:       128/0/6085 MB DedicatedVideo/DedicatedSystem/SharedSystem, Outputs:1, VendorId:0x8086
[2019.11.19-18.36.54:827][  0]LogD3D11RHI:    1. 'Microsoft Basic Render Driver' (Feature Level 11_0)
[2019.11.19-18.36.54:827][  0]LogD3D11RHI:       0/0/6085 MB DedicatedVideo/DedicatedSystem/SharedSystem, Outputs:0, VendorId:0x1414
[2019.11.19-18.36.54:827][  0]LogD3D11RHI: Chosen D3D11 Adapter: 0
[2019.11.19-18.36.54:836][  0]LogD3D11RHI: Creating new Direct3DDevice
[2019.11.19-18.36.54:836][  0]LogD3D11RHI:     GPU DeviceId: 0x5916 (for the marketing name, search the web for "GPU Device Id")
[2019.11.19-18.36.54:836][  0]LogWindows: EnumDisplayDevices:
[2019.11.19-18.36.54:836][  0]LogWindows:    0. 'Intel(R) HD Graphics 620' (P:1 D:1)
[2019.11.19-18.36.54:837][  0]LogWindows:    1. 'Intel(R) HD Graphics 620' (P:0 D:0)
[2019.11.19-18.36.54:838][  0]LogWindows:    2. 'Intel(R) HD Graphics 620' (P:0 D:0)
[2019.11.19-18.36.54:838][  0]LogWindows: DebugString: FoundDriverCount:3 
[2019.11.19-18.36.54:838][  0]LogD3D11RHI:     Adapter Name: Intel(R) HD Graphics 620
[2019.11.19-18.36.54:838][  0]LogD3D11RHI:   Driver Version: 21.20.16.4550 (internal:21.20.16.4550, unified:21.20.16.4550)
[2019.11.19-18.36.54:838][  0]LogD3D11RHI:      Driver Date: 11-11-2016
[2019.11.19-18.36.54:838][  0]LogRHI: Texture pool is 1523 MB (70% of 2176 MB)
[2019.11.19-18.36.54:849][  0]LogD3D11RHI: Async texture creation enabled
[2019.11.19-18.36.54:855][  0]LogRendererCore: FGlobalReadBuffer::InitRHI
[2019.11.19-18.36.54:856][  0]LogRendererCore: FGlobalReadBuffer::InitRHI
[2019.11.19-18.36.54:856][  0]LogRendererCore: FGlobalReadBuffer::InitRHI
[2019.11.19-18.36.54:861][  0]LogD3D11RHI: GPU Timing Frequency: 12.000000 (Debug: 2 0)
[2019.11.19-18.36.56:035][  0]LogTemp: Display: Module 'AllDesktopTargetPlatform' loaded TargetPlatform 'AllDesktop'
[2019.11.19-18.36.56:577][  0]LogTemp: Display: Module 'MacClientTargetPlatform' loaded TargetPlatform 'MacClient'
[2019.11.19-18.36.57:151][  0]LogTemp: Display: Module 'MacNoEditorTargetPlatform' loaded TargetPlatform 'MacNoEditor'
[2019.11.19-18.36.57:225][  0]LogTemp: Display: Module 'MacServerTargetPlatform' loaded TargetPlatform 'MacServer'
[2019.11.19-18.36.57:329][  0]LogTemp: Display: Module 'MacTargetPlatform' loaded TargetPlatform 'Mac'
[2019.11.19-18.36.57:399][  0]LogTemp: Display: Module 'WindowsClientTargetPlatform' loaded TargetPlatform 'WindowsClient'
[2019.11.19-18.36.57:451][  0]LogTemp: Display: Module 'WindowsNoEditorTargetPlatform' loaded TargetPlatform 'WindowsNoEditor'
[2019.11.19-18.36.57:486][  0]LogTemp: Display: Module 'WindowsServerTargetPlatform' loaded TargetPlatform 'WindowsServer'
[2019.11.19-18.36.57:507][  0]LogTemp: Display: Module 'WindowsTargetPlatform' loaded TargetPlatform 'Windows'
[2019.11.19-18.36.57:700][  0]LogTemp: Display: Module 'AndroidTargetPlatform' loaded TargetPlatform 'Android'
[2019.11.19-18.36.57:701][  0]LogTemp: Display: Module 'AndroidTargetPlatform' loaded TargetPlatform 'Android_ASTC'
[2019.11.19-18.36.57:701][  0]LogTemp: Display: Module 'AndroidTargetPlatform' loaded TargetPlatform 'Android_ATC'
[2019.11.19-18.36.57:701][  0]LogTemp: Display: Module 'AndroidTargetPlatform' loaded TargetPlatform 'Android_DXT'
[2019.11.19-18.36.57:701][  0]LogTemp: Display: Module 'AndroidTargetPlatform' loaded TargetPlatform 'Android_ETC1'
[2019.11.19-18.36.57:701][  0]LogTemp: Display: Module 'AndroidTargetPlatform' loaded TargetPlatform 'Android_ETC1a'
[2019.11.19-18.36.57:701][  0]LogTemp: Display: Module 'AndroidTargetPlatform' loaded TargetPlatform 'Android_ETC2'
[2019.11.19-18.36.57:701][  0]LogTemp: Display: Module 'AndroidTargetPlatform' loaded TargetPlatform 'Android_PVRTC'
[2019.11.19-18.36.57:701][  0]LogTemp: Display: Module 'AndroidTargetPlatform' loaded TargetPlatform 'AndroidClient'
[2019.11.19-18.36.57:701][  0]LogTemp: Display: Module 'AndroidTargetPlatform' loaded TargetPlatform 'Android_ASTCClient'
[2019.11.19-18.36.57:701][  0]LogTemp: Display: Module 'AndroidTargetPlatform' loaded TargetPlatform 'Android_ATCClient'
[2019.11.19-18.36.57:701][  0]LogTemp: Display: Module 'AndroidTargetPlatform' loaded TargetPlatform 'Android_DXTClient'
[2019.11.19-18.36.57:702][  0]LogTemp: Display: Module 'AndroidTargetPlatform' loaded TargetPlatform 'Android_ETC1Client'
[2019.11.19-18.36.57:702][  0]LogTemp: Display: Module 'AndroidTargetPlatform' loaded TargetPlatform 'Android_ETC1aClient'
[2019.11.19-18.36.57:702][  0]LogTemp: Display: Module 'AndroidTargetPlatform' loaded TargetPlatform 'Android_ETC2Client'
[2019.11.19-18.36.57:702][  0]LogTemp: Display: Module 'AndroidTargetPlatform' loaded TargetPlatform 'Android_PVRTCClient'
[2019.11.19-18.36.57:702][  0]LogTemp: Display: Module 'AndroidTargetPlatform' loaded TargetPlatform 'Android_Multi'
[2019.11.19-18.36.57:702][  0]LogTemp: Display: Module 'AndroidTargetPlatform' loaded TargetPlatform 'Android_MultiClient'
[2019.11.19-18.36.57:709][  0]LogTemp: Display: Module 'HTML5TargetPlatform' loaded TargetPlatform 'HTML5'
[2019.11.19-18.36.57:832][  0]LogTemp: Display: Module 'IOSTargetPlatform' loaded TargetPlatform 'IOSClient'
[2019.11.19-18.36.57:833][  0]LogTemp: Display: Module 'IOSTargetPlatform' loaded TargetPlatform 'IOS'
[2019.11.19-18.36.57:879][  0]LogTemp: Display: Module 'TVOSTargetPlatform' loaded TargetPlatform 'TVOSClient'
[2019.11.19-18.36.57:879][  0]LogTemp: Display: Module 'TVOSTargetPlatform' loaded TargetPlatform 'TVOS'
[2019.11.19-18.36.57:902][  0]LogTemp: Display: Module 'LinuxClientTargetPlatform' loaded TargetPlatform 'LinuxClient'
[2019.11.19-18.36.57:926][  0]LogTemp: Display: Module 'LinuxNoEditorTargetPlatform' loaded TargetPlatform 'LinuxNoEditor'
[2019.11.19-18.36.57:953][  0]LogTemp: Display: Module 'LinuxServerTargetPlatform' loaded TargetPlatform 'LinuxServer'
[2019.11.19-18.36.57:986][  0]LogTemp: Display: Module 'LinuxTargetPlatform' loaded TargetPlatform 'Linux'
[2019.11.19-18.36.58:081][  0]LogTemp: Display: Module 'LuminTargetPlatform' loaded TargetPlatform 'Lumin'
[2019.11.19-18.36.58:082][  0]LogTemp: Display: Module 'LuminTargetPlatform' loaded TargetPlatform 'LuminClient'
[2019.11.19-18.36.58:082][  0]LogTargetPlatformManager: Display: Building Assets For Windows
[2019.11.19-18.36.58:123][  0]LogAudioDebug: Display: Lib vorbis DLL was dynamically loaded.
[2019.11.19-18.36.58:312][  0]LogShaderCompilers: Guid format shader working directory is -48 characters bigger than the processId version (../../../../../../Users/Angel/Documents/Unreal Projects/AD_samplegame_UE4/sidescrolling_action/Intermediate/Shaders/WorkingDirectory/6464/).
[2019.11.19-18.36.58:313][  0]LogShaderCompilers: Cleaned the shader compiler working directory 'C:/Users/Angel/AppData/Local/Temp/UnrealShaderWorkingDir/6EB5F20547A5C6B65782D9AD5FA716D1/'.
[2019.11.19-18.36.58:318][  0]LogXGEController: Cannot use XGE Controller as Incredibuild is not installed on this machine.
[2019.11.19-18.36.58:318][  0]LogShaderCompilers: Cannot use XGE Shader Compiler as Incredibuild is not installed on this machine.
[2019.11.19-18.36.58:318][  0]LogShaderCompilers: Display: Using Local Shader Compiler.
[2019.11.19-18.37.01:528][  0]LogDerivedDataCache: Display: Max Cache Size: 512 MB
[2019.11.19-18.37.02:105][  0]LogDerivedDataCache: Loaded boot cache 0.58s 75MB C:/Users/Angel/AppData/Local/UnrealEngine/4.22/DerivedDataCache/Boot.ddc.
[2019.11.19-18.37.02:105][  0]LogDerivedDataCache: Display: Loaded Boot cache: C:/Users/Angel/AppData/Local/UnrealEngine/4.22/DerivedDataCache/Boot.ddc
[2019.11.19-18.37.02:105][  0]LogDerivedDataCache: FDerivedDataBackendGraph:  Pak pak cache file ../../../../../../Users/Angel/Documents/Unreal Projects/AD_samplegame_UE4/sidescrolling_action/DerivedDataCache/DDC.ddp not found, will not use a pak cache.
[2019.11.19-18.37.02:105][  0]LogDerivedDataCache: Unable to find inner node Pak for hierarchical cache Hierarchy.
[2019.11.19-18.37.02:106][  0]LogDerivedDataCache: FDerivedDataBackendGraph:  CompressedPak pak cache file ../../../../../../Users/Angel/Documents/Unreal Projects/AD_samplegame_UE4/sidescrolling_action/DerivedDataCache/Compressed.ddp not found, will not use a pak cache.
[2019.11.19-18.37.02:106][  0]LogDerivedDataCache: Unable to find inner node CompressedPak for hierarchical cache Hierarchy.
[2019.11.19-18.37.02:124][  0]LogDerivedDataCache: Display: Pak cache opened for reading ../../../Engine/DerivedDataCache/Compressed.ddp.
[2019.11.19-18.37.02:124][  0]LogDerivedDataCache: FDerivedDataBackendGraph:  EnterprisePak pak cache file ../../../Enterprise/DerivedDataCache/Compressed.ddp not found, will not use a pak cache.
[2019.11.19-18.37.02:124][  0]LogDerivedDataCache: Unable to find inner node EnterprisePak for hierarchical cache Hierarchy.
[2019.11.19-18.37.02:139][  0]LogDerivedDataCache: Using Local data cache path C:/Users/Angel/AppData/Local/UnrealEngine/Common/DerivedDataCache: Writable
[2019.11.19-18.37.02:139][  0]LogDerivedDataCache: Shared data cache path not found in *engine.ini, will not use an Shared cache.
[2019.11.19-18.37.02:139][  0]LogDerivedDataCache: Unable to find inner node Shared for hierarchical cache Hierarchy.
[2019.11.19-18.37.02:169][  0]LogMaterial: Verifying Global Shaders for PCD3D_SM5
[2019.11.19-18.37.02:174][  0]LogSlate: Using FreeType 2.6.0
[2019.11.19-18.37.02:194][  0]LogSlate: SlateFontServices - WITH_FREETYPE: 1, WITH_HARFBUZZ: 1
[2019.11.19-18.37.02:684][  0]LogAssetRegistry: FAssetRegistry took 0.0411 seconds to start up
[2019.11.19-18.37.03:194][  0]LogInit: Selected Device Profile: [Windows]
[2019.11.19-18.37.03:396][  0]LogMeshReduction: Using QuadricMeshReduction for automatic static mesh reduction
[2019.11.19-18.37.03:396][  0]LogMeshReduction: Using SimplygonMeshReduction for automatic skeletal mesh reduction
[2019.11.19-18.37.03:396][  0]LogMeshReduction: Using ProxyLODMeshReduction for automatic mesh merging
[2019.11.19-18.37.03:396][  0]LogMeshReduction: No distributed automatic mesh merging module available
[2019.11.19-18.37.03:396][  0]LogMeshMerging: No distributed automatic mesh merging module available
[2019.11.19-18.37.03:423][  0]LogNetVersion: sidescrolling_action 1.0.0, NetCL: 5660361, EngineNetVer: 10, GameNetVer: 0 (Checksum: 171901508)
[2019.11.19-18.37.04:125][  0]LogPackageLocalizationCache: Processed 10 localized package path(s) for 1 prioritized culture(s) in 0.096476 seconds
[2019.11.19-18.37.04:136][  0]LogUObjectArray: 42205 objects as part of root set at end of initial load.
[2019.11.19-18.37.04:136][  0]LogUObjectAllocator: 7325032 out of 0 bytes used by permanent object pool.
[2019.11.19-18.37.04:137][  0]LogUObjectArray: CloseDisregardForGC: 0/0 objects in disregard for GC pool
[2019.11.19-18.37.08:650][  0]LogTcpMessaging: Initializing TcpMessaging bridge
[2019.11.19-18.37.08:677][  0]LogUdpMessaging: Initializing bridge on interface 0.0.0.0:0 to multicast group 230.0.0.1:6666.
[2019.11.19-18.37.08:850][  0]LogTemp: Warning: Is this working?
[2019.11.19-18.37.08:923][  0]LogTemp: Warning: Is this working?
[2019.11.19-18.37.08:925][  0]LogTemp: Warning: Is this working?
[2019.11.19-18.37.09:085][  0]SourceControl: Source control is disabled
[2019.11.19-18.37.09:085][  0]SourceControl: Source control is disabled
[2019.11.19-18.37.09:091][  0]SourceControl: Source control is disabled
[2019.11.19-18.37.09:096][  0]SourceControl: Source control is disabled
[2019.11.19-18.37.09:321][  0]LogAndroidPermission: UAndroidPermissionCallbackProxy::GetInstance
[2019.11.19-18.37.09:581][  0]LogOcInput: OculusInput pre-init called
[2019.11.19-18.37.10:469][  0]LogEngine: Initializing Engine...
[2019.11.19-18.37.10:470][  0]LogHMD: Failed to initialize OpenVR with code 110
[2019.11.19-18.37.10:471][  0]LogStats: UGameplayTagsManager::InitializeManager -  0.000 s
[2019.11.19-18.37.10:727][  0]LogInit: Initializing FReadOnlyCVARCache
[2019.11.19-18.37.10:757][  0]LogAIModule: Creating AISystem for world Untitled
[2019.11.19-18.37.10:793][  0]LogInit: XAudio2 using 'Headset Earphone (Plantronics BT600)' : 2 channels at 48 kHz using 16 bits per sample (channel mask 0x3)
[2019.11.19-18.37.10:861][  0]LogInit: FAudioDevice initialized.
[2019.11.19-18.37.10:861][  0]LogNetVersion: Set ProjectVersion to 1.0.0.0. Version Checksum will be recalculated on next use.
[2019.11.19-18.37.11:078][  0]LogDerivedDataCache: Saved boot cache 0.22s 75MB C:/Users/Angel/AppData/Local/UnrealEngine/4.22/DerivedDataCache/Boot.ddc.
[2019.11.19-18.37.11:091][  0]LogInit: Texture streaming: Enabled
[2019.11.19-18.37.11:128][  0]LogEngineSessionManager: EngineSessionManager initialized
[2019.11.19-18.37.11:179][  0]LogInit: Transaction tracking system initialized
[2019.11.19-18.37.11:246][  0]BlueprintLog: New page: Editor Load
[2019.11.19-18.37.11:475][  0]LocalizationService: Localization service is disabled
[2019.11.19-18.37.12:002][  0]LogFileCache: Scanning file cache for directory 'C:/Users/Angel/Documents/Unreal Projects/AD_samplegame_UE4/sidescrolling_action/Content/' took 0.02s
[2019.11.19-18.37.12:002][  0]LogCook: Display: Max memory allowance for cook 16384mb min free memory 0mb
[2019.11.19-18.37.12:002][  0]LogCook: Display: Mobile HDR setting 1
[2019.11.19-18.37.12:593][  0]SourceControl: Source control is disabled
[2019.11.19-18.37.12:594][  0]LightingResults: New page: Lighting Build
[2019.11.19-18.37.12:599][  0]MapCheck: New page: Map Check
[2019.11.19-18.37.12:599][  0]LightingResults: New page: Lighting Build
[2019.11.19-18.37.12:621][  0]LogUObjectHash: Compacting FUObjectHashTables data took   2.24ms
[2019.11.19-18.37.12:674][  0]LogTemp: Warning: Is this working?
[2019.11.19-18.37.12:868][  0]LogAIModule: Creating AISystem for world SideScrollerExampleMap
[2019.11.19-18.37.12:883][  0]LogEditorServer: Finished looking for orphan Actors (0.000 secs)
[2019.11.19-18.37.12:966][  0]LogUObjectHash: Compacting FUObjectHashTables data took   3.25ms
[2019.11.19-18.37.12:967][  0]Cmd: MAP CHECKDEP NOCLEARLOG
[2019.11.19-18.37.12:967][  0]MapCheck: Map check complete: 0 Error(s), 0 Warning(s), took 0.223ms to complete.
[2019.11.19-18.37.12:967][  0]LogFileHelpers: Loading map 'SideScrollerExampleMap' took 0.374
[2019.11.19-18.37.13:154][  0]LogSlate: Updating window title bar state: overlay mode, drag disabled, window buttons hidden, title bar hidden
[2019.11.19-18.37.13:163][  0]LogSlate: Updating window title bar state: overlay mode, drag disabled, window buttons hidden, title bar hidden
[2019.11.19-18.37.13:172][  0]LogSlate: Updating window title bar state: overlay mode, drag disabled, window buttons hidden, title bar hidden
[2019.11.19-18.37.13:181][  0]LogSlate: Updating window title bar state: overlay mode, drag disabled, window buttons hidden, title bar hidden
[2019.11.19-18.37.13:196][  0]LogCollectionManager: Loaded 0 collections in 0.002571 seconds
[2019.11.19-18.37.13:217][  0]LogFileCache: Scanning file cache for directory 'C:/Users/Angel/Documents/Unreal Projects/AD_samplegame_UE4/sidescrolling_action/Saved/Collections/' took 0.01s
[2019.11.19-18.37.13:217][  0]LogFileCache: Scanning file cache for directory 'C:/Users/Angel/Documents/Unreal Projects/AD_samplegame_UE4/sidescrolling_action/Content/Developers/Angel/Collections/' took 0.00s
[2019.11.19-18.37.13:217][  0]LogFileCache: Scanning file cache for directory 'C:/Users/Angel/Documents/Unreal Projects/AD_samplegame_UE4/sidescrolling_action/Content/Collections/' took 0.00s
[2019.11.19-18.37.13:218][  0]LogCollectionManager: Rebuilt the GUID cache for 0 collections in 0.000000 seconds
[2019.11.19-18.37.13:228][  0]LogContentBrowser: Native class hierarchy populated in 0.0103 seconds. Added 2734 classes and 661 folders.
[2019.11.19-18.37.13:238][  0]LogContentBrowser: Native class hierarchy updated for 'WidgetCarousel' in 0.0004 seconds. Added 0 classes and 0 folders.
[2019.11.19-18.37.13:250][  0]LogPakFile: Registered encryption key '00000000000000000000000000000000': 0 pak files mounted, 0 remain pending
[2019.11.19-18.37.13:259][  0]LogPakFile: Registered encryption key '00000000000000000000000000000000': 0 pak files mounted, 0 remain pending
[2019.11.19-18.37.13:279][  0]LogPakFile: Registered encryption key '00000000000000000000000000000000': 0 pak files mounted, 0 remain pending
[2019.11.19-18.37.13:288][  0]LogPakFile: Registered encryption key '00000000000000000000000000000000': 0 pak files mounted, 0 remain pending
[2019.11.19-18.37.13:296][  0]LogPakFile: Registered encryption key '00000000000000000000000000000000': 0 pak files mounted, 0 remain pending
[2019.11.19-18.37.13:303][  0]LogPakFile: Registered encryption key '00000000000000000000000000000000': 0 pak files mounted, 0 remain pending
[2019.11.19-18.37.13:311][  0]LogPakFile: Registered encryption key '00000000000000000000000000000000': 0 pak files mounted, 0 remain pending
[2019.11.19-18.37.13:320][  0]LogPakFile: Registered encryption key '00000000000000000000000000000000': 0 pak files mounted, 0 remain pending
[2019.11.19-18.37.13:330][  0]LogPakFile: Registered encryption key '00000000000000000000000000000000': 0 pak files mounted, 0 remain pending
[2019.11.19-18.37.13:341][  0]LogPakFile: Registered encryption key '00000000000000000000000000000000': 0 pak files mounted, 0 remain pending
[2019.11.19-18.37.13:348][  0]LogPakFile: Registered encryption key '00000000000000000000000000000000': 0 pak files mounted, 0 remain pending
[2019.11.19-18.37.13:356][  0]LogPakFile: Registered encryption key '00000000000000000000000000000000': 0 pak files mounted, 0 remain pending
[2019.11.19-18.37.13:366][  0]LogPakFile: Registered encryption key '00000000000000000000000000000000': 0 pak files mounted, 0 remain pending
[2019.11.19-18.37.13:375][  0]LogPakFile: Registered encryption key '00000000000000000000000000000000': 0 pak files mounted, 0 remain pending
[2019.11.19-18.37.13:384][  0]LogPakFile: Registered encryption key '00000000000000000000000000000000': 0 pak files mounted, 0 remain pending
[2019.11.19-18.37.13:392][  0]LogPakFile: Registered encryption key '00000000000000000000000000000000': 0 pak files mounted, 0 remain pending
[2019.11.19-18.37.13:425][  0]LogPakFile: Registered encryption key '00000000000000000000000000000000': 0 pak files mounted, 0 remain pending
[2019.11.19-18.37.13:434][  0]LogPakFile: Registered encryption key '00000000000000000000000000000000': 0 pak files mounted, 0 remain pending
[2019.11.19-18.37.13:442][  0]LogPakFile: Registered encryption key '00000000000000000000000000000000': 0 pak files mounted, 0 remain pending
[2019.11.19-18.37.13:451][  0]LogPakFile: Registered encryption key '00000000000000000000000000000000': 0 pak files mounted, 0 remain pending
[2019.11.19-18.37.13:460][  0]LogPakFile: Registered encryption key '00000000000000000000000000000000': 0 pak files mounted, 0 remain pending
[2019.11.19-18.37.13:469][  0]LogPakFile: Registered encryption key '00000000000000000000000000000000': 0 pak files mounted, 0 remain pending
[2019.11.19-18.37.13:479][  0]LogPakFile: Registered encryption key '00000000000000000000000000000000': 0 pak files mounted, 0 remain pending
[2019.11.19-18.37.13:489][  0]LogPakFile: Registered encryption key '00000000000000000000000000000000': 0 pak files mounted, 0 remain pending
[2019.11.19-18.37.13:498][  0]LogPakFile: Registered encryption key '00000000000000000000000000000000': 0 pak files mounted, 0 remain pending
[2019.11.19-18.37.13:508][  0]LogPakFile: Registered encryption key '00000000000000000000000000000000': 0 pak files mounted, 0 remain pending
[2019.11.19-18.37.13:834][  0]LogContentBrowser: Native class hierarchy updated for 'AddContentDialog' in 0.0004 seconds. Added 0 classes and 0 folders.
[2019.11.19-18.37.13:845][  0]LogContentBrowser: Native class hierarchy updated for 'SceneOutliner' in 0.0004 seconds. Added 1 classes and 2 folders.
[2019.11.19-18.37.13:871][  0]LogSlate: Took 0.009679 seconds to synchronously load lazily loaded font '../../../Engine/Content/Slate/Fonts/Roboto-Regular.ttf' (155K)
[2019.11.19-18.37.13:888][  0]LogSlate: Took 0.009614 seconds to synchronously load lazily loaded font '../../../Engine/Content/Slate/Fonts/Roboto-Bold.ttf' (160K)
[2019.11.19-18.37.13:904][  0]LogSlate: Took 0.008345 seconds to synchronously load lazily loaded font '../../../Engine/Content/Editor/Slate/Fonts/FontAwesome.ttf' (139K)
[2019.11.19-18.37.14:025][  0]LogRenderer: Reallocating scene render targets to support 760x272 Format 10 NumSamples 1 (Frame:1).
[2019.11.19-18.37.14:759][  0]LogSlate: Took 0.018007 seconds to synchronously load lazily loaded font '../../../Engine/Content/Slate/Fonts/Roboto-Light.ttf' (167K)
[2019.11.19-18.37.14:876][  0]LogContentBrowser: Native class hierarchy updated for 'HierarchicalLODOutliner' in 0.0008 seconds. Added 0 classes and 0 folders.
[2019.11.19-18.37.14:876][  0]LogLoad: (Engine Initialization) Total time: 27.24 seconds
[2019.11.19-18.37.14:876][  0]LogLoad: (Engine Initialization) Total Blueprint compile time: 0.00 seconds
[2019.11.19-18.37.14:947][  0]LogAssetRegistry: Asset discovery search completed in 12.2885 seconds
[2019.11.19-18.37.14:951][  0]LogCollectionManager: Rebuilt the object cache for 0 collections in 0.000000 seconds (found 0 objects)
[2019.11.19-18.37.14:951][  0]LogCollectionManager: Fixed up redirectors for 0 collections in 0.000213 seconds (updated 0 objects)
[2019.11.19-18.37.14:953][  0]LogContentStreaming: Texture pool size now 1000 MB
[2019.11.19-18.37.22:925][166]LogSlate: FSceneViewport::OnFocusLost() reason 2
[2019.11.19-18.37.23:759][213]LogTemp: Repeating last play command: Selected Viewport
[2019.11.19-18.37.23:779][213]LogBlueprintUserMessages: Early PlayInEditor Detection: Level '/Game/SideScrollerCPP/Maps/SideScrollerExampleMap.SideScrollerExampleMap:PersistentLevel' has LevelScriptBlueprint '/Game/SideScrollerCPP/Maps/SideScrollerExampleMap.SideScrollerExampleMap:PersistentLevel.SideScrollerExampleMap' with GeneratedClass '/Game/SideScrollerCPP/Maps/SideScrollerExampleMap.SideScrollerExampleMap_C' with ClassGeneratedBy '/Game/SideScrollerCPP/Maps/SideScrollerExampleMap.SideScrollerExampleMap:PersistentLevel.SideScrollerExampleMap'
[2019.11.19-18.37.23:781][213]LogPlayLevel: PlayLevel: No blueprints needed recompiling
[2019.11.19-18.37.23:782][213]PIE: New page: PIE session: SideScrollerExampleMap (Nov 19, 2019, 6:37:23 AM)
[2019.11.19-18.37.23:799][213]LogPlayLevel: Creating play world package: /Game/SideScrollerCPP/Maps/UEDPIE_0_SideScrollerExampleMap
[2019.11.19-18.37.23:800][213]LogTemp: Warning: Is this working?
[2019.11.19-18.37.23:818][213]LogPlayLevel: PIE: StaticDuplicateObject took: (0.019965s)
[2019.11.19-18.37.23:820][213]LogAIModule: Creating AISystem for world SideScrollerExampleMap
[2019.11.19-18.37.23:821][213]LogPlayLevel: PIE: World Init took: (0.002331s)
[2019.11.19-18.37.23:822][213]LogPlayLevel: PIE: Created PIE world by copying editor world from /Game/SideScrollerCPP/Maps/SideScrollerExampleMap.SideScrollerExampleMap to /Game/SideScrollerCPP/Maps/UEDPIE_0_SideScrollerExampleMap.SideScrollerExampleMap (0.023719s)
[2019.11.19-18.37.23:849][213]LogUObjectHash: Compacting FUObjectHashTables data took   1.50ms
[2019.11.19-18.37.23:869][213]LogInit: XAudio2 using 'Headset Earphone (Plantronics BT600)' : 2 channels at 48 kHz using 16 bits per sample (channel mask 0x3)
[2019.11.19-18.37.23:883][213]LogInit: FAudioDevice initialized.
[2019.11.19-18.37.23:886][213]LogSlate: FSceneViewport::OnFocusLost() reason 2
[2019.11.19-18.37.23:939][213]LogLoad: Game class is 'sidescrolling_actionGameMode'
[2019.11.19-18.37.23:973][213]LogWorld: Bringing World /Game/SideScrollerCPP/Maps/UEDPIE_0_SideScrollerExampleMap.SideScrollerExampleMap up for play (max tick rate 60) at 2019.11.19-12.37.23
[2019.11.19-18.37.23:985][213]LogWorld: Bringing up level for play took: 0.022617
[2019.11.19-18.37.24:033][213]LogContentBrowser: Native class hierarchy updated for 'MovieSceneCapture' in 0.0013 seconds. Added 20 classes and 0 folders.
[2019.11.19-18.37.24:036][213]PIE: Play in editor start time for /Game/SideScrollerCPP/Maps/UEDPIE_0_SideScrollerExampleMap 0.767
[2019.11.19-18.37.24:037][213]LogBlueprintUserMessages: Late PlayInEditor Detection: Level '/Game/SideScrollerCPP/Maps/SideScrollerExampleMap.SideScrollerExampleMap:PersistentLevel' has LevelScriptBlueprint '/Game/SideScrollerCPP/Maps/SideScrollerExampleMap.SideScrollerExampleMap:PersistentLevel.SideScrollerExampleMap' with GeneratedClass '/Game/SideScrollerCPP/Maps/SideScrollerExampleMap.SideScrollerExampleMap_C' with ClassGeneratedBy '/Game/SideScrollerCPP/Maps/SideScrollerExampleMap.SideScrollerExampleMap:PersistentLevel.SideScrollerExampleMap'
[2019.11.19-18.37.27:400][363]LogBlueprintUserMessages: Early EndPlayMap Detection: Level '/Game/SideScrollerCPP/Maps/SideScrollerExampleMap.SideScrollerExampleMap:PersistentLevel' has LevelScriptBlueprint '/Game/SideScrollerCPP/Maps/SideScrollerExampleMap.SideScrollerExampleMap:PersistentLevel.SideScrollerExampleMap' with GeneratedClass '/Game/SideScrollerCPP/Maps/SideScrollerExampleMap.SideScrollerExampleMap_C' with ClassGeneratedBy '/Game/SideScrollerCPP/Maps/SideScrollerExampleMap.SideScrollerExampleMap:PersistentLevel.SideScrollerExampleMap'
[2019.11.19-18.37.27:405][363]LogSlate: Updating window title bar state: overlay mode, drag disabled, window buttons hidden, title bar hidden
[2019.11.19-18.37.27:455][363]LogPlayLevel: Display: Shutting down PIE online subsystems
[2019.11.19-18.37.27:458][363]LogBlueprintUserMessages: Late EndPlayMap Detection: Level '/Game/SideScrollerCPP/Maps/SideScrollerExampleMap.SideScrollerExampleMap:PersistentLevel' has LevelScriptBlueprint '/Game/SideScrollerCPP/Maps/SideScrollerExampleMap.SideScrollerExampleMap:PersistentLevel.SideScrollerExampleMap' with GeneratedClass '/Game/SideScrollerCPP/Maps/SideScrollerExampleMap.SideScrollerExampleMap_C' with ClassGeneratedBy '/Game/SideScrollerCPP/Maps/SideScrollerExampleMap.SideScrollerExampleMap:PersistentLevel.SideScrollerExampleMap'
[2019.11.19-18.37.27:501][363]LogSlate: Updating window title bar state: overlay mode, drag disabled, window buttons hidden, title bar hidden
[2019.11.19-18.37.27:505][363]LogUObjectHash: Compacting FUObjectHashTables data took   1.59ms
[2019.11.19-18.37.27:516][364]LogPlayLevel: Display: Destroying online subsystem :Context_1
[2019.11.19-18.37.30:379][521]LogBlueprintUserMessages: Early PlayInEditor Detection: Level '/Game/SideScrollerCPP/Maps/SideScrollerExampleMap.SideScrollerExampleMap:PersistentLevel' has LevelScriptBlueprint '/Game/SideScrollerCPP/Maps/SideScrollerExampleMap.SideScrollerExampleMap:PersistentLevel.SideScrollerExampleMap' with GeneratedClass '/Game/SideScrollerCPP/Maps/SideScrollerExampleMap.SideScrollerExampleMap_C' with ClassGeneratedBy '/Game/SideScrollerCPP/Maps/SideScrollerExampleMap.SideScrollerExampleMap:PersistentLevel.SideScrollerExampleMap'
[2019.11.19-18.37.30:380][521]LogPlayLevel: PlayLevel: No blueprints needed recompiling
[2019.11.19-18.37.30:380][521]PIE: New page: PIE session: SideScrollerExampleMap (Nov 19, 2019, 6:37:30 AM)
[2019.11.19-18.37.30:380][521]LogPlayLevel: Creating play world package: /Game/SideScrollerCPP/Maps/UEDPIE_0_SideScrollerExampleMap
[2019.11.19-18.37.30:382][521]LogTemp: Warning: Is this working?
[2019.11.19-18.37.30:398][521]LogPlayLevel: PIE: StaticDuplicateObject took: (0.016636s)
[2019.11.19-18.37.30:398][521]LogAIModule: Creating AISystem for world SideScrollerExampleMap
[2019.11.19-18.37.30:511][521]LogPlayLevel: PIE: World Init took: (0.112562s)
[2019.11.19-18.37.30:512][521]LogPlayLevel: PIE: Created PIE world by copying editor world from /Game/SideScrollerCPP/Maps/SideScrollerExampleMap.SideScrollerExampleMap to /Game/SideScrollerCPP/Maps/UEDPIE_0_SideScrollerExampleMap.SideScrollerExampleMap (0.131888s)
[2019.11.19-18.37.30:577][521]LogUObjectHash: Compacting FUObjectHashTables data took   2.12ms
[2019.11.19-18.37.30:605][521]LogInit: XAudio2 using 'Headset Earphone (Plantronics BT600)' : 2 channels at 48 kHz using 16 bits per sample (channel mask 0x3)
[2019.11.19-18.37.30:624][521]LogInit: FAudioDevice initialized.
[2019.11.19-18.37.30:743][521]LogSlate: Updating window title bar state: overlay mode, drag disabled, window buttons hidden, title bar hidden
[2019.11.19-18.37.30:800][521]LogLoad: Game class is 'sidescrolling_actionGameMode'
[2019.11.19-18.37.30:806][521]LogWorld: Bringing World /Game/SideScrollerCPP/Maps/UEDPIE_0_SideScrollerExampleMap.SideScrollerExampleMap up for play (max tick rate 60) at 2019.11.19-12.37.30
[2019.11.19-18.37.30:808][521]LogWorld: Bringing up level for play took: 0.006733
[2019.11.19-18.37.30:910][521]PIE: Play in editor start time for /Game/SideScrollerCPP/Maps/UEDPIE_0_SideScrollerExampleMap -0.359
[2019.11.19-18.37.30:911][521]LogBlueprintUserMessages: Late PlayInEditor Detection: Level '/Game/SideScrollerCPP/Maps/SideScrollerExampleMap.SideScrollerExampleMap:PersistentLevel' has LevelScriptBlueprint '/Game/SideScrollerCPP/Maps/SideScrollerExampleMap.SideScrollerExampleMap:PersistentLevel.SideScrollerExampleMap' with GeneratedClass '/Game/SideScrollerCPP/Maps/SideScrollerExampleMap.SideScrollerExampleMap_C' with ClassGeneratedBy '/Game/SideScrollerCPP/Maps/SideScrollerExampleMap.SideScrollerExampleMap:PersistentLevel.SideScrollerExampleMap'
[2019.11.19-18.37.31:033][522]LogRenderer: Reallocating scene render targets to support 844x448 Format 10 NumSamples 1 (Frame:1).
[2019.11.19-18.38.09:821][710]LogBlueprintUserMessages: Early EndPlayMap Detection: Level '/Game/SideScrollerCPP/Maps/SideScrollerExampleMap.SideScrollerExampleMap:PersistentLevel' has LevelScriptBlueprint '/Game/SideScrollerCPP/Maps/SideScrollerExampleMap.SideScrollerExampleMap:PersistentLevel.SideScrollerExampleMap' with GeneratedClass '/Game/SideScrollerCPP/Maps/SideScrollerExampleMap.SideScrollerExampleMap_C' with ClassGeneratedBy '/Game/SideScrollerCPP/Maps/SideScrollerExampleMap.SideScrollerExampleMap:PersistentLevel.SideScrollerExampleMap'
[2019.11.19-18.38.09:822][710]LogSlate: Updating window title bar state: overlay mode, drag disabled, window buttons hidden, title bar hidden
[2019.11.19-18.38.09:871][710]LogSlate: Window 'sidescrolling_action Game Preview Standalone (64-bit/PCD3D_SM5)' being destroyed
[2019.11.19-18.38.09:928][710]LogPlayLevel: Display: Shutting down PIE online subsystems
[2019.11.19-18.38.09:928][710]LogBlueprintUserMessages: Late EndPlayMap Detection: Level '/Game/SideScrollerCPP/Maps/SideScrollerExampleMap.SideScrollerExampleMap:PersistentLevel' has LevelScriptBlueprint '/Game/SideScrollerCPP/Maps/SideScrollerExampleMap.SideScrollerExampleMap:PersistentLevel.SideScrollerExampleMap' with GeneratedClass '/Game/SideScrollerCPP/Maps/SideScrollerExampleMap.SideScrollerExampleMap_C' with ClassGeneratedBy '/Game/SideScrollerCPP/Maps/SideScrollerExampleMap.SideScrollerExampleMap:PersistentLevel.SideScrollerExampleMap'
[2019.11.19-18.38.09:993][710]LogUObjectHash: Compacting FUObjectHashTables data took   1.92ms
[2019.11.19-18.38.10:041][711]LogPlayLevel: Display: Destroying online subsystem :Context_2
