Log file open, 11/19/19 14:06:14
LogWindows: Failed to load 'aqProf.dll' (GetLastError=126)
LogWindows: File 'aqProf.dll' does not exist
LogWindows: Failed to load 'VtuneApi.dll' (GetLastError=126)
LogWindows: File 'VtuneApi.dll' does not exist
LogWindows: Failed to load 'VtuneApi32e.dll' (GetLastError=126)
LogWindows: File 'VtuneApi32e.dll' does not exist
LogConsoleResponse: Display: Failed to find resolution value strings in scalability ini. Falling back to default.
LogInit: Display: Running engine for game: sidescrolling_action
LogPakFile: Registered encryption key '00000000000000000000000000000000': 0 pak files mounted, 0 remain pending
LogPlatformFile: Not using cached read wrapper
LogTaskGraph: Started task graph with 5 named threads and 11 total threads with 3 sets of task threads.
LogStats: Stats thread started at 0.489155
LogD3D11RHI: Loaded GFSDK_Aftermath_Lib.x64.dll
LogICUInternationalization: ICU TimeZone Detection - Raw Offset: -6:00, Platform Override: ''
LogPluginManager: Mounting plugin Paper2D
LogPluginManager: Mounting plugin AISupport
LogPluginManager: Mounting plugin LightPropagationVolume
LogPluginManager: Mounting plugin ActorLayerUtilities
LogPluginManager: Mounting plugin AnimationSharing
LogPluginManager: Mounting plugin CLionSourceCodeAccess
LogPluginManager: Mounting plugin CodeLiteSourceCodeAccess
LogPluginManager: Mounting plugin GitSourceControl
LogPluginManager: Mounting plugin KDevelopSourceCodeAccess
LogPluginManager: Mounting plugin NullSourceCodeAccess
LogPluginManager: Mounting plugin PerforceSourceControl
LogPluginManager: Mounting plugin SubversionSourceControl
LogPluginManager: Mounting plugin UObjectPlugin
LogPluginManager: Mounting plugin VisualStudioCodeSourceCodeAccess
LogPluginManager: Mounting plugin VisualStudioSourceCodeAccess
LogPluginManager: Mounting plugin XCodeSourceCodeAccess
LogPluginManager: Mounting plugin AssetManagerEditor
LogPluginManager: Mounting plugin CryptoKeys
LogPluginManager: Mounting plugin DataValidation
LogPluginManager: Mounting plugin FacialAnimation
LogPluginManager: Mounting plugin GameplayTagsEditor
LogPluginManager: Mounting plugin MacGraphicsSwitching
LogPluginManager: Mounting plugin MaterialAnalyzer
LogPluginManager: Mounting plugin MobileLauncherProfileWizard
LogPluginManager: Mounting plugin PluginBrowser
LogPluginManager: Mounting plugin SpeedTreeImporter
LogPluginManager: Mounting plugin DatasmithContent
LogPluginManager: Mounting plugin VariantManagerContent
LogPluginManager: Mounting plugin AlembicImporter
LogPluginManager: Mounting plugin AppleImageUtils
LogPluginManager: Mounting plugin AppleVision
LogPluginManager: Mounting plugin BackChannel
LogPluginManager: Mounting plugin CharacterAI
LogPluginManager: Mounting plugin GeometryCache
LogPluginManager: Mounting plugin HTML5Networking
LogPluginManager: Mounting plugin ProxyLODPlugin
LogPluginManager: Mounting plugin SkeletalReduction
LogPluginManager: Mounting plugin MagicLeap
LogPluginManager: Mounting plugin MagicLeapMedia
LogPluginManager: Mounting plugin AndroidMedia
LogPluginManager: Mounting plugin AvfMedia
LogPluginManager: Mounting plugin ImgMedia
LogPluginManager: Mounting plugin LinearTimecode
LogPluginManager: Mounting plugin MediaCompositing
LogPluginManager: Mounting plugin MediaPlayerEditor
LogPluginManager: Mounting plugin WebMMedia
LogPluginManager: Mounting plugin WmfMedia
LogPluginManager: Mounting plugin TcpMessaging
LogPluginManager: Mounting plugin UdpMessaging
LogPluginManager: Mounting plugin ActorSequence
LogPluginManager: Mounting plugin LevelSequenceEditor
LogPluginManager: Mounting plugin MatineeToLevelSequence
LogPluginManager: Mounting plugin NetcodeUnitTest
LogPluginManager: Mounting plugin NUTUnrealEngine4
LogPluginManager: Mounting plugin OnlineSubsystemGooglePlay
LogPluginManager: Mounting plugin OnlineSubsystemIOS
LogPluginManager: Mounting plugin OnlineSubsystem
LogPluginManager: Mounting plugin OnlineSubsystemNull
LogPluginManager: Mounting plugin OnlineSubsystemUtils
LogPluginManager: Mounting plugin LauncherChunkInstaller
LogPluginManager: Mounting plugin AndroidDeviceProfileSelector
LogPluginManager: Mounting plugin AndroidMoviePlayer
LogPluginManager: Mounting plugin AndroidPermission
LogPluginManager: Mounting plugin AppleMoviePlayer
LogPluginManager: Mounting plugin ArchVisCharacter
LogPluginManager: Mounting plugin AudioCapture
LogPluginManager: Mounting plugin CableComponent
LogPluginManager: Mounting plugin CustomMeshComponent
LogPluginManager: Mounting plugin EditableMesh
LogPluginManager: Mounting plugin ExampleDeviceProfileSelector
LogPluginManager: Mounting plugin Firebase
LogPluginManager: Mounting plugin GoogleCloudMessaging
LogPluginManager: Mounting plugin IOSDeviceProfileSelector
LogPluginManager: Mounting plugin LinuxDeviceProfileSelector
LogPluginManager: Mounting plugin LocationServicesBPLibrary
LogPluginManager: Mounting plugin MobilePatchingUtils
LogPluginManager: Mounting plugin OculusVR
LogPluginManager: Mounting plugin PhysXVehicles
LogPluginManager: Mounting plugin ProceduralMeshComponent
LogPluginManager: Mounting plugin RuntimePhysXCooking
LogPluginManager: Mounting plugin SignificanceManager
LogPluginManager: Mounting plugin SteamVR
LogPluginManager: Mounting plugin WebMMoviePlayer
LogPluginManager: Mounting plugin WindowsMoviePlayer
LogInit: Using libcurl 7.55.1-DEV
LogInit:  - built for x86_64-pc-win32
LogInit:  - supports SSL with OpenSSL/1.1.1
LogInit:  - supports HTTP deflate (compression) using libz 1.2.8
LogInit:  - other features:
LogInit:      CURL_VERSION_SSL
LogInit:      CURL_VERSION_LIBZ
LogInit:      CURL_VERSION_IPV6
LogInit:      CURL_VERSION_ASYNCHDNS
LogInit:      CURL_VERSION_LARGEFILE
LogInit:      CURL_VERSION_IDN
LogInit:  CurlRequestOptions (configurable via config and command line):
LogInit:  - bVerifyPeer = true  - Libcurl will verify peer certificate
LogInit:  - bUseHttpProxy = false  - Libcurl will NOT use HTTP proxy
LogInit:  - bDontReuseConnections = false  - Libcurl will reuse connections
LogInit:  - MaxHostConnections = 16  - Libcurl will limit the number of connections to a host
LogInit:  - LocalHostAddr = Default
LogInit:  - BufferSize = 65536
LogInit: WinSock: version 1.1 (2.2), MaxSocks=32767, MaxUdp=65467
LogInit: Build: ++UE4+Release-4.22-CL-7053642
LogInit: Engine Version: 4.22.3-7053642+++UE4+Release-4.22
LogInit: Compatible Engine Version: 4.22.0-5660361+++UE4+Release-4.22
LogInit: Net CL: 5660361
LogInit: OS: Windows 10 (Release 1903) (), CPU: Intel(R) Core(TM) i5-7200U CPU @ 2.50GHz, GPU: Intel(R) HD Graphics 620
LogInit: Compiled (64-bit): Jun 18 2019 03:09:11
LogInit: Compiled with Visual C++: 19.16.27025.01
LogInit: Build Configuration: Development
LogInit: Branch Name: ++UE4+Release-4.22
LogInit: Command Line:  -skipcompile
LogInit: Base Directory: C:/Program Files/Epic Games/UE_4.22/Engine/Binaries/Win64/
LogInit: Installed Engine Build: 1
LogDevObjectVersion: Number of dev versions registered: 23
LogDevObjectVersion:   Dev-Blueprints (B0D832E4-1F89-4F0D-ACCF-7EB736FD4AA2): 10
LogDevObjectVersion:   Dev-Build (E1C64328-A22C-4D53-A36C-8E866417BD8C): 0
LogDevObjectVersion:   Dev-Core (375EC13C-06E4-48FB-B500-84F0262A717E): 3
LogDevObjectVersion:   Dev-Editor (E4B068ED-F494-42E9-A231-DA0B2E46BB41): 30
LogDevObjectVersion:   Dev-Framework (CFFC743F-43B0-4480-9391-14DF171D2073): 35
LogDevObjectVersion:   Dev-Mobile (B02B49B5-BB20-44E9-A304-32B752E40360): 2
LogDevObjectVersion:   Dev-Networking (A4E4105C-59A1-49B5-A7C5-40C4547EDFEE): 0
LogDevObjectVersion:   Dev-Online (39C831C9-5AE6-47DC-9A44-9C173E1C8E7C): 0
LogDevObjectVersion:   Dev-Physics (78F01B33-EBEA-4F98-B9B4-84EACCB95AA2): 0
LogDevObjectVersion:   Dev-Platform (6631380F-2D4D-43E0-8009-CF276956A95A): 0
LogDevObjectVersion:   Dev-Rendering (12F88B9F-8875-4AFC-A67C-D90C383ABD29): 28
LogDevObjectVersion:   Dev-Sequencer (7B5AE74C-D270-4C10-A958-57980B212A5A): 11
LogDevObjectVersion:   Dev-VR (D7296918-1DD6-4BDD-9DE2-64A83CC13884): 2
LogDevObjectVersion:   Dev-LoadTimes (C2A15278-BFE7-4AFE-6C17-90FF531DF755): 1
LogDevObjectVersion:   Private-Geometry (6EACA3D4-40EC-4CC1-B786-8BED09428FC5): 3
LogDevObjectVersion:   Dev-AnimPhys (29E575DD-E0A3-4627-9D10-D276232CDCEA): 17
LogDevObjectVersion:   Dev-Anim (AF43A65D-7FD3-4947-9873-3E8ED9C1BB05): 2
LogDevObjectVersion:   Dev-ReflectionCapture (6B266CEC-1EC7-4B8F-A30B-E4D90942FC07): 1
LogDevObjectVersion:   Dev-Automation (0DF73D61-A23F-47EA-B727-89E90C41499A): 1
LogDevObjectVersion:   FortniteMain (601D1886-AC64-4F84-AA16-D3DE0DEAC7D6): 25
LogDevObjectVersion:   Dev-Enterprise (9DFFBCD6-494F-0158-E221-12823C92A888): 6
LogDevObjectVersion:   Dev-Niagara (F2AED0AC-9AFE-416F-8664-AA7FFA26D6FC): 1
LogDevObjectVersion:   Dev-Destruction (174F1F0B-B4C6-45A5-B13F-2EE8D0FB917D): 2
LogInit: Presizing for max 16777216 objects, including 0 objects not considered by GC, pre-allocating 0 bytes for permanent pool.
LogInit: Object subsystem initialized
LogConfig: Setting CVar [[con.DebugEarlyDefault:1]]
LogConfig: Setting CVar [[r.setres:1280x720]]
[2019.11.19-20.06.15:131][  0]LogConfig: Setting CVar [[r.VSync:0]]
[2019.11.19-20.06.15:131][  0]LogConfig: Setting CVar [[r.RHICmdBypass:0]]
[2019.11.19-20.06.15:131][  0]LogConfig: Applying CVar settings from Section [/Script/Engine.RendererSettings] File [C:/Users/Angel/Documents/Unreal Projects/AD_samplegame_UE4/sidescrolling_action/Saved/Config/Windows/Engine.ini]
[2019.11.19-20.06.15:132][  0]LogConfig: Setting CVar [[r.GPUCrashDebugging:0]]
[2019.11.19-20.06.15:132][  0]LogConfig: Applying CVar settings from Section [/Script/Engine.RendererOverrideSettings] File [C:/Users/Angel/Documents/Unreal Projects/AD_samplegame_UE4/sidescrolling_action/Saved/Config/Windows/Engine.ini]
[2019.11.19-20.06.15:132][  0]LogConfig: Applying CVar settings from Section [/Script/Engine.StreamingSettings] File [C:/Users/Angel/Documents/Unreal Projects/AD_samplegame_UE4/sidescrolling_action/Saved/Config/Windows/Engine.ini]
[2019.11.19-20.06.15:132][  0]LogConfig: Setting CVar [[s.MinBulkDataSizeForAsyncLoading:131072]]
[2019.11.19-20.06.15:133][  0]LogConfig: Setting CVar [[s.AsyncLoadingThreadEnabled:0]]
[2019.11.19-20.06.15:133][  0]LogConfig: Setting CVar [[s.EventDrivenLoaderEnabled:1]]
[2019.11.19-20.06.15:134][  0]LogConfig: Setting CVar [[s.WarnIfTimeLimitExceeded:0]]
[2019.11.19-20.06.15:134][  0]LogConfig: Setting CVar [[s.TimeLimitExceededMultiplier:1.5]]
[2019.11.19-20.06.15:134][  0]LogConfig: Setting CVar [[s.TimeLimitExceededMinTime:0.005]]
[2019.11.19-20.06.15:135][  0]LogConfig: Setting CVar [[s.UseBackgroundLevelStreaming:1]]
[2019.11.19-20.06.15:136][  0]LogConfig: Setting CVar [[s.PriorityAsyncLoadingExtraTime:15.0]]
[2019.11.19-20.06.15:138][  0]LogConfig: Setting CVar [[s.LevelStreamingActorsUpdateTimeLimit:5.0]]
[2019.11.19-20.06.15:138][  0]LogConfig: Setting CVar [[s.PriorityLevelStreamingActorsUpdateExtraTime:5.0]]
[2019.11.19-20.06.15:138][  0]LogConfig: Setting CVar [[s.LevelStreamingComponentsRegistrationGranularity:10]]
[2019.11.19-20.06.15:138][  0]LogConfig: Setting CVar [[s.UnregisterComponentsTimeLimit:1.0]]
[2019.11.19-20.06.15:138][  0]LogConfig: Setting CVar [[s.LevelStreamingComponentsUnregistrationGranularity:5]]
[2019.11.19-20.06.15:138][  0]LogConfig: Applying CVar settings from Section [/Script/Engine.GarbageCollectionSettings] File [C:/Users/Angel/Documents/Unreal Projects/AD_samplegame_UE4/sidescrolling_action/Saved/Config/Windows/Engine.ini]
[2019.11.19-20.06.15:138][  0]LogConfig: Setting CVar [[gc.MaxObjectsNotConsideredByGC:1]]
[2019.11.19-20.06.15:138][  0]LogConfig: Setting CVar [[gc.SizeOfPermanentObjectPool:0]]
[2019.11.19-20.06.15:139][  0]LogConfig: Setting CVar [[gc.FlushStreamingOnGC:0]]
[2019.11.19-20.06.15:139][  0]LogConfig: Setting CVar [[gc.NumRetriesBeforeForcingGC:10]]
[2019.11.19-20.06.15:139][  0]LogConfig: Setting CVar [[gc.AllowParallelGC:1]]
[2019.11.19-20.06.15:140][  0]LogConfig: Setting CVar [[gc.TimeBetweenPurgingPendingKillObjects:61.1]]
[2019.11.19-20.06.15:140][  0]LogConfig: Setting CVar [[gc.MaxObjectsInEditor:16777216]]
[2019.11.19-20.06.15:140][  0]LogConfig: Setting CVar [[gc.IncrementalBeginDestroyEnabled:1]]
[2019.11.19-20.06.15:140][  0]LogConfig: Setting CVar [[gc.CreateGCClusters:1]]
[2019.11.19-20.06.15:140][  0]LogConfig: Setting CVar [[gc.MinGCClusterSize:5]]
[2019.11.19-20.06.15:140][  0]LogConfig: Setting CVar [[gc.ActorClusteringEnabled:0]]
[2019.11.19-20.06.15:140][  0]LogConfig: Setting CVar [[gc.BlueprintClusteringEnabled:0]]
[2019.11.19-20.06.15:140][  0]LogConfig: Setting CVar [[gc.UseDisregardForGCOnDedicatedServers:0]]
[2019.11.19-20.06.15:140][  0]LogConfig: Applying CVar settings from Section [/Script/Engine.NetworkSettings] File [C:/Users/Angel/Documents/Unreal Projects/AD_samplegame_UE4/sidescrolling_action/Saved/Config/Windows/Engine.ini]
[2019.11.19-20.06.15:141][  0]LogConfig: Applying CVar settings from Section [/Script/UnrealEd.CookerSettings] File [C:/Users/Angel/Documents/Unreal Projects/AD_samplegame_UE4/sidescrolling_action/Saved/Config/Windows/Engine.ini]
[2019.11.19-20.06.15:159][  0]LogConfig: Applying CVar settings from Section [ViewDistanceQuality@3] File [C:/Users/Angel/Documents/Unreal Projects/AD_samplegame_UE4/sidescrolling_action/Saved/Config/Windows/Scalability.ini]
[2019.11.19-20.06.15:159][  0]LogConfig: Setting CVar [[r.SkeletalMeshLODBias:0]]
[2019.11.19-20.06.15:159][  0]LogConfig: Setting CVar [[r.ViewDistanceScale:1.0]]
[2019.11.19-20.06.15:159][  0]LogConfig: Applying CVar settings from Section [AntiAliasingQuality@3] File [C:/Users/Angel/Documents/Unreal Projects/AD_samplegame_UE4/sidescrolling_action/Saved/Config/Windows/Scalability.ini]
[2019.11.19-20.06.15:160][  0]LogConfig: Setting CVar [[r.PostProcessAAQuality:4]]
[2019.11.19-20.06.15:160][  0]LogConfig: Applying CVar settings from Section [ShadowQuality@3] File [C:/Users/Angel/Documents/Unreal Projects/AD_samplegame_UE4/sidescrolling_action/Saved/Config/Windows/Scalability.ini]
[2019.11.19-20.06.15:160][  0]LogConfig: Setting CVar [[r.LightFunctionQuality:1]]
[2019.11.19-20.06.15:160][  0]LogConfig: Setting CVar [[r.ShadowQuality:5]]
[2019.11.19-20.06.15:160][  0]LogConfig: Setting CVar [[r.Shadow.CSM.MaxCascades:10]]
[2019.11.19-20.06.15:160][  0]LogConfig: Setting CVar [[r.Shadow.MaxResolution:2048]]
[2019.11.19-20.06.15:160][  0]LogConfig: Setting CVar [[r.Shadow.MaxCSMResolution:2048]]
[2019.11.19-20.06.15:160][  0]LogConfig: Setting CVar [[r.Shadow.RadiusThreshold:0.01]]
[2019.11.19-20.06.15:160][  0]LogConfig: Setting CVar [[r.Shadow.DistanceScale:1.0]]
[2019.11.19-20.06.15:161][  0]LogConfig: Setting CVar [[r.Shadow.CSM.TransitionScale:1.0]]
[2019.11.19-20.06.15:161][  0]LogConfig: Setting CVar [[r.Shadow.PreShadowResolutionFactor:1.0]]
[2019.11.19-20.06.15:161][  0]LogConfig: Setting CVar [[r.DistanceFieldShadowing:1]]
[2019.11.19-20.06.15:163][  0]LogConfig: Setting CVar [[r.DistanceFieldAO:1]]
[2019.11.19-20.06.15:163][  0]LogConfig: Setting CVar [[r.AOQuality:2]]
[2019.11.19-20.06.15:163][  0]LogConfig: Setting CVar [[r.VolumetricFog:1]]
[2019.11.19-20.06.15:163][  0]LogConfig: Setting CVar [[r.VolumetricFog.GridPixelSize:8]]
[2019.11.19-20.06.15:163][  0]LogConfig: Setting CVar [[r.VolumetricFog.GridSizeZ:128]]
[2019.11.19-20.06.15:163][  0]LogConfig: Setting CVar [[r.VolumetricFog.HistoryMissSupersampleCount:4]]
[2019.11.19-20.06.15:164][  0]LogConfig: Setting CVar [[r.LightMaxDrawDistanceScale:1]]
[2019.11.19-20.06.15:164][  0]LogConfig: Setting CVar [[r.CapsuleShadows:1]]
[2019.11.19-20.06.15:165][  0]LogConfig: Applying CVar settings from Section [PostProcessQuality@3] File [C:/Users/Angel/Documents/Unreal Projects/AD_samplegame_UE4/sidescrolling_action/Saved/Config/Windows/Scalability.ini]
[2019.11.19-20.06.15:165][  0]LogConfig: Setting CVar [[r.MotionBlurQuality:4]]
[2019.11.19-20.06.15:165][  0]LogConfig: Setting CVar [[r.AmbientOcclusionMipLevelFactor:0.4]]
[2019.11.19-20.06.15:166][  0]LogConfig: Setting CVar [[r.AmbientOcclusionMaxQuality:100]]
[2019.11.19-20.06.15:166][  0]LogConfig: Setting CVar [[r.AmbientOcclusionLevels:-1]]
[2019.11.19-20.06.15:166][  0]LogConfig: Setting CVar [[r.AmbientOcclusionRadiusScale:1.0]]
[2019.11.19-20.06.15:166][  0]LogConfig: Setting CVar [[r.DepthOfFieldQuality:2]]
[2019.11.19-20.06.15:166][  0]LogConfig: Setting CVar [[r.RenderTargetPoolMin:400]]
[2019.11.19-20.06.15:166][  0]LogConfig: Setting CVar [[r.LensFlareQuality:2]]
[2019.11.19-20.06.15:166][  0]LogConfig: Setting CVar [[r.SceneColorFringeQuality:1]]
[2019.11.19-20.06.15:166][  0]LogConfig: Setting CVar [[r.EyeAdaptationQuality:2]]
[2019.11.19-20.06.15:166][  0]LogConfig: Setting CVar [[r.BloomQuality:5]]
[2019.11.19-20.06.15:166][  0]LogConfig: Setting CVar [[r.FastBlurThreshold:100]]
[2019.11.19-20.06.15:166][  0]LogConfig: Setting CVar [[r.Upscale.Quality:3]]
[2019.11.19-20.06.15:166][  0]LogConfig: Setting CVar [[r.Tonemapper.GrainQuantization:1]]
[2019.11.19-20.06.15:166][  0]LogConfig: Setting CVar [[r.LightShaftQuality:1]]
[2019.11.19-20.06.15:166][  0]LogConfig: Setting CVar [[r.Filter.SizeScale:1]]
[2019.11.19-20.06.15:166][  0]LogConfig: Setting CVar [[r.Tonemapper.Quality:5]]
[2019.11.19-20.06.15:166][  0]LogConfig: Setting CVar [[r.DOF.Gather.AccumulatorQuality:1        ; higher gathering accumulator quality]]
[2019.11.19-20.06.15:166][  0]LogConfig: Setting CVar [[r.DOF.Gather.PostfilterMethod:1          ; Median3x3 postfilering method]]
[2019.11.19-20.06.15:167][  0]LogConfig: Setting CVar [[r.DOF.Gather.EnableBokehSettings:0       ; no bokeh simulation when gathering]]
[2019.11.19-20.06.15:167][  0]LogConfig: Setting CVar [[r.DOF.Gather.RingCount:4                 ; medium number of samples when gathering]]
[2019.11.19-20.06.15:167][  0]LogConfig: Setting CVar [[r.DOF.Scatter.ForegroundCompositing:1    ; additive foreground scattering]]
[2019.11.19-20.06.15:167][  0]LogConfig: Setting CVar [[r.DOF.Scatter.BackgroundCompositing:2    ; additive background scattering]]
[2019.11.19-20.06.15:167][  0]LogConfig: Setting CVar [[r.DOF.Scatter.EnableBokehSettings:1      ; bokeh simulation when scattering]]
[2019.11.19-20.06.15:167][  0]LogConfig: Setting CVar [[r.DOF.Scatter.MaxSpriteRatio:0.1         ; only a maximum of 10% of scattered bokeh]]
[2019.11.19-20.06.15:167][  0]LogConfig: Setting CVar [[r.DOF.Recombine.Quality:1                ; cheap slight out of focus]]
[2019.11.19-20.06.15:167][  0]LogConfig: Setting CVar [[r.DOF.Recombine.EnableBokehSettings:0    ; no bokeh simulation on slight out of focus]]
[2019.11.19-20.06.15:167][  0]LogConfig: Setting CVar [[r.DOF.TemporalAAQuality:1                ; more stable temporal accumulation]]
[2019.11.19-20.06.15:167][  0]LogConfig: Setting CVar [[r.DOF.Kernel.MaxForegroundRadius:0.025]]
[2019.11.19-20.06.15:167][  0]LogConfig: Setting CVar [[r.DOF.Kernel.MaxBackgroundRadius:0.025]]
[2019.11.19-20.06.15:167][  0]LogConfig: Applying CVar settings from Section [TextureQuality@3] File [C:/Users/Angel/Documents/Unreal Projects/AD_samplegame_UE4/sidescrolling_action/Saved/Config/Windows/Scalability.ini]
[2019.11.19-20.06.15:169][  0]LogConfig: Setting CVar [[r.Streaming.MipBias:0]]
[2019.11.19-20.06.15:170][  0]LogConfig: Setting CVar [[r.Streaming.AmortizeCPUToGPUCopy:0]]
[2019.11.19-20.06.15:170][  0]LogConfig: Setting CVar [[r.Streaming.MaxNumTexturesToStreamPerFrame:0]]
[2019.11.19-20.06.15:170][  0]LogConfig: Setting CVar [[r.Streaming.Boost:1]]
[2019.11.19-20.06.15:170][  0]LogConfig: Setting CVar [[r.MaxAnisotropy:8]]
[2019.11.19-20.06.15:171][  0]LogConfig: Setting CVar [[r.Streaming.LimitPoolSizeToVRAM:0]]
[2019.11.19-20.06.15:171][  0]LogConfig: Setting CVar [[r.Streaming.PoolSize:1000]]
[2019.11.19-20.06.15:171][  0]LogConfig: Setting CVar [[r.Streaming.MaxEffectiveScreenSize:0]]
[2019.11.19-20.06.15:172][  0]LogConfig: Applying CVar settings from Section [EffectsQuality@3] File [C:/Users/Angel/Documents/Unreal Projects/AD_samplegame_UE4/sidescrolling_action/Saved/Config/Windows/Scalability.ini]
[2019.11.19-20.06.15:172][  0]LogConfig: Setting CVar [[r.TranslucencyLightingVolumeDim:64]]
[2019.11.19-20.06.15:172][  0]LogConfig: Setting CVar [[r.RefractionQuality:2]]
[2019.11.19-20.06.15:172][  0]LogConfig: Setting CVar [[r.SSR.Quality:3]]
[2019.11.19-20.06.15:172][  0]LogConfig: Setting CVar [[r.SceneColorFormat:4]]
[2019.11.19-20.06.15:172][  0]LogConfig: Setting CVar [[r.DetailMode:2]]
[2019.11.19-20.06.15:172][  0]LogConfig: Setting CVar [[r.TranslucencyVolumeBlur:1]]
[2019.11.19-20.06.15:172][  0]LogConfig: Setting CVar [[r.MaterialQualityLevel:1 ; High quality]]
[2019.11.19-20.06.15:172][  0]LogConfig: Setting CVar [[r.SSS.Scale:1]]
[2019.11.19-20.06.15:172][  0]LogConfig: Setting CVar [[r.SSS.SampleSet:2]]
[2019.11.19-20.06.15:172][  0]LogConfig: Setting CVar [[r.SSS.Quality:1]]
[2019.11.19-20.06.15:172][  0]LogConfig: Setting CVar [[r.SSS.HalfRes:1]]
[2019.11.19-20.06.15:172][  0]LogConfig: Setting CVar [[r.EmitterSpawnRateScale:1.0]]
[2019.11.19-20.06.15:172][  0]LogConfig: Setting CVar [[r.ParticleLightQuality:2]]
[2019.11.19-20.06.15:172][  0]LogConfig: Applying CVar settings from Section [FoliageQuality@3] File [C:/Users/Angel/Documents/Unreal Projects/AD_samplegame_UE4/sidescrolling_action/Saved/Config/Windows/Scalability.ini]
[2019.11.19-20.06.15:172][  0]LogConfig: Setting CVar [[foliage.DensityScale:1.0]]
[2019.11.19-20.06.15:172][  0]LogConfig: Setting CVar [[grass.DensityScale:1.0]]
[2019.11.19-20.06.15:173][  0]LogInit: Selected Device Profile: [Windows]
[2019.11.19-20.06.15:173][  0]LogInit: Applying CVar settings loaded from the selected device profile: [Windows]
[2019.11.19-20.06.15:190][  0]LogHAL: Display: Platform has ~ 12 GB [12762415104 / 17179869184 / 12], which maps to Larger [LargestMinGB=32, LargerMinGB=12, DefaultMinGB=8, SmallerMinGB=6, SmallestMinGB=0)
[2019.11.19-20.06.15:190][  0]LogConfig: Setting CVar [[r.Vulkan.UseRealUBs:0		; Required until we fix HLR fall-out]]
[2019.11.19-20.06.15:190][  0]LogInit: Going up to parent DeviceProfile []
[2019.11.19-20.06.15:190][  0]LogConfig: Applying CVar settings from Section [ViewDistanceQuality@3] File [C:/Users/Angel/Documents/Unreal Projects/AD_samplegame_UE4/sidescrolling_action/Saved/Config/Windows/Scalability.ini]
[2019.11.19-20.06.15:190][  0]LogConfig: Setting CVar [[r.SkeletalMeshLODBias:0]]
[2019.11.19-20.06.15:190][  0]LogConfig: Setting CVar [[r.ViewDistanceScale:1.0]]
[2019.11.19-20.06.15:190][  0]LogConfig: Applying CVar settings from Section [AntiAliasingQuality@3] File [C:/Users/Angel/Documents/Unreal Projects/AD_samplegame_UE4/sidescrolling_action/Saved/Config/Windows/Scalability.ini]
[2019.11.19-20.06.15:190][  0]LogConfig: Setting CVar [[r.PostProcessAAQuality:4]]
[2019.11.19-20.06.15:190][  0]LogConfig: Applying CVar settings from Section [ShadowQuality@3] File [C:/Users/Angel/Documents/Unreal Projects/AD_samplegame_UE4/sidescrolling_action/Saved/Config/Windows/Scalability.ini]
[2019.11.19-20.06.15:190][  0]LogConfig: Setting CVar [[r.LightFunctionQuality:1]]
[2019.11.19-20.06.15:190][  0]LogConfig: Setting CVar [[r.ShadowQuality:5]]
[2019.11.19-20.06.15:190][  0]LogConfig: Setting CVar [[r.Shadow.CSM.MaxCascades:10]]
[2019.11.19-20.06.15:190][  0]LogConfig: Setting CVar [[r.Shadow.MaxResolution:2048]]
[2019.11.19-20.06.15:191][  0]LogConfig: Setting CVar [[r.Shadow.MaxCSMResolution:2048]]
[2019.11.19-20.06.15:191][  0]LogConfig: Setting CVar [[r.Shadow.RadiusThreshold:0.01]]
[2019.11.19-20.06.15:191][  0]LogConfig: Setting CVar [[r.Shadow.DistanceScale:1.0]]
[2019.11.19-20.06.15:191][  0]LogConfig: Setting CVar [[r.Shadow.CSM.TransitionScale:1.0]]
[2019.11.19-20.06.15:191][  0]LogConfig: Setting CVar [[r.Shadow.PreShadowResolutionFactor:1.0]]
[2019.11.19-20.06.15:191][  0]LogConfig: Setting CVar [[r.DistanceFieldShadowing:1]]
[2019.11.19-20.06.15:191][  0]LogConfig: Setting CVar [[r.DistanceFieldAO:1]]
[2019.11.19-20.06.15:191][  0]LogConfig: Setting CVar [[r.AOQuality:2]]
[2019.11.19-20.06.15:191][  0]LogConfig: Setting CVar [[r.VolumetricFog:1]]
[2019.11.19-20.06.15:191][  0]LogConfig: Setting CVar [[r.VolumetricFog.GridPixelSize:8]]
[2019.11.19-20.06.15:191][  0]LogConfig: Setting CVar [[r.VolumetricFog.GridSizeZ:128]]
[2019.11.19-20.06.15:191][  0]LogConfig: Setting CVar [[r.VolumetricFog.HistoryMissSupersampleCount:4]]
[2019.11.19-20.06.15:191][  0]LogConfig: Setting CVar [[r.LightMaxDrawDistanceScale:1]]
[2019.11.19-20.06.15:191][  0]LogConfig: Setting CVar [[r.CapsuleShadows:1]]
[2019.11.19-20.06.15:191][  0]LogConfig: Applying CVar settings from Section [PostProcessQuality@3] File [C:/Users/Angel/Documents/Unreal Projects/AD_samplegame_UE4/sidescrolling_action/Saved/Config/Windows/Scalability.ini]
[2019.11.19-20.06.15:191][  0]LogConfig: Setting CVar [[r.MotionBlurQuality:4]]
[2019.11.19-20.06.15:192][  0]LogConfig: Setting CVar [[r.AmbientOcclusionMipLevelFactor:0.4]]
[2019.11.19-20.06.15:192][  0]LogConfig: Setting CVar [[r.AmbientOcclusionMaxQuality:100]]
[2019.11.19-20.06.15:192][  0]LogConfig: Setting CVar [[r.AmbientOcclusionLevels:-1]]
[2019.11.19-20.06.15:192][  0]LogConfig: Setting CVar [[r.AmbientOcclusionRadiusScale:1.0]]
[2019.11.19-20.06.15:192][  0]LogConfig: Setting CVar [[r.DepthOfFieldQuality:2]]
[2019.11.19-20.06.15:192][  0]LogConfig: Setting CVar [[r.RenderTargetPoolMin:400]]
[2019.11.19-20.06.15:192][  0]LogConfig: Setting CVar [[r.LensFlareQuality:2]]
[2019.11.19-20.06.15:192][  0]LogConfig: Setting CVar [[r.SceneColorFringeQuality:1]]
[2019.11.19-20.06.15:192][  0]LogConfig: Setting CVar [[r.EyeAdaptationQuality:2]]
[2019.11.19-20.06.15:192][  0]LogConfig: Setting CVar [[r.BloomQuality:5]]
[2019.11.19-20.06.15:192][  0]LogConfig: Setting CVar [[r.FastBlurThreshold:100]]
[2019.11.19-20.06.15:192][  0]LogConfig: Setting CVar [[r.Upscale.Quality:3]]
[2019.11.19-20.06.15:192][  0]LogConfig: Setting CVar [[r.Tonemapper.GrainQuantization:1]]
[2019.11.19-20.06.15:193][  0]LogConfig: Setting CVar [[r.LightShaftQuality:1]]
[2019.11.19-20.06.15:193][  0]LogConfig: Setting CVar [[r.Filter.SizeScale:1]]
[2019.11.19-20.06.15:193][  0]LogConfig: Setting CVar [[r.Tonemapper.Quality:5]]
[2019.11.19-20.06.15:193][  0]LogConfig: Setting CVar [[r.DOF.Gather.AccumulatorQuality:1        ; higher gathering accumulator quality]]
[2019.11.19-20.06.15:193][  0]LogConfig: Setting CVar [[r.DOF.Gather.PostfilterMethod:1          ; Median3x3 postfilering method]]
[2019.11.19-20.06.15:193][  0]LogConfig: Setting CVar [[r.DOF.Gather.EnableBokehSettings:0       ; no bokeh simulation when gathering]]
[2019.11.19-20.06.15:193][  0]LogConfig: Setting CVar [[r.DOF.Gather.RingCount:4                 ; medium number of samples when gathering]]
[2019.11.19-20.06.15:193][  0]LogConfig: Setting CVar [[r.DOF.Scatter.ForegroundCompositing:1    ; additive foreground scattering]]
[2019.11.19-20.06.15:193][  0]LogConfig: Setting CVar [[r.DOF.Scatter.BackgroundCompositing:2    ; additive background scattering]]
[2019.11.19-20.06.15:193][  0]LogConfig: Setting CVar [[r.DOF.Scatter.EnableBokehSettings:1      ; bokeh simulation when scattering]]
[2019.11.19-20.06.15:194][  0]LogConfig: Setting CVar [[r.DOF.Scatter.MaxSpriteRatio:0.1         ; only a maximum of 10% of scattered bokeh]]
[2019.11.19-20.06.15:194][  0]LogConfig: Setting CVar [[r.DOF.Recombine.Quality:1                ; cheap slight out of focus]]
[2019.11.19-20.06.15:194][  0]LogConfig: Setting CVar [[r.DOF.Recombine.EnableBokehSettings:0    ; no bokeh simulation on slight out of focus]]
[2019.11.19-20.06.15:194][  0]LogConfig: Setting CVar [[r.DOF.TemporalAAQuality:1                ; more stable temporal accumulation]]
[2019.11.19-20.06.15:194][  0]LogConfig: Setting CVar [[r.DOF.Kernel.MaxForegroundRadius:0.025]]
[2019.11.19-20.06.15:194][  0]LogConfig: Setting CVar [[r.DOF.Kernel.MaxBackgroundRadius:0.025]]
[2019.11.19-20.06.15:194][  0]LogConfig: Applying CVar settings from Section [TextureQuality@3] File [C:/Users/Angel/Documents/Unreal Projects/AD_samplegame_UE4/sidescrolling_action/Saved/Config/Windows/Scalability.ini]
[2019.11.19-20.06.15:194][  0]LogConfig: Setting CVar [[r.Streaming.MipBias:0]]
[2019.11.19-20.06.15:195][  0]LogConfig: Setting CVar [[r.Streaming.AmortizeCPUToGPUCopy:0]]
[2019.11.19-20.06.15:198][  0]LogConfig: Setting CVar [[r.Streaming.MaxNumTexturesToStreamPerFrame:0]]
[2019.11.19-20.06.15:198][  0]LogConfig: Setting CVar [[r.Streaming.Boost:1]]
[2019.11.19-20.06.15:198][  0]LogConfig: Setting CVar [[r.MaxAnisotropy:8]]
[2019.11.19-20.06.15:198][  0]LogConfig: Setting CVar [[r.Streaming.LimitPoolSizeToVRAM:0]]
[2019.11.19-20.06.15:198][  0]LogConfig: Setting CVar [[r.Streaming.PoolSize:1000]]
[2019.11.19-20.06.15:198][  0]LogConfig: Setting CVar [[r.Streaming.MaxEffectiveScreenSize:0]]
[2019.11.19-20.06.15:198][  0]LogConfig: Applying CVar settings from Section [EffectsQuality@3] File [C:/Users/Angel/Documents/Unreal Projects/AD_samplegame_UE4/sidescrolling_action/Saved/Config/Windows/Scalability.ini]
[2019.11.19-20.06.15:198][  0]LogConfig: Setting CVar [[r.TranslucencyLightingVolumeDim:64]]
[2019.11.19-20.06.15:198][  0]LogConfig: Setting CVar [[r.RefractionQuality:2]]
[2019.11.19-20.06.15:199][  0]LogConfig: Setting CVar [[r.SSR.Quality:3]]
[2019.11.19-20.06.15:199][  0]LogConfig: Setting CVar [[r.SceneColorFormat:4]]
[2019.11.19-20.06.15:199][  0]LogConfig: Setting CVar [[r.DetailMode:2]]
[2019.11.19-20.06.15:199][  0]LogConfig: Setting CVar [[r.TranslucencyVolumeBlur:1]]
[2019.11.19-20.06.15:199][  0]LogConfig: Setting CVar [[r.MaterialQualityLevel:1 ; High quality]]
[2019.11.19-20.06.15:199][  0]LogConfig: Setting CVar [[r.SSS.Scale:1]]
[2019.11.19-20.06.15:199][  0]LogConfig: Setting CVar [[r.SSS.SampleSet:2]]
[2019.11.19-20.06.15:199][  0]LogConfig: Setting CVar [[r.SSS.Quality:1]]
[2019.11.19-20.06.15:199][  0]LogConfig: Setting CVar [[r.SSS.HalfRes:1]]
[2019.11.19-20.06.15:199][  0]LogConfig: Setting CVar [[r.EmitterSpawnRateScale:1.0]]
[2019.11.19-20.06.15:199][  0]LogConfig: Setting CVar [[r.ParticleLightQuality:2]]
[2019.11.19-20.06.15:199][  0]LogConfig: Applying CVar settings from Section [FoliageQuality@3] File [C:/Users/Angel/Documents/Unreal Projects/AD_samplegame_UE4/sidescrolling_action/Saved/Config/Windows/Scalability.ini]
[2019.11.19-20.06.15:199][  0]LogConfig: Setting CVar [[foliage.DensityScale:1.0]]
[2019.11.19-20.06.15:199][  0]LogConfig: Setting CVar [[grass.DensityScale:1.0]]
[2019.11.19-20.06.15:199][  0]LogConfig: Applying CVar settings from Section [Startup] File [../../../Engine/Config/ConsoleVariables.ini]
[2019.11.19-20.06.15:200][  0]LogConfig: Setting CVar [[net.UseAdaptiveNetUpdateFrequency:0]]
[2019.11.19-20.06.15:200][  0]LogConfig: Setting CVar [[p.chaos.AllowCreatePhysxBodies:1]]
[2019.11.19-20.06.15:200][  0]LogConfig: Applying CVar settings from Section [ConsoleVariables] File [C:/Users/Angel/Documents/Unreal Projects/AD_samplegame_UE4/sidescrolling_action/Saved/Config/Windows/Engine.ini]
[2019.11.19-20.06.15:200][  0]LogInit: Computer: DESKTOP-HMNVS88
[2019.11.19-20.06.15:200][  0]LogInit: User: Angel
[2019.11.19-20.06.15:200][  0]LogInit: CPU Page size=4096, Cores=2
[2019.11.19-20.06.15:200][  0]LogInit: High frequency timer resolution =10.000000 MHz
[2019.11.19-20.06.15:201][  0]LogMemory: Memory total: Physical=11.9GB (12GB approx)
[2019.11.19-20.06.15:201][  0]LogMemory: Platform Memory Stats for Windows
[2019.11.19-20.06.15:201][  0]LogMemory: Process Physical Memory: 96.80 MB used, 96.80 MB peak
[2019.11.19-20.06.15:201][  0]LogMemory: Process Virtual Memory: 83.99 MB used, 83.99 MB peak
[2019.11.19-20.06.15:201][  0]LogMemory: Physical Memory: 8981.13 MB used,  3190.06 MB free, 12171.19 MB total
[2019.11.19-20.06.15:201][  0]LogMemory: Virtual Memory: 4620.96 MB used,  134213104.00 MB free, 134217728.00 MB total
[2019.11.19-20.06.15:370][  0]LogInit: Using OS detected language (en-US).
[2019.11.19-20.06.15:370][  0]LogInit: Using OS detected locale (en-US).
[2019.11.19-20.06.15:372][  0]LogTextLocalizationManager: No specific localization for 'en-US' exists, so the 'en' localization will be used.
[2019.11.19-20.06.15:653][  0]LogInit: Setting process to per monitor DPI aware
[2019.11.19-20.06.15:746][  0]LogSlate: New Slate User Created.  User Index 0, Is Virtual User: 0
[2019.11.19-20.06.15:747][  0]LogSlate: Slate User Registered.  User Index 0, Is Virtual User: 0
[2019.11.19-20.06.16:037][  0]LogHMD: Failed to initialize OpenVR with code 110
[2019.11.19-20.06.16:037][  0]LogD3D11RHI: D3D11 adapters:
[2019.11.19-20.06.16:068][  0]LogD3D11RHI:    0. 'Intel(R) HD Graphics 620' (Feature Level 11_0)
[2019.11.19-20.06.16:068][  0]LogD3D11RHI:       128/0/6085 MB DedicatedVideo/DedicatedSystem/SharedSystem, Outputs:1, VendorId:0x8086
[2019.11.19-20.06.16:075][  0]LogD3D11RHI:    1. 'Microsoft Basic Render Driver' (Feature Level 11_0)
[2019.11.19-20.06.16:076][  0]LogD3D11RHI:       0/0/6085 MB DedicatedVideo/DedicatedSystem/SharedSystem, Outputs:0, VendorId:0x1414
[2019.11.19-20.06.16:076][  0]LogD3D11RHI: Chosen D3D11 Adapter: 0
[2019.11.19-20.06.16:085][  0]LogD3D11RHI: Creating new Direct3DDevice
[2019.11.19-20.06.16:085][  0]LogD3D11RHI:     GPU DeviceId: 0x5916 (for the marketing name, search the web for "GPU Device Id")
[2019.11.19-20.06.16:085][  0]LogWindows: EnumDisplayDevices:
[2019.11.19-20.06.16:085][  0]LogWindows:    0. 'Intel(R) HD Graphics 620' (P:1 D:1)
[2019.11.19-20.06.16:086][  0]LogWindows:    1. 'Intel(R) HD Graphics 620' (P:0 D:0)
[2019.11.19-20.06.16:086][  0]LogWindows:    2. 'Intel(R) HD Graphics 620' (P:0 D:0)
[2019.11.19-20.06.16:087][  0]LogWindows: DebugString: FoundDriverCount:3 
[2019.11.19-20.06.16:087][  0]LogD3D11RHI:     Adapter Name: Intel(R) HD Graphics 620
[2019.11.19-20.06.16:087][  0]LogD3D11RHI:   Driver Version: 21.20.16.4550 (internal:21.20.16.4550, unified:21.20.16.4550)
[2019.11.19-20.06.16:087][  0]LogD3D11RHI:      Driver Date: 11-11-2016
[2019.11.19-20.06.16:087][  0]LogRHI: Texture pool is 1523 MB (70% of 2176 MB)
[2019.11.19-20.06.16:098][  0]LogD3D11RHI: Async texture creation enabled
[2019.11.19-20.06.16:103][  0]LogRendererCore: FGlobalReadBuffer::InitRHI
[2019.11.19-20.06.16:104][  0]LogRendererCore: FGlobalReadBuffer::InitRHI
[2019.11.19-20.06.16:104][  0]LogRendererCore: FGlobalReadBuffer::InitRHI
[2019.11.19-20.06.16:107][  0]LogD3D11RHI: GPU Timing Frequency: 12.000000 (Debug: 2 0)
[2019.11.19-20.06.16:520][  0]LogTemp: Display: Module 'AllDesktopTargetPlatform' loaded TargetPlatform 'AllDesktop'
[2019.11.19-20.06.16:547][  0]LogTemp: Display: Module 'MacClientTargetPlatform' loaded TargetPlatform 'MacClient'
[2019.11.19-20.06.16:576][  0]LogTemp: Display: Module 'MacNoEditorTargetPlatform' loaded TargetPlatform 'MacNoEditor'
[2019.11.19-20.06.16:607][  0]LogTemp: Display: Module 'MacServerTargetPlatform' loaded TargetPlatform 'MacServer'
[2019.11.19-20.06.16:639][  0]LogTemp: Display: Module 'MacTargetPlatform' loaded TargetPlatform 'Mac'
[2019.11.19-20.06.16:674][  0]LogTemp: Display: Module 'WindowsClientTargetPlatform' loaded TargetPlatform 'WindowsClient'
[2019.11.19-20.06.16:704][  0]LogTemp: Display: Module 'WindowsNoEditorTargetPlatform' loaded TargetPlatform 'WindowsNoEditor'
[2019.11.19-20.06.16:733][  0]LogTemp: Display: Module 'WindowsServerTargetPlatform' loaded TargetPlatform 'WindowsServer'
[2019.11.19-20.06.16:748][  0]LogTemp: Display: Module 'WindowsTargetPlatform' loaded TargetPlatform 'Windows'
[2019.11.19-20.06.16:899][  0]LogTemp: Display: Module 'AndroidTargetPlatform' loaded TargetPlatform 'Android'
[2019.11.19-20.06.16:899][  0]LogTemp: Display: Module 'AndroidTargetPlatform' loaded TargetPlatform 'Android_ASTC'
[2019.11.19-20.06.16:900][  0]LogTemp: Display: Module 'AndroidTargetPlatform' loaded TargetPlatform 'Android_ATC'
[2019.11.19-20.06.16:900][  0]LogTemp: Display: Module 'AndroidTargetPlatform' loaded TargetPlatform 'Android_DXT'
[2019.11.19-20.06.16:900][  0]LogTemp: Display: Module 'AndroidTargetPlatform' loaded TargetPlatform 'Android_ETC1'
[2019.11.19-20.06.16:900][  0]LogTemp: Display: Module 'AndroidTargetPlatform' loaded TargetPlatform 'Android_ETC1a'
[2019.11.19-20.06.16:900][  0]LogTemp: Display: Module 'AndroidTargetPlatform' loaded TargetPlatform 'Android_ETC2'
[2019.11.19-20.06.16:900][  0]LogTemp: Display: Module 'AndroidTargetPlatform' loaded TargetPlatform 'Android_PVRTC'
[2019.11.19-20.06.16:900][  0]LogTemp: Display: Module 'AndroidTargetPlatform' loaded TargetPlatform 'AndroidClient'
[2019.11.19-20.06.16:900][  0]LogTemp: Display: Module 'AndroidTargetPlatform' loaded TargetPlatform 'Android_ASTCClient'
[2019.11.19-20.06.16:900][  0]LogTemp: Display: Module 'AndroidTargetPlatform' loaded TargetPlatform 'Android_ATCClient'
[2019.11.19-20.06.16:900][  0]LogTemp: Display: Module 'AndroidTargetPlatform' loaded TargetPlatform 'Android_DXTClient'
[2019.11.19-20.06.16:900][  0]LogTemp: Display: Module 'AndroidTargetPlatform' loaded TargetPlatform 'Android_ETC1Client'
[2019.11.19-20.06.16:900][  0]LogTemp: Display: Module 'AndroidTargetPlatform' loaded TargetPlatform 'Android_ETC1aClient'
[2019.11.19-20.06.16:900][  0]LogTemp: Display: Module 'AndroidTargetPlatform' loaded TargetPlatform 'Android_ETC2Client'
[2019.11.19-20.06.16:900][  0]LogTemp: Display: Module 'AndroidTargetPlatform' loaded TargetPlatform 'Android_PVRTCClient'
[2019.11.19-20.06.16:900][  0]LogTemp: Display: Module 'AndroidTargetPlatform' loaded TargetPlatform 'Android_Multi'
[2019.11.19-20.06.16:901][  0]LogTemp: Display: Module 'AndroidTargetPlatform' loaded TargetPlatform 'Android_MultiClient'
[2019.11.19-20.06.17:085][  0]LogTemp: Display: Module 'HTML5TargetPlatform' loaded TargetPlatform 'HTML5'
[2019.11.19-20.06.17:162][  0]LogTemp: Display: Module 'IOSTargetPlatform' loaded TargetPlatform 'IOSClient'
[2019.11.19-20.06.17:163][  0]LogTemp: Display: Module 'IOSTargetPlatform' loaded TargetPlatform 'IOS'
[2019.11.19-20.06.17:201][  0]LogTemp: Display: Module 'TVOSTargetPlatform' loaded TargetPlatform 'TVOSClient'
[2019.11.19-20.06.17:201][  0]LogTemp: Display: Module 'TVOSTargetPlatform' loaded TargetPlatform 'TVOS'
[2019.11.19-20.06.17:219][  0]LogTemp: Display: Module 'LinuxClientTargetPlatform' loaded TargetPlatform 'LinuxClient'
[2019.11.19-20.06.17:238][  0]LogTemp: Display: Module 'LinuxNoEditorTargetPlatform' loaded TargetPlatform 'LinuxNoEditor'
[2019.11.19-20.06.17:263][  0]LogTemp: Display: Module 'LinuxServerTargetPlatform' loaded TargetPlatform 'LinuxServer'
[2019.11.19-20.06.17:288][  0]LogTemp: Display: Module 'LinuxTargetPlatform' loaded TargetPlatform 'Linux'
[2019.11.19-20.06.17:346][  0]LogTemp: Display: Module 'LuminTargetPlatform' loaded TargetPlatform 'Lumin'
[2019.11.19-20.06.17:346][  0]LogTemp: Display: Module 'LuminTargetPlatform' loaded TargetPlatform 'LuminClient'
[2019.11.19-20.06.17:346][  0]LogTargetPlatformManager: Display: Building Assets For Windows
[2019.11.19-20.06.17:374][  0]LogAudioDebug: Display: Lib vorbis DLL was dynamically loaded.
[2019.11.19-20.06.17:546][  0]LogShaderCompilers: Guid format shader working directory is -48 characters bigger than the processId version (../../../../../../Users/Angel/Documents/Unreal Projects/AD_samplegame_UE4/sidescrolling_action/Intermediate/Shaders/WorkingDirectory/2604/).
[2019.11.19-20.06.17:546][  0]LogShaderCompilers: Cleaned the shader compiler working directory 'C:/Users/Angel/AppData/Local/Temp/UnrealShaderWorkingDir/79D1CD0245D06431AC1CC19BD756FA4F/'.
[2019.11.19-20.06.17:550][  0]LogXGEController: Cleaning working directory: C:/Users/Angel/AppData/Local/Temp/UnrealXGEWorkingDir/
[2019.11.19-20.06.17:551][  0]LogXGEController: Cannot use XGE Controller as Incredibuild is not installed on this machine.
[2019.11.19-20.06.17:551][  0]LogShaderCompilers: Cannot use XGE Shader Compiler as Incredibuild is not installed on this machine.
[2019.11.19-20.06.17:551][  0]LogShaderCompilers: Display: Using Local Shader Compiler.
[2019.11.19-20.06.18:288][  0]LogDerivedDataCache: Display: Max Cache Size: 512 MB
[2019.11.19-20.06.18:357][  0]LogDerivedDataCache: Loaded boot cache 0.07s 75MB C:/Users/Angel/AppData/Local/UnrealEngine/4.22/DerivedDataCache/Boot.ddc.
[2019.11.19-20.06.18:357][  0]LogDerivedDataCache: Display: Loaded Boot cache: C:/Users/Angel/AppData/Local/UnrealEngine/4.22/DerivedDataCache/Boot.ddc
[2019.11.19-20.06.18:358][  0]LogDerivedDataCache: FDerivedDataBackendGraph:  Pak pak cache file ../../../../../../Users/Angel/Documents/Unreal Projects/AD_samplegame_UE4/sidescrolling_action/DerivedDataCache/DDC.ddp not found, will not use a pak cache.
[2019.11.19-20.06.18:358][  0]LogDerivedDataCache: Unable to find inner node Pak for hierarchical cache Hierarchy.
[2019.11.19-20.06.18:358][  0]LogDerivedDataCache: FDerivedDataBackendGraph:  CompressedPak pak cache file ../../../../../../Users/Angel/Documents/Unreal Projects/AD_samplegame_UE4/sidescrolling_action/DerivedDataCache/Compressed.ddp not found, will not use a pak cache.
[2019.11.19-20.06.18:358][  0]LogDerivedDataCache: Unable to find inner node CompressedPak for hierarchical cache Hierarchy.
[2019.11.19-20.06.18:373][  0]LogDerivedDataCache: Display: Pak cache opened for reading ../../../Engine/DerivedDataCache/Compressed.ddp.
[2019.11.19-20.06.18:373][  0]LogDerivedDataCache: FDerivedDataBackendGraph:  EnterprisePak pak cache file ../../../Enterprise/DerivedDataCache/Compressed.ddp not found, will not use a pak cache.
[2019.11.19-20.06.18:373][  0]LogDerivedDataCache: Unable to find inner node EnterprisePak for hierarchical cache Hierarchy.
[2019.11.19-20.06.18:388][  0]LogDerivedDataCache: Using Local data cache path C:/Users/Angel/AppData/Local/UnrealEngine/Common/DerivedDataCache: Writable
[2019.11.19-20.06.18:388][  0]LogDerivedDataCache: Shared data cache path not found in *engine.ini, will not use an Shared cache.
[2019.11.19-20.06.18:389][  0]LogDerivedDataCache: Unable to find inner node Shared for hierarchical cache Hierarchy.
[2019.11.19-20.06.18:431][  0]LogMaterial: Verifying Global Shaders for PCD3D_SM5
[2019.11.19-20.06.18:432][  0]LogSlate: Using FreeType 2.6.0
[2019.11.19-20.06.18:433][  0]LogSlate: SlateFontServices - WITH_FREETYPE: 1, WITH_HARFBUZZ: 1
[2019.11.19-20.06.18:534][  0]LogAssetRegistry: FAssetRegistry took 0.0420 seconds to start up
[2019.11.19-20.06.19:001][  0]LogInit: Selected Device Profile: [Windows]
[2019.11.19-20.06.19:104][  0]LogMeshReduction: Using QuadricMeshReduction for automatic static mesh reduction
[2019.11.19-20.06.19:104][  0]LogMeshReduction: Using SimplygonMeshReduction for automatic skeletal mesh reduction
[2019.11.19-20.06.19:104][  0]LogMeshReduction: Using ProxyLODMeshReduction for automatic mesh merging
[2019.11.19-20.06.19:104][  0]LogMeshReduction: No distributed automatic mesh merging module available
[2019.11.19-20.06.19:104][  0]LogMeshMerging: No distributed automatic mesh merging module available
[2019.11.19-20.06.19:233][  0]LogNetVersion: sidescrolling_action 1.0.0, NetCL: 5660361, EngineNetVer: 10, GameNetVer: 0 (Checksum: 171901508)
[2019.11.19-20.06.19:741][  0]LogPackageLocalizationCache: Processed 10 localized package path(s) for 1 prioritized culture(s) in 0.054300 seconds
[2019.11.19-20.06.19:750][  0]LogUObjectArray: 42205 objects as part of root set at end of initial load.
[2019.11.19-20.06.19:750][  0]LogUObjectAllocator: 7325032 out of 0 bytes used by permanent object pool.
[2019.11.19-20.06.19:750][  0]LogUObjectArray: CloseDisregardForGC: 0/0 objects in disregard for GC pool
[2019.11.19-20.06.21:095][  0]LogTcpMessaging: Initializing TcpMessaging bridge
[2019.11.19-20.06.21:116][  0]LogUdpMessaging: Initializing bridge on interface 0.0.0.0:0 to multicast group 230.0.0.1:6666.
[2019.11.19-20.06.21:503][  0]SourceControl: Source control is disabled
[2019.11.19-20.06.21:503][  0]SourceControl: Source control is disabled
[2019.11.19-20.06.21:507][  0]SourceControl: Source control is disabled
[2019.11.19-20.06.21:513][  0]SourceControl: Source control is disabled
[2019.11.19-20.06.21:755][  0]LogAndroidPermission: UAndroidPermissionCallbackProxy::GetInstance
[2019.11.19-20.06.22:058][  0]LogOcInput: OculusInput pre-init called
[2019.11.19-20.06.22:949][  0]LogEngine: Initializing Engine...
[2019.11.19-20.06.22:950][  0]LogHMD: Failed to initialize OpenVR with code 110
[2019.11.19-20.06.22:951][  0]LogStats: UGameplayTagsManager::InitializeManager -  0.000 s
[2019.11.19-20.06.23:212][  0]LogInit: Initializing FReadOnlyCVARCache
[2019.11.19-20.06.23:237][  0]LogAIModule: Creating AISystem for world Untitled
[2019.11.19-20.06.23:281][  0]LogInit: XAudio2 using 'Headset Earphone (Plantronics BT600)' : 2 channels at 48 kHz using 16 bits per sample (channel mask 0x3)
[2019.11.19-20.06.23:434][  0]LogInit: FAudioDevice initialized.
[2019.11.19-20.06.23:435][  0]LogNetVersion: Set ProjectVersion to 1.0.0.0. Version Checksum will be recalculated on next use.
[2019.11.19-20.06.23:643][  0]LogDerivedDataCache: Saved boot cache 0.21s 75MB C:/Users/Angel/AppData/Local/UnrealEngine/4.22/DerivedDataCache/Boot.ddc.
[2019.11.19-20.06.23:656][  0]LogInit: Texture streaming: Enabled
[2019.11.19-20.06.23:695][  0]LogEngineSessionManager: EngineSessionManager initialized
[2019.11.19-20.06.23:695][  0]LogEngineSessionManager: EngineSessionManager sent abnormal shutdown report. Type=Debugger, SessionId={D5A6477C-422C-8753-3CAF-DD8666F51B69}
[2019.11.19-20.06.23:696][  0]LogEngineSessionManager: EngineSessionManager sent abnormal shutdown report. Type=Debugger, SessionId={9B57F922-4EE0-D122-E16D-C5AC39420FD0}
[2019.11.19-20.06.23:735][  0]LogInit: Transaction tracking system initialized
[2019.11.19-20.06.23:794][  0]BlueprintLog: New page: Editor Load
[2019.11.19-20.06.24:002][  0]LocalizationService: Localization service is disabled
[2019.11.19-20.06.24:531][  0]LogFileCache: Scanning file cache for directory 'C:/Users/Angel/Documents/Unreal Projects/AD_samplegame_UE4/sidescrolling_action/Content/' took 0.02s
[2019.11.19-20.06.24:531][  0]LogCook: Display: Max memory allowance for cook 16384mb min free memory 0mb
[2019.11.19-20.06.24:531][  0]LogCook: Display: Mobile HDR setting 1
[2019.11.19-20.06.24:953][  0]SourceControl: Source control is disabled
[2019.11.19-20.06.24:953][  0]LightingResults: New page: Lighting Build
[2019.11.19-20.06.24:958][  0]MapCheck: New page: Map Check
[2019.11.19-20.06.24:958][  0]LightingResults: New page: Lighting Build
[2019.11.19-20.06.24:991][  0]LogUObjectHash: Compacting FUObjectHashTables data took   2.95ms
[2019.11.19-20.06.25:107][  0]LogAIModule: Creating AISystem for world SideScrollerExampleMap
[2019.11.19-20.06.25:116][  0]LogEditorServer: Finished looking for orphan Actors (0.000 secs)
[2019.11.19-20.06.25:191][  0]LogUObjectHash: Compacting FUObjectHashTables data took   3.13ms
[2019.11.19-20.06.25:192][  0]Cmd: MAP CHECKDEP NOCLEARLOG
[2019.11.19-20.06.25:195][  0]MapCheck: Map check complete: 0 Error(s), 0 Warning(s), took 3.629ms to complete.
[2019.11.19-20.06.25:196][  0]LogFileHelpers: Loading map 'SideScrollerExampleMap' took 0.243
[2019.11.19-20.06.25:367][  0]LogSlate: Updating window title bar state: overlay mode, drag disabled, window buttons hidden, title bar hidden
[2019.11.19-20.06.25:376][  0]LogSlate: Updating window title bar state: overlay mode, drag disabled, window buttons hidden, title bar hidden
[2019.11.19-20.06.25:386][  0]LogSlate: Updating window title bar state: overlay mode, drag disabled, window buttons hidden, title bar hidden
[2019.11.19-20.06.25:396][  0]LogSlate: Updating window title bar state: overlay mode, drag disabled, window buttons hidden, title bar hidden
[2019.11.19-20.06.25:406][  0]LogCollectionManager: Loaded 0 collections in 0.002970 seconds
[2019.11.19-20.06.25:439][  0]LogFileCache: Scanning file cache for directory 'C:/Users/Angel/Documents/Unreal Projects/AD_samplegame_UE4/sidescrolling_action/Saved/Collections/' took 0.02s
[2019.11.19-20.06.25:439][  0]LogFileCache: Scanning file cache for directory 'C:/Users/Angel/Documents/Unreal Projects/AD_samplegame_UE4/sidescrolling_action/Content/Developers/Angel/Collections/' took 0.00s
[2019.11.19-20.06.25:439][  0]LogFileCache: Scanning file cache for directory 'C:/Users/Angel/Documents/Unreal Projects/AD_samplegame_UE4/sidescrolling_action/Content/Collections/' took 0.00s
[2019.11.19-20.06.25:439][  0]LogCollectionManager: Rebuilt the GUID cache for 0 collections in 0.000001 seconds
[2019.11.19-20.06.25:462][  0]LogContentBrowser: Native class hierarchy populated in 0.0218 seconds. Added 2734 classes and 661 folders.
[2019.11.19-20.06.25:475][  0]LogContentBrowser: Native class hierarchy updated for 'WidgetCarousel' in 0.0005 seconds. Added 0 classes and 0 folders.
[2019.11.19-20.06.25:478][  0]LogPakFile: Registered encryption key '00000000000000000000000000000000': 0 pak files mounted, 0 remain pending
[2019.11.19-20.06.25:480][  0]LogPakFile: Registered encryption key '00000000000000000000000000000000': 0 pak files mounted, 0 remain pending
[2019.11.19-20.06.25:481][  0]LogPakFile: Registered encryption key '00000000000000000000000000000000': 0 pak files mounted, 0 remain pending
[2019.11.19-20.06.25:482][  0]LogPakFile: Registered encryption key '00000000000000000000000000000000': 0 pak files mounted, 0 remain pending
[2019.11.19-20.06.25:482][  0]LogPakFile: Registered encryption key '00000000000000000000000000000000': 0 pak files mounted, 0 remain pending
[2019.11.19-20.06.25:484][  0]LogPakFile: Registered encryption key '00000000000000000000000000000000': 0 pak files mounted, 0 remain pending
[2019.11.19-20.06.25:485][  0]LogPakFile: Registered encryption key '00000000000000000000000000000000': 0 pak files mounted, 0 remain pending
[2019.11.19-20.06.25:485][  0]LogPakFile: Registered encryption key '00000000000000000000000000000000': 0 pak files mounted, 0 remain pending
[2019.11.19-20.06.25:486][  0]LogPakFile: Registered encryption key '00000000000000000000000000000000': 0 pak files mounted, 0 remain pending
[2019.11.19-20.06.25:487][  0]LogPakFile: Registered encryption key '00000000000000000000000000000000': 0 pak files mounted, 0 remain pending
[2019.11.19-20.06.25:488][  0]LogPakFile: Registered encryption key '00000000000000000000000000000000': 0 pak files mounted, 0 remain pending
[2019.11.19-20.06.25:489][  0]LogPakFile: Registered encryption key '00000000000000000000000000000000': 0 pak files mounted, 0 remain pending
[2019.11.19-20.06.25:490][  0]LogPakFile: Registered encryption key '00000000000000000000000000000000': 0 pak files mounted, 0 remain pending
[2019.11.19-20.06.25:491][  0]LogPakFile: Registered encryption key '00000000000000000000000000000000': 0 pak files mounted, 0 remain pending
[2019.11.19-20.06.25:492][  0]LogPakFile: Registered encryption key '00000000000000000000000000000000': 0 pak files mounted, 0 remain pending
[2019.11.19-20.06.25:492][  0]LogPakFile: Registered encryption key '00000000000000000000000000000000': 0 pak files mounted, 0 remain pending
[2019.11.19-20.06.25:494][  0]LogPakFile: Registered encryption key '00000000000000000000000000000000': 0 pak files mounted, 0 remain pending
[2019.11.19-20.06.25:496][  0]LogPakFile: Registered encryption key '00000000000000000000000000000000': 0 pak files mounted, 0 remain pending
[2019.11.19-20.06.25:497][  0]LogPakFile: Registered encryption key '00000000000000000000000000000000': 0 pak files mounted, 0 remain pending
[2019.11.19-20.06.25:498][  0]LogPakFile: Registered encryption key '00000000000000000000000000000000': 0 pak files mounted, 0 remain pending
[2019.11.19-20.06.25:499][  0]LogPakFile: Registered encryption key '00000000000000000000000000000000': 0 pak files mounted, 0 remain pending
[2019.11.19-20.06.25:500][  0]LogPakFile: Registered encryption key '00000000000000000000000000000000': 0 pak files mounted, 0 remain pending
[2019.11.19-20.06.25:501][  0]LogPakFile: Registered encryption key '00000000000000000000000000000000': 0 pak files mounted, 0 remain pending
[2019.11.19-20.06.25:502][  0]LogPakFile: Registered encryption key '00000000000000000000000000000000': 0 pak files mounted, 0 remain pending
[2019.11.19-20.06.25:503][  0]LogPakFile: Registered encryption key '00000000000000000000000000000000': 0 pak files mounted, 0 remain pending
[2019.11.19-20.06.25:504][  0]LogPakFile: Registered encryption key '00000000000000000000000000000000': 0 pak files mounted, 0 remain pending
[2019.11.19-20.06.25:539][  0]LogContentBrowser: Native class hierarchy updated for 'AddContentDialog' in 0.0004 seconds. Added 0 classes and 0 folders.
[2019.11.19-20.06.25:549][  0]LogContentBrowser: Native class hierarchy updated for 'SceneOutliner' in 0.0005 seconds. Added 1 classes and 2 folders.
[2019.11.19-20.06.25:569][  0]LogSlate: Took 0.000258 seconds to synchronously load lazily loaded font '../../../Engine/Content/Slate/Fonts/Roboto-Regular.ttf' (155K)
[2019.11.19-20.06.25:575][  0]LogSlate: Took 0.000248 seconds to synchronously load lazily loaded font '../../../Engine/Content/Slate/Fonts/Roboto-Bold.ttf' (160K)
[2019.11.19-20.06.25:586][  0]LogSlate: Took 0.000178 seconds to synchronously load lazily loaded font '../../../Engine/Content/Editor/Slate/Fonts/FontAwesome.ttf' (139K)
[2019.11.19-20.06.25:673][  0]LogRenderer: Reallocating scene render targets to support 764x368 Format 10 NumSamples 1 (Frame:1).
[2019.11.19-20.06.26:602][  0]LogContentBrowser: Native class hierarchy updated for 'HierarchicalLODOutliner' in 0.0006 seconds. Added 0 classes and 0 folders.
[2019.11.19-20.06.26:603][  0]LogLoad: (Engine Initialization) Total time: 14.07 seconds
[2019.11.19-20.06.26:603][  0]LogLoad: (Engine Initialization) Total Blueprint compile time: 0.00 seconds
[2019.11.19-20.06.26:929][  0]LogAssetRegistry: Asset discovery search completed in 8.4209 seconds
[2019.11.19-20.06.26:936][  0]LogCollectionManager: Rebuilt the object cache for 0 collections in 0.000000 seconds (found 0 objects)
[2019.11.19-20.06.26:936][  0]LogCollectionManager: Fixed up redirectors for 0 collections in 0.000213 seconds (updated 0 objects)
[2019.11.19-20.06.26:938][  0]LogContentStreaming: Texture pool size now 1000 MB
[2019.11.19-20.06.26:974][  0]LogSlate: Took 0.000194 seconds to synchronously load lazily loaded font '../../../Engine/Content/Slate/Fonts/Roboto-Light.ttf' (167K)
[2019.11.19-20.06.30:294][102]LogSlate: FSceneViewport::OnFocusLost() reason 2
[2019.11.19-20.06.31:422][168]LogTemp: Repeating last play command: New Editor Window (PIE)
[2019.11.19-20.06.31:444][168]LogBlueprintUserMessages: Early PlayInEditor Detection: Level '/Game/SideScrollerCPP/Maps/SideScrollerExampleMap.SideScrollerExampleMap:PersistentLevel' has LevelScriptBlueprint '/Game/SideScrollerCPP/Maps/SideScrollerExampleMap.SideScrollerExampleMap:PersistentLevel.SideScrollerExampleMap' with GeneratedClass '/Game/SideScrollerCPP/Maps/SideScrollerExampleMap.SideScrollerExampleMap_C' with ClassGeneratedBy '/Game/SideScrollerCPP/Maps/SideScrollerExampleMap.SideScrollerExampleMap:PersistentLevel.SideScrollerExampleMap'
[2019.11.19-20.06.31:445][168]LogPlayLevel: PlayLevel: No blueprints needed recompiling
[2019.11.19-20.06.31:446][168]PIE: New page: PIE session: SideScrollerExampleMap (Nov 19, 2019, 8:06:31 AM)
[2019.11.19-20.06.31:462][168]LogPlayLevel: Creating play world package: /Game/SideScrollerCPP/Maps/UEDPIE_0_SideScrollerExampleMap
[2019.11.19-20.06.31:483][168]LogPlayLevel: PIE: StaticDuplicateObject took: (0.019986s)
[2019.11.19-20.06.31:483][168]LogAIModule: Creating AISystem for world SideScrollerExampleMap
[2019.11.19-20.06.31:484][168]LogPlayLevel: PIE: World Init took: (0.001012s)
[2019.11.19-20.06.31:484][168]LogPlayLevel: PIE: Created PIE world by copying editor world from /Game/SideScrollerCPP/Maps/SideScrollerExampleMap.SideScrollerExampleMap to /Game/SideScrollerCPP/Maps/UEDPIE_0_SideScrollerExampleMap.SideScrollerExampleMap (0.021701s)
[2019.11.19-20.06.31:514][168]LogUObjectHash: Compacting FUObjectHashTables data took   1.16ms
[2019.11.19-20.06.31:532][168]LogInit: XAudio2 using 'Headset Earphone (Plantronics BT600)' : 2 channels at 48 kHz using 16 bits per sample (channel mask 0x3)
[2019.11.19-20.06.31:547][168]LogInit: FAudioDevice initialized.
[2019.11.19-20.06.31:549][168]LogSlate: FSceneViewport::OnFocusLost() reason 2
[2019.11.19-20.06.31:556][168]LogSlate: Updating window title bar state: overlay mode, drag disabled, window buttons hidden, title bar hidden
[2019.11.19-20.06.31:639][168]LogLoad: Game class is 'sidescrolling_actionGameMode'
[2019.11.19-20.06.31:644][168]LogWorld: Bringing World /Game/SideScrollerCPP/Maps/UEDPIE_0_SideScrollerExampleMap.SideScrollerExampleMap up for play (max tick rate 60) at 2019.11.19-14.06.31
[2019.11.19-20.06.31:647][168]LogWorld: Bringing up level for play took: 0.006331
[2019.11.19-20.06.31:680][168]LogContentBrowser: Native class hierarchy updated for 'MovieSceneCapture' in 0.0022 seconds. Added 20 classes and 0 folders.
[2019.11.19-20.06.31:684][168]PIE: Play in editor start time for /Game/SideScrollerCPP/Maps/UEDPIE_0_SideScrollerExampleMap 0.415
[2019.11.19-20.06.31:685][168]LogBlueprintUserMessages: Late PlayInEditor Detection: Level '/Game/SideScrollerCPP/Maps/SideScrollerExampleMap.SideScrollerExampleMap:PersistentLevel' has LevelScriptBlueprint '/Game/SideScrollerCPP/Maps/SideScrollerExampleMap.SideScrollerExampleMap:PersistentLevel.SideScrollerExampleMap' with GeneratedClass '/Game/SideScrollerCPP/Maps/SideScrollerExampleMap.SideScrollerExampleMap_C' with ClassGeneratedBy '/Game/SideScrollerCPP/Maps/SideScrollerExampleMap.SideScrollerExampleMap:PersistentLevel.SideScrollerExampleMap'
[2019.11.19-20.06.31:846][169]LogRenderer: Reallocating scene render targets to support 844x448 Format 10 NumSamples 1 (Frame:1).
[2019.11.19-20.06.40:465][448]LogBlueprintUserMessages: Early EndPlayMap Detection: Level '/Game/SideScrollerCPP/Maps/SideScrollerExampleMap.SideScrollerExampleMap:PersistentLevel' has LevelScriptBlueprint '/Game/SideScrollerCPP/Maps/SideScrollerExampleMap.SideScrollerExampleMap:PersistentLevel.SideScrollerExampleMap' with GeneratedClass '/Game/SideScrollerCPP/Maps/SideScrollerExampleMap.SideScrollerExampleMap_C' with ClassGeneratedBy '/Game/SideScrollerCPP/Maps/SideScrollerExampleMap.SideScrollerExampleMap:PersistentLevel.SideScrollerExampleMap'
[2019.11.19-20.06.40:466][448]LogSlate: Updating window title bar state: overlay mode, drag disabled, window buttons hidden, title bar hidden
[2019.11.19-20.06.40:500][448]LogSlate: Window 'sidescrolling_action Game Preview Standalone (64-bit/PCD3D_SM5)' being destroyed
[2019.11.19-20.06.40:600][448]LogPlayLevel: Display: Shutting down PIE online subsystems
[2019.11.19-20.06.40:600][448]LogBlueprintUserMessages: Late EndPlayMap Detection: Level '/Game/SideScrollerCPP/Maps/SideScrollerExampleMap.SideScrollerExampleMap:PersistentLevel' has LevelScriptBlueprint '/Game/SideScrollerCPP/Maps/SideScrollerExampleMap.SideScrollerExampleMap:PersistentLevel.SideScrollerExampleMap' with GeneratedClass '/Game/SideScrollerCPP/Maps/SideScrollerExampleMap.SideScrollerExampleMap_C' with ClassGeneratedBy '/Game/SideScrollerCPP/Maps/SideScrollerExampleMap.SideScrollerExampleMap:PersistentLevel.SideScrollerExampleMap'
[2019.11.19-20.06.40:643][448]LogUObjectHash: Compacting FUObjectHashTables data took   1.75ms
[2019.11.19-20.06.40:658][449]LogPlayLevel: Display: Destroying online subsystem :Context_1
